Fitter Finalize Stage Report for top
Fri May  8 23:09:53 2020
Quartus Prime Version 16.0.0 Build 211 04/27/2016 SJ Pro Edition


---------------------
; Table of Contents ;
---------------------
  1. Legal Notice
  2. Fitter HSLP Summary



----------------
; Legal Notice ;
----------------
Copyright (C) 1991-2016 Altera Corporation. All rights reserved.
Your use of Altera Corporation's design tools, logic functions 
and other software and tools, and its AMPP partner logic 
functions, and any output files from any of the foregoing 
(including device programming or simulation files), and any 
associated documentation or information are expressly subject 
to the terms and conditions of the Altera Program License 
Subscription Agreement, the Altera Quartus Prime License Agreement,
the Altera MegaCore Function License Agreement, or other 
applicable license agreement, including, without limitation, 
that your use is for the sole purpose of programming logic 
devices manufactured by Altera and sold by Altera or its 
authorized distributors.  Please refer to the applicable 
agreement for further details.



+----------------------------------------------------------------------------------+
; Fitter HSLP Summary                                                              ;
+--------------------------------------------------------+-----------------+-------+
; Resource                                               ; Usage           ; %     ;
+--------------------------------------------------------+-----------------+-------+
;                                                        ;                 ;       ;
; Programmable power technology high-speed tiles         ; 51 / 18,244     ; < 1 % ;
; Programmable power technology low-power tiles          ; 18,193 / 18,244 ; 100 % ;
;     -- low-power tiles that are used by the design     ; 56 / 18,193     ; < 1 % ;
;     -- unused tiles (low-power)                        ; 18,137 / 18,193 ; 100 % ;
;                                                        ;                 ;       ;
; Programmable power technology high-speed LAB tiles     ; 37 / 13,898     ; < 1 % ;
; Programmable power technology low-power LAB tiles      ; 13,861 / 13,898 ; 100 % ;
;     -- low-power LAB tiles that are used by the design ; 56 / 13,861     ; < 1 % ;
;     -- unused LAB tiles (low-power)                    ; 13,805 / 13,861 ; 100 % ;
;                                                        ;                 ;       ;
+--------------------------------------------------------+-----------------+-------+


