// ----------------------------------------------------------------------------
// LegUp High-Level Synthesis Tool Version 7.5 (http://legupcomputing.com)
// Copyright (c) 2015-2019 LegUp Computing Inc. All Rights Reserved.
// For technical issues, please contact: support@legupcomputing.com
// For general inquiries, please contact: info@legupcomputing.com
// Date: Fri May  8 21:46:25 2020
// ----------------------------------------------------------------------------
Target FPGA: INTEL Arria10
Clock period constraint: 5.000000e+00ns
Start Function: main
state: LEGUP_0, basic block: LEGUP_0
   Transition: if (start): LEGUP_F_main_BB_entry_1 default: LEGUP_0
state: LEGUP_F_main_BB_entry_1, basic block: BB_entry
   %dist.i = alloca [36 x i32], align 4, !dbg !83, !MSB !86, !LSB !87, !extendFrom !86 (endState: LEGUP_F_main_BB_entry_1)
   %sptSet.i = alloca [36 x i32], align 4, !dbg !83, !MSB !86, !LSB !87, !extendFrom !86 (endState: LEGUP_F_main_BB_entry_1)
   %parent = alloca [36 x i32], align 4, !MSB !86, !LSB !87, !extendFrom !86 (endState: LEGUP_F_main_BB_entry_1)
   %m1 = alloca [1296 x i32], align 4, !MSB !86, !LSB !87, !extendFrom !86 (endState: LEGUP_F_main_BB_entry_1)
   %indice_e = alloca [36 x i32], align 4, !MSB !86, !LSB !87, !extendFrom !86 (endState: LEGUP_F_main_BB_entry_1)
   %indice_s = alloca [36 x i32], align 4, !MSB !86, !LSB !87, !extendFrom !86 (endState: LEGUP_F_main_BB_entry_1)
   %vla319 = alloca [32 x i32], align 4, !dbg !88, !MSB !86, !LSB !87, !extendFrom !86 (endState: LEGUP_F_main_BB_entry_1)
   %vla1320 = alloca [32 x i32], align 4, !dbg !89, !MSB !86, !LSB !87, !extendFrom !86 (endState: LEGUP_F_main_BB_entry_1)
   %vla1320.sub = getelementptr inbounds [32 x i32]* %vla1320, i32 0, i32 0, !MSB !86, !LSB !87, !extendFrom !86 (endState: LEGUP_F_main_BB_entry_1)
   %vla319.sub = getelementptr inbounds [32 x i32]* %vla319, i32 0, i32 0, !MSB !86, !LSB !87, !extendFrom !86 (endState: LEGUP_F_main_BB_entry_1)
   store i32 26, i32* %vla319.sub, align 4, !dbg !90, !tbaa !91, !MSB !86, !LSB !87, !extendFrom !86 (endState: LEGUP_F_main_BB_entry_2)
   store i32 25, i32* %vla1320.sub, align 4, !dbg !95, !tbaa !91, !MSB !86, !LSB !87, !extendFrom !86 (endState: LEGUP_F_main_BB_entry_2)
   %arrayidx3 = getelementptr inbounds [32 x i32]* %vla319, i32 0, i32 1, !dbg !96, !MSB !86, !LSB !87, !extendFrom !86 (endState: LEGUP_F_main_BB_entry_1)
   store i32 25, i32* %arrayidx3, align 4, !dbg !96, !tbaa !91, !MSB !86, !LSB !87, !extendFrom !86 (endState: LEGUP_F_main_BB_entry_2)
   %arrayidx4 = getelementptr inbounds [32 x i32]* %vla1320, i32 0, i32 1, !dbg !97, !MSB !86, !LSB !87, !extendFrom !86 (endState: LEGUP_F_main_BB_entry_1)
   store i32 24, i32* %arrayidx4, align 4, !dbg !97, !tbaa !91, !MSB !86, !LSB !87, !extendFrom !86 (endState: LEGUP_F_main_BB_entry_2)
   %arrayidx5 = getelementptr inbounds [32 x i32]* %vla319, i32 0, i32 2, !dbg !98, !MSB !86, !LSB !87, !extendFrom !86 (endState: LEGUP_F_main_BB_entry_1)
   %arrayidx6 = getelementptr inbounds [32 x i32]* %vla1320, i32 0, i32 2, !dbg !99, !MSB !86, !LSB !87, !extendFrom !86 (endState: LEGUP_F_main_BB_entry_1)
   %arrayidx7 = getelementptr inbounds [32 x i32]* %vla319, i32 0, i32 3, !dbg !100, !MSB !86, !LSB !87, !extendFrom !86 (endState: LEGUP_F_main_BB_entry_1)
   %arrayidx8 = getelementptr inbounds [32 x i32]* %vla1320, i32 0, i32 3, !dbg !101, !MSB !86, !LSB !87, !extendFrom !86 (endState: LEGUP_F_main_BB_entry_1)
   %arrayidx9 = getelementptr inbounds [32 x i32]* %vla319, i32 0, i32 4, !dbg !102, !MSB !86, !LSB !87, !extendFrom !86 (endState: LEGUP_F_main_BB_entry_1)
   %arrayidx10 = getelementptr inbounds [32 x i32]* %vla1320, i32 0, i32 4, !dbg !103, !MSB !86, !LSB !87, !extendFrom !86 (endState: LEGUP_F_main_BB_entry_1)
   %arrayidx11 = getelementptr inbounds [32 x i32]* %vla319, i32 0, i32 5, !dbg !104, !MSB !86, !LSB !87, !extendFrom !86 (endState: LEGUP_F_main_BB_entry_1)
   %arrayidx12 = getelementptr inbounds [32 x i32]* %vla1320, i32 0, i32 5, !dbg !105, !MSB !86, !LSB !87, !extendFrom !86 (endState: LEGUP_F_main_BB_entry_1)
   %arrayidx13 = getelementptr inbounds [32 x i32]* %vla319, i32 0, i32 6, !dbg !106, !MSB !86, !LSB !87, !extendFrom !86 (endState: LEGUP_F_main_BB_entry_1)
   %arrayidx14 = getelementptr inbounds [32 x i32]* %vla1320, i32 0, i32 6, !dbg !107, !MSB !86, !LSB !87, !extendFrom !86 (endState: LEGUP_F_main_BB_entry_1)
   %arrayidx15 = getelementptr inbounds [32 x i32]* %vla319, i32 0, i32 7, !dbg !108, !MSB !86, !LSB !87, !extendFrom !86 (endState: LEGUP_F_main_BB_entry_1)
   %arrayidx16 = getelementptr inbounds [32 x i32]* %vla1320, i32 0, i32 7, !dbg !109, !MSB !86, !LSB !87, !extendFrom !86 (endState: LEGUP_F_main_BB_entry_1)
   %arrayidx17 = getelementptr inbounds [32 x i32]* %vla319, i32 0, i32 8, !dbg !110, !MSB !86, !LSB !87, !extendFrom !86 (endState: LEGUP_F_main_BB_entry_1)
   %arrayidx18 = getelementptr inbounds [32 x i32]* %vla1320, i32 0, i32 8, !dbg !111, !MSB !86, !LSB !87, !extendFrom !86 (endState: LEGUP_F_main_BB_entry_1)
   %arrayidx19 = getelementptr inbounds [32 x i32]* %vla319, i32 0, i32 9, !dbg !112, !MSB !86, !LSB !87, !extendFrom !86 (endState: LEGUP_F_main_BB_entry_1)
   %arrayidx20 = getelementptr inbounds [32 x i32]* %vla1320, i32 0, i32 9, !dbg !113, !MSB !86, !LSB !87, !extendFrom !86 (endState: LEGUP_F_main_BB_entry_1)
   %arrayidx21 = getelementptr inbounds [32 x i32]* %vla319, i32 0, i32 10, !dbg !114, !MSB !86, !LSB !87, !extendFrom !86 (endState: LEGUP_F_main_BB_entry_1)
   %arrayidx22 = getelementptr inbounds [32 x i32]* %vla1320, i32 0, i32 10, !dbg !115, !MSB !86, !LSB !87, !extendFrom !86 (endState: LEGUP_F_main_BB_entry_1)
   %arrayidx23 = getelementptr inbounds [32 x i32]* %vla319, i32 0, i32 11, !dbg !116, !MSB !86, !LSB !87, !extendFrom !86 (endState: LEGUP_F_main_BB_entry_1)
   %arrayidx24 = getelementptr inbounds [32 x i32]* %vla1320, i32 0, i32 11, !dbg !117, !MSB !86, !LSB !87, !extendFrom !86 (endState: LEGUP_F_main_BB_entry_1)
   %arrayidx25 = getelementptr inbounds [32 x i32]* %vla319, i32 0, i32 12, !dbg !118, !MSB !86, !LSB !87, !extendFrom !86 (endState: LEGUP_F_main_BB_entry_1)
   %arrayidx26 = getelementptr inbounds [32 x i32]* %vla1320, i32 0, i32 12, !dbg !119, !MSB !86, !LSB !87, !extendFrom !86 (endState: LEGUP_F_main_BB_entry_1)
   %arrayidx27 = getelementptr inbounds [32 x i32]* %vla319, i32 0, i32 13, !dbg !120, !MSB !86, !LSB !87, !extendFrom !86 (endState: LEGUP_F_main_BB_entry_1)
   %arrayidx28 = getelementptr inbounds [32 x i32]* %vla1320, i32 0, i32 13, !dbg !121, !MSB !86, !LSB !87, !extendFrom !86 (endState: LEGUP_F_main_BB_entry_1)
   %arrayidx29 = getelementptr inbounds [32 x i32]* %vla319, i32 0, i32 14, !dbg !122, !MSB !86, !LSB !87, !extendFrom !86 (endState: LEGUP_F_main_BB_entry_1)
   %arrayidx30 = getelementptr inbounds [32 x i32]* %vla1320, i32 0, i32 14, !dbg !123, !MSB !86, !LSB !87, !extendFrom !86 (endState: LEGUP_F_main_BB_entry_1)
   %arrayidx31 = getelementptr inbounds [32 x i32]* %vla319, i32 0, i32 15, !dbg !124, !MSB !86, !LSB !87, !extendFrom !86 (endState: LEGUP_F_main_BB_entry_1)
   %arrayidx32 = getelementptr inbounds [32 x i32]* %vla1320, i32 0, i32 15, !dbg !125, !MSB !86, !LSB !87, !extendFrom !86 (endState: LEGUP_F_main_BB_entry_1)
   %arrayidx33 = getelementptr inbounds [32 x i32]* %vla319, i32 0, i32 16, !dbg !126, !MSB !86, !LSB !87, !extendFrom !86 (endState: LEGUP_F_main_BB_entry_1)
   %arrayidx34 = getelementptr inbounds [32 x i32]* %vla1320, i32 0, i32 16, !dbg !127, !MSB !86, !LSB !87, !extendFrom !86 (endState: LEGUP_F_main_BB_entry_1)
   %arrayidx35 = getelementptr inbounds [32 x i32]* %vla319, i32 0, i32 17, !dbg !128, !MSB !86, !LSB !87, !extendFrom !86 (endState: LEGUP_F_main_BB_entry_1)
   %arrayidx36 = getelementptr inbounds [32 x i32]* %vla1320, i32 0, i32 17, !dbg !129, !MSB !86, !LSB !87, !extendFrom !86 (endState: LEGUP_F_main_BB_entry_1)
   %arrayidx37 = getelementptr inbounds [32 x i32]* %vla319, i32 0, i32 18, !dbg !130, !MSB !86, !LSB !87, !extendFrom !86 (endState: LEGUP_F_main_BB_entry_1)
   %arrayidx38 = getelementptr inbounds [32 x i32]* %vla1320, i32 0, i32 18, !dbg !131, !MSB !86, !LSB !87, !extendFrom !86 (endState: LEGUP_F_main_BB_entry_1)
   %arrayidx39 = getelementptr inbounds [32 x i32]* %vla319, i32 0, i32 19, !dbg !132, !MSB !86, !LSB !87, !extendFrom !86 (endState: LEGUP_F_main_BB_entry_1)
   %arrayidx40 = getelementptr inbounds [32 x i32]* %vla1320, i32 0, i32 19, !dbg !133, !MSB !86, !LSB !87, !extendFrom !86 (endState: LEGUP_F_main_BB_entry_1)
   %arrayidx41 = getelementptr inbounds [32 x i32]* %vla319, i32 0, i32 20, !dbg !134, !MSB !86, !LSB !87, !extendFrom !86 (endState: LEGUP_F_main_BB_entry_1)
   %arrayidx42 = getelementptr inbounds [32 x i32]* %vla1320, i32 0, i32 20, !dbg !135, !MSB !86, !LSB !87, !extendFrom !86 (endState: LEGUP_F_main_BB_entry_1)
   %arrayidx43 = getelementptr inbounds [32 x i32]* %vla319, i32 0, i32 21, !dbg !136, !MSB !86, !LSB !87, !extendFrom !86 (endState: LEGUP_F_main_BB_entry_1)
   %arrayidx44 = getelementptr inbounds [32 x i32]* %vla1320, i32 0, i32 21, !dbg !137, !MSB !86, !LSB !87, !extendFrom !86 (endState: LEGUP_F_main_BB_entry_1)
   %arrayidx45 = getelementptr inbounds [32 x i32]* %vla319, i32 0, i32 22, !dbg !138, !MSB !86, !LSB !87, !extendFrom !86 (endState: LEGUP_F_main_BB_entry_1)
   %arrayidx46 = getelementptr inbounds [32 x i32]* %vla1320, i32 0, i32 22, !dbg !139, !MSB !86, !LSB !87, !extendFrom !86 (endState: LEGUP_F_main_BB_entry_1)
   %arrayidx47 = getelementptr inbounds [32 x i32]* %vla319, i32 0, i32 23, !dbg !140, !MSB !86, !LSB !87, !extendFrom !86 (endState: LEGUP_F_main_BB_entry_1)
   %arrayidx48 = getelementptr inbounds [32 x i32]* %vla1320, i32 0, i32 23, !dbg !141, !MSB !86, !LSB !87, !extendFrom !86 (endState: LEGUP_F_main_BB_entry_1)
   %arrayidx49 = getelementptr inbounds [32 x i32]* %vla319, i32 0, i32 24, !dbg !142, !MSB !86, !LSB !87, !extendFrom !86 (endState: LEGUP_F_main_BB_entry_1)
   %arrayidx50 = getelementptr inbounds [32 x i32]* %vla1320, i32 0, i32 24, !dbg !143, !MSB !86, !LSB !87, !extendFrom !86 (endState: LEGUP_F_main_BB_entry_1)
   %arrayidx51 = getelementptr inbounds [32 x i32]* %vla319, i32 0, i32 25, !dbg !144, !MSB !86, !LSB !87, !extendFrom !86 (endState: LEGUP_F_main_BB_entry_1)
   %arrayidx52 = getelementptr inbounds [32 x i32]* %vla1320, i32 0, i32 25, !dbg !145, !MSB !86, !LSB !87, !extendFrom !86 (endState: LEGUP_F_main_BB_entry_1)
   %arrayidx53 = getelementptr inbounds [32 x i32]* %vla319, i32 0, i32 26, !dbg !146, !MSB !86, !LSB !87, !extendFrom !86 (endState: LEGUP_F_main_BB_entry_1)
   %arrayidx54 = getelementptr inbounds [32 x i32]* %vla1320, i32 0, i32 26, !dbg !147, !MSB !86, !LSB !87, !extendFrom !86 (endState: LEGUP_F_main_BB_entry_1)
   %arrayidx55 = getelementptr inbounds [32 x i32]* %vla319, i32 0, i32 27, !dbg !148, !MSB !86, !LSB !87, !extendFrom !86 (endState: LEGUP_F_main_BB_entry_1)
   %arrayidx56 = getelementptr inbounds [32 x i32]* %vla1320, i32 0, i32 27, !dbg !149, !MSB !86, !LSB !87, !extendFrom !86 (endState: LEGUP_F_main_BB_entry_1)
   %arrayidx57 = getelementptr inbounds [32 x i32]* %vla319, i32 0, i32 28, !dbg !150, !MSB !86, !LSB !87, !extendFrom !86 (endState: LEGUP_F_main_BB_entry_1)
   %arrayidx58 = getelementptr inbounds [32 x i32]* %vla1320, i32 0, i32 28, !dbg !151, !MSB !86, !LSB !87, !extendFrom !86 (endState: LEGUP_F_main_BB_entry_1)
   %arrayidx59 = getelementptr inbounds [32 x i32]* %vla319, i32 0, i32 29, !dbg !152, !MSB !86, !LSB !87, !extendFrom !86 (endState: LEGUP_F_main_BB_entry_1)
   %arrayidx60 = getelementptr inbounds [32 x i32]* %vla1320, i32 0, i32 29, !dbg !153, !MSB !86, !LSB !87, !extendFrom !86 (endState: LEGUP_F_main_BB_entry_1)
   %arrayidx61 = getelementptr inbounds [32 x i32]* %vla319, i32 0, i32 30, !dbg !154, !MSB !86, !LSB !87, !extendFrom !86 (endState: LEGUP_F_main_BB_entry_1)
   %arrayidx62 = getelementptr inbounds [32 x i32]* %vla1320, i32 0, i32 30, !dbg !155, !MSB !86, !LSB !87, !extendFrom !86 (endState: LEGUP_F_main_BB_entry_1)
   %arrayidx63 = getelementptr inbounds [32 x i32]* %vla319, i32 0, i32 31, !dbg !156, !MSB !86, !LSB !87, !extendFrom !86 (endState: LEGUP_F_main_BB_entry_1)
   %arrayidx64 = getelementptr inbounds [32 x i32]* %vla1320, i32 0, i32 31, !dbg !157, !MSB !86, !LSB !87, !extendFrom !86 (endState: LEGUP_F_main_BB_entry_1)
   %vla65321 = alloca [32 x i32], align 4, !dbg !158, !MSB !86, !LSB !87, !extendFrom !86 (endState: LEGUP_F_main_BB_entry_1)
   %vla66322 = alloca [32 x i32], align 4, !dbg !158, !MSB !86, !LSB !87, !extendFrom !86 (endState: LEGUP_F_main_BB_entry_1)
   Transition: default: LEGUP_F_main_BB_entry_2
state: LEGUP_F_main_BB_entry_2, basic block: BB_entry
   store i32 25, i32* %arrayidx5, align 4, !dbg !98, !tbaa !91, !MSB !86, !LSB !87, !extendFrom !86 (endState: LEGUP_F_main_BB_entry_3)
   store i32 23, i32* %arrayidx6, align 4, !dbg !99, !tbaa !91, !MSB !86, !LSB !87, !extendFrom !86 (endState: LEGUP_F_main_BB_entry_3)
   store i32 23, i32* %arrayidx7, align 4, !dbg !100, !tbaa !91, !MSB !86, !LSB !87, !extendFrom !86 (endState: LEGUP_F_main_BB_entry_3)
   store i32 21, i32* %arrayidx8, align 4, !dbg !101, !tbaa !91, !MSB !86, !LSB !87, !extendFrom !86 (endState: LEGUP_F_main_BB_entry_3)
   Transition: default: LEGUP_F_main_BB_entry_3
state: LEGUP_F_main_BB_entry_3, basic block: BB_entry
   store i32 23, i32* %arrayidx9, align 4, !dbg !102, !tbaa !91, !MSB !86, !LSB !87, !extendFrom !86 (endState: LEGUP_F_main_BB_entry_4)
   store i32 20, i32* %arrayidx10, align 4, !dbg !103, !tbaa !91, !MSB !86, !LSB !87, !extendFrom !86 (endState: LEGUP_F_main_BB_entry_4)
   store i32 20, i32* %arrayidx11, align 4, !dbg !104, !tbaa !91, !MSB !86, !LSB !87, !extendFrom !86 (endState: LEGUP_F_main_BB_entry_4)
   store i32 18, i32* %arrayidx12, align 4, !dbg !105, !tbaa !91, !MSB !86, !LSB !87, !extendFrom !86 (endState: LEGUP_F_main_BB_entry_4)
   Transition: default: LEGUP_F_main_BB_entry_4
state: LEGUP_F_main_BB_entry_4, basic block: BB_entry
   store i32 20, i32* %arrayidx13, align 4, !dbg !106, !tbaa !91, !MSB !86, !LSB !87, !extendFrom !86 (endState: LEGUP_F_main_BB_entry_5)
   store i32 15, i32* %arrayidx14, align 4, !dbg !107, !tbaa !91, !MSB !86, !LSB !87, !extendFrom !86 (endState: LEGUP_F_main_BB_entry_5)
   store i32 15, i32* %arrayidx15, align 4, !dbg !108, !tbaa !91, !MSB !86, !LSB !87, !extendFrom !86 (endState: LEGUP_F_main_BB_entry_5)
   store i32 13, i32* %arrayidx16, align 4, !dbg !109, !tbaa !91, !MSB !86, !LSB !87, !extendFrom !86 (endState: LEGUP_F_main_BB_entry_5)
   Transition: default: LEGUP_F_main_BB_entry_5
state: LEGUP_F_main_BB_entry_5, basic block: BB_entry
   store i32 15, i32* %arrayidx17, align 4, !dbg !110, !tbaa !91, !MSB !86, !LSB !87, !extendFrom !86 (endState: LEGUP_F_main_BB_entry_6)
   store i32 9, i32* %arrayidx18, align 4, !dbg !111, !tbaa !91, !MSB !86, !LSB !87, !extendFrom !86 (endState: LEGUP_F_main_BB_entry_6)
   store i32 9, i32* %arrayidx19, align 4, !dbg !112, !tbaa !91, !MSB !86, !LSB !87, !extendFrom !86 (endState: LEGUP_F_main_BB_entry_6)
   store i32 3, i32* %arrayidx20, align 4, !dbg !113, !tbaa !91, !MSB !86, !LSB !87, !extendFrom !86 (endState: LEGUP_F_main_BB_entry_6)
   Transition: default: LEGUP_F_main_BB_entry_6
state: LEGUP_F_main_BB_entry_6, basic block: BB_entry
   store i32 9, i32* %arrayidx21, align 4, !dbg !114, !tbaa !91, !MSB !86, !LSB !87, !extendFrom !86 (endState: LEGUP_F_main_BB_entry_7)
   store i32 5, i32* %arrayidx22, align 4, !dbg !115, !tbaa !91, !MSB !86, !LSB !87, !extendFrom !86 (endState: LEGUP_F_main_BB_entry_7)
   store i32 3, i32* %arrayidx23, align 4, !dbg !116, !tbaa !91, !MSB !86, !LSB !87, !extendFrom !86 (endState: LEGUP_F_main_BB_entry_7)
   store i32 0, i32* %arrayidx24, align 4, !dbg !117, !tbaa !91, !MSB !86, !LSB !87, !extendFrom !86 (endState: LEGUP_F_main_BB_entry_7)
   Transition: default: LEGUP_F_main_BB_entry_7
state: LEGUP_F_main_BB_entry_7, basic block: BB_entry
   store i32 5, i32* %arrayidx25, align 4, !dbg !118, !tbaa !91, !MSB !86, !LSB !87, !extendFrom !86 (endState: LEGUP_F_main_BB_entry_8)
   store i32 1, i32* %arrayidx26, align 4, !dbg !119, !tbaa !91, !MSB !86, !LSB !87, !extendFrom !86 (endState: LEGUP_F_main_BB_entry_8)
   store i32 13, i32* %arrayidx27, align 4, !dbg !120, !tbaa !91, !MSB !86, !LSB !87, !extendFrom !86 (endState: LEGUP_F_main_BB_entry_8)
   store i32 7, i32* %arrayidx28, align 4, !dbg !121, !tbaa !91, !MSB !86, !LSB !87, !extendFrom !86 (endState: LEGUP_F_main_BB_entry_8)
   Transition: default: LEGUP_F_main_BB_entry_8
state: LEGUP_F_main_BB_entry_8, basic block: BB_entry
   store i32 7, i32* %arrayidx29, align 4, !dbg !122, !tbaa !91, !MSB !86, !LSB !87, !extendFrom !86 (endState: LEGUP_F_main_BB_entry_9)
   store i32 2, i32* %arrayidx30, align 4, !dbg !123, !tbaa !91, !MSB !86, !LSB !87, !extendFrom !86 (endState: LEGUP_F_main_BB_entry_9)
   store i32 18, i32* %arrayidx31, align 4, !dbg !124, !tbaa !91, !MSB !86, !LSB !87, !extendFrom !86 (endState: LEGUP_F_main_BB_entry_9)
   store i32 11, i32* %arrayidx32, align 4, !dbg !125, !tbaa !91, !MSB !86, !LSB !87, !extendFrom !86 (endState: LEGUP_F_main_BB_entry_9)
   Transition: default: LEGUP_F_main_BB_entry_9
state: LEGUP_F_main_BB_entry_9, basic block: BB_entry
   store i32 11, i32* %arrayidx33, align 4, !dbg !126, !tbaa !91, !MSB !86, !LSB !87, !extendFrom !86 (endState: LEGUP_F_main_BB_entry_10)
   store i32 5, i32* %arrayidx34, align 4, !dbg !127, !tbaa !91, !MSB !86, !LSB !87, !extendFrom !86 (endState: LEGUP_F_main_BB_entry_10)
   store i32 21, i32* %arrayidx35, align 4, !dbg !128, !tbaa !91, !MSB !86, !LSB !87, !extendFrom !86 (endState: LEGUP_F_main_BB_entry_10)
   store i32 16, i32* %arrayidx36, align 4, !dbg !129, !tbaa !91, !MSB !86, !LSB !87, !extendFrom !86 (endState: LEGUP_F_main_BB_entry_10)
   Transition: default: LEGUP_F_main_BB_entry_10
state: LEGUP_F_main_BB_entry_10, basic block: BB_entry
   store i32 21, i32* %arrayidx37, align 4, !dbg !130, !tbaa !91, !MSB !86, !LSB !87, !extendFrom !86 (endState: LEGUP_F_main_BB_entry_11)
   store i32 17, i32* %arrayidx38, align 4, !dbg !131, !tbaa !91, !MSB !86, !LSB !87, !extendFrom !86 (endState: LEGUP_F_main_BB_entry_11)
   store i32 17, i32* %arrayidx39, align 4, !dbg !132, !tbaa !91, !MSB !86, !LSB !87, !extendFrom !86 (endState: LEGUP_F_main_BB_entry_11)
   store i32 10, i32* %arrayidx40, align 4, !dbg !133, !tbaa !91, !MSB !86, !LSB !87, !extendFrom !86 (endState: LEGUP_F_main_BB_entry_11)
   Transition: default: LEGUP_F_main_BB_entry_11
state: LEGUP_F_main_BB_entry_11, basic block: BB_entry
   store i32 17, i32* %arrayidx41, align 4, !dbg !134, !tbaa !91, !MSB !86, !LSB !87, !extendFrom !86 (endState: LEGUP_F_main_BB_entry_12)
   store i32 13, i32* %arrayidx42, align 4, !dbg !135, !tbaa !91, !MSB !86, !LSB !87, !extendFrom !86 (endState: LEGUP_F_main_BB_entry_12)
   store i32 10, i32* %arrayidx43, align 4, !dbg !136, !tbaa !91, !MSB !86, !LSB !87, !extendFrom !86 (endState: LEGUP_F_main_BB_entry_12)
   store i32 4, i32* %arrayidx44, align 4, !dbg !137, !tbaa !91, !MSB !86, !LSB !87, !extendFrom !86 (endState: LEGUP_F_main_BB_entry_12)
   Transition: default: LEGUP_F_main_BB_entry_12
state: LEGUP_F_main_BB_entry_12, basic block: BB_entry
   store i32 4, i32* %arrayidx45, align 4, !dbg !138, !tbaa !91, !MSB !86, !LSB !87, !extendFrom !86 (endState: LEGUP_F_main_BB_entry_13)
   store i32 0, i32* %arrayidx46, align 4, !dbg !139, !tbaa !91, !MSB !86, !LSB !87, !extendFrom !86 (endState: LEGUP_F_main_BB_entry_13)
   store i32 16, i32* %arrayidx47, align 4, !dbg !140, !tbaa !91, !MSB !86, !LSB !87, !extendFrom !86 (endState: LEGUP_F_main_BB_entry_13)
   store i32 10, i32* %arrayidx48, align 4, !dbg !141, !tbaa !91, !MSB !86, !LSB !87, !extendFrom !86 (endState: LEGUP_F_main_BB_entry_13)
   Transition: default: LEGUP_F_main_BB_entry_13
state: LEGUP_F_main_BB_entry_13, basic block: BB_entry
   store i32 24, i32* %arrayidx49, align 4, !dbg !142, !tbaa !91, !MSB !86, !LSB !87, !extendFrom !86 (endState: LEGUP_F_main_BB_entry_14)
   store i32 22, i32* %arrayidx50, align 4, !dbg !143, !tbaa !91, !MSB !86, !LSB !87, !extendFrom !86 (endState: LEGUP_F_main_BB_entry_14)
   store i32 22, i32* %arrayidx51, align 4, !dbg !144, !tbaa !91, !MSB !86, !LSB !87, !extendFrom !86 (endState: LEGUP_F_main_BB_entry_14)
   store i32 19, i32* %arrayidx52, align 4, !dbg !145, !tbaa !91, !MSB !86, !LSB !87, !extendFrom !86 (endState: LEGUP_F_main_BB_entry_14)
   Transition: default: LEGUP_F_main_BB_entry_14
state: LEGUP_F_main_BB_entry_14, basic block: BB_entry
   store i32 19, i32* %arrayidx53, align 4, !dbg !146, !tbaa !91, !MSB !86, !LSB !87, !extendFrom !86 (endState: LEGUP_F_main_BB_entry_15)
   store i32 14, i32* %arrayidx54, align 4, !dbg !147, !tbaa !91, !MSB !86, !LSB !87, !extendFrom !86 (endState: LEGUP_F_main_BB_entry_15)
   store i32 19, i32* %arrayidx55, align 4, !dbg !148, !tbaa !91, !MSB !86, !LSB !87, !extendFrom !86 (endState: LEGUP_F_main_BB_entry_15)
   store i32 12, i32* %arrayidx56, align 4, !dbg !149, !tbaa !91, !MSB !86, !LSB !87, !extendFrom !86 (endState: LEGUP_F_main_BB_entry_15)
   Transition: default: LEGUP_F_main_BB_entry_15
state: LEGUP_F_main_BB_entry_15, basic block: BB_entry
   store i32 12, i32* %arrayidx57, align 4, !dbg !150, !tbaa !91, !MSB !86, !LSB !87, !extendFrom !86 (endState: LEGUP_F_main_BB_entry_16)
   store i32 6, i32* %arrayidx58, align 4, !dbg !151, !tbaa !91, !MSB !86, !LSB !87, !extendFrom !86 (endState: LEGUP_F_main_BB_entry_16)
   store i32 6, i32* %arrayidx59, align 4, !dbg !152, !tbaa !91, !MSB !86, !LSB !87, !extendFrom !86 (endState: LEGUP_F_main_BB_entry_16)
   store i32 2, i32* %arrayidx60, align 4, !dbg !153, !tbaa !91, !MSB !86, !LSB !87, !extendFrom !86 (endState: LEGUP_F_main_BB_entry_16)
   Transition: default: LEGUP_F_main_BB_entry_16
state: LEGUP_F_main_BB_entry_16, basic block: BB_entry
   store i32 14, i32* %arrayidx61, align 4, !dbg !154, !tbaa !91, !MSB !86, !LSB !87, !extendFrom !86 (endState: LEGUP_F_main_BB_entry_17)
   store i32 8, i32* %arrayidx62, align 4, !dbg !155, !tbaa !91, !MSB !86, !LSB !87, !extendFrom !86 (endState: LEGUP_F_main_BB_entry_17)
   store i32 8, i32* %arrayidx63, align 4, !dbg !156, !tbaa !91, !MSB !86, !LSB !87, !extendFrom !86 (endState: LEGUP_F_main_BB_entry_17)
   store i32 2, i32* %arrayidx64, align 4, !dbg !157, !tbaa !91, !MSB !86, !LSB !87, !extendFrom !86 (endState: LEGUP_F_main_BB_entry_17)
   Transition: default: LEGUP_F_main_BB_entry_17
state: LEGUP_F_main_BB_entry_17, basic block: BB_entry
   br label %for.cond69.preheader, !dbg !161, !MSB !86, !LSB !87, !extendFrom !86
   Transition: default: LEGUP_F_main_BB_for_cond69_preheader_18
state: LEGUP_F_main_BB_for_cond69_preheader_18, basic block: BB_for_cond69_preheader
   %j67.0342 = phi i32 [ 0, %entry ], [ %4, %for.inc76 ], !MSB !164, !LSB !87, !extendFrom !164 (endState: LEGUP_F_main_BB_for_cond69_preheader_18)
   %arrayidx72 = getelementptr [32 x i32]* %vla319, i32 0, i32 %j67.0342, !dbg !165, !MSB !86, !LSB !87, !extendFrom !86 (endState: LEGUP_F_main_BB_for_cond69_preheader_18)
   %arrayidx75 = getelementptr [32 x i32]* %vla65321, i32 0, i32 %j67.0342, !dbg !168, !MSB !86, !LSB !87, !extendFrom !86 (endState: LEGUP_F_main_BB_for_cond69_preheader_18)
   %0 = load i32* %arrayidx72, align 4, !dbg !165, !tbaa !91, !MSB !170, !LSB !87, !extendFrom !170 (endState: LEGUP_F_main_BB_for_cond69_preheader_19)
   Transition: default: LEGUP_F_main_BB_for_cond69_preheader_19
state: LEGUP_F_main_BB_for_cond69_preheader_19, basic block: BB_for_cond69_preheader
   br label %for.body71, !dbg !171, !MSB !86, !LSB !87, !extendFrom !86
   Transition: default: LEGUP_F_main_BB_for_body71_20
state: LEGUP_F_main_BB_for_body71_20, basic block: BB_for_body71
   %1 = phi i32 [ 0, %for.cond69.preheader ], [ %3, %for.inc ], !dbg !168, !MSB !170, !LSB !87, !extendFrom !170 (endState: LEGUP_F_main_BB_for_body71_20)
   %arrayidx73 = getelementptr [36 x i32]* @main.grid, i32 0, i32 %1, !dbg !165, !MSB !86, !LSB !87, !extendFrom !86 (endState: LEGUP_F_main_BB_for_body71_20)
   %2 = load i32* %arrayidx73, align 4, !dbg !165, !tbaa !91, !MSB !170, !LSB !87, !extendFrom !170 (endState: LEGUP_F_main_BB_for_body71_21)
   Transition: default: LEGUP_F_main_BB_for_body71_21
state: LEGUP_F_main_BB_for_body71_21, basic block: BB_for_body71
   %cmp74 = icmp eq i32 %0, %2, !dbg !165, !MSB !87, !LSB !87, !extendFrom !87 (endState: LEGUP_F_main_BB_for_body71_21)
   br i1 %cmp74, label %if.then, label %for.inc, !dbg !165, !MSB !86, !LSB !87, !extendFrom !86
   Transition: if (%cmp74): LEGUP_F_main_BB_if_then_22 default: LEGUP_F_main_BB_for_inc_24
state: LEGUP_F_main_BB_if_then_22, basic block: BB_if_then
   store i32 %1, i32* %arrayidx75, align 4, !dbg !168, !tbaa !91, !MSB !86, !LSB !87, !extendFrom !86 (endState: LEGUP_F_main_BB_if_then_23)
   Transition: default: LEGUP_F_main_BB_if_then_23
state: LEGUP_F_main_BB_if_then_23, basic block: BB_if_then
   br label %for.inc, !dbg !174, !MSB !86, !LSB !87, !extendFrom !86
   Transition: default: LEGUP_F_main_BB_for_inc_24
state: LEGUP_F_main_BB_for_inc_24, basic block: BB_for_inc
   %3 = add nsw i32 %1, 1, !dbg !175, !MSB !170, !LSB !87, !extendFrom !170 (endState: LEGUP_F_main_BB_for_inc_24)
   %exitcond72 = icmp eq i32 %3, 36, !dbg !171, !MSB !87, !LSB !87, !extendFrom !87 (endState: LEGUP_F_main_BB_for_inc_24)
   br i1 %exitcond72, label %for.inc76, label %for.body71, !dbg !171, !MSB !86, !LSB !87, !extendFrom !86
   Transition: if (%exitcond72): LEGUP_F_main_BB_for_inc76_25 default: LEGUP_F_main_BB_for_body71_20
state: LEGUP_F_main_BB_for_inc76_25, basic block: BB_for_inc76
   %4 = add nsw i32 %j67.0342, 1, !dbg !176, !MSB !177, !LSB !87, !extendFrom !177 (endState: LEGUP_F_main_BB_for_inc76_25)
   %exitcond74 = icmp eq i32 %4, 32, !dbg !161, !MSB !87, !LSB !87, !extendFrom !87 (endState: LEGUP_F_main_BB_for_inc76_25)
   br i1 %exitcond74, label %for.cond84.preheader.preheader, label %for.cond69.preheader, !dbg !161, !MSB !86, !LSB !87, !extendFrom !86
   Transition: if (%exitcond74): LEGUP_F_main_BB_for_cond84_preheader_preheader_26 default: LEGUP_F_main_BB_for_cond69_preheader_18
state: LEGUP_F_main_BB_for_cond84_preheader_preheader_26, basic block: BB_for_cond84_preheader_preheader
   br label %for.cond84.preheader, !dbg !178, !MSB !86, !LSB !87, !extendFrom !86
   Transition: default: LEGUP_F_main_BB_for_cond84_preheader_27
state: LEGUP_F_main_BB_for_cond84_preheader_27, basic block: BB_for_cond84_preheader
   %j79.0340 = phi i32 [ %9, %for.inc96 ], [ 0, %for.cond84.preheader.preheader ], !MSB !164, !LSB !87, !extendFrom !164 (endState: LEGUP_F_main_BB_for_cond84_preheader_27)
   %arrayidx87 = getelementptr [32 x i32]* %vla1320, i32 0, i32 %j79.0340, !dbg !182, !MSB !86, !LSB !87, !extendFrom !86 (endState: LEGUP_F_main_BB_for_cond84_preheader_27)
   %arrayidx91 = getelementptr [32 x i32]* %vla66322, i32 0, i32 %j79.0340, !dbg !178, !MSB !86, !LSB !87, !extendFrom !86 (endState: LEGUP_F_main_BB_for_cond84_preheader_27)
   %5 = load i32* %arrayidx87, align 4, !dbg !182, !tbaa !91, !MSB !170, !LSB !87, !extendFrom !170 (endState: LEGUP_F_main_BB_for_cond84_preheader_28)
   Transition: default: LEGUP_F_main_BB_for_cond84_preheader_28
state: LEGUP_F_main_BB_for_cond84_preheader_28, basic block: BB_for_cond84_preheader
   br label %for.body86, !dbg !183, !MSB !86, !LSB !87, !extendFrom !86
   Transition: default: LEGUP_F_main_BB_for_body86_29
state: LEGUP_F_main_BB_for_body86_29, basic block: BB_for_body86
   %6 = phi i32 [ 0, %for.cond84.preheader ], [ %8, %for.inc93 ], !dbg !178, !MSB !170, !LSB !87, !extendFrom !170 (endState: LEGUP_F_main_BB_for_body86_29)
   %arrayidx88 = getelementptr [36 x i32]* @main.grid, i32 0, i32 %6, !dbg !182, !MSB !86, !LSB !87, !extendFrom !86 (endState: LEGUP_F_main_BB_for_body86_29)
   %7 = load i32* %arrayidx88, align 4, !dbg !182, !tbaa !91, !MSB !170, !LSB !87, !extendFrom !170 (endState: LEGUP_F_main_BB_for_body86_30)
   Transition: default: LEGUP_F_main_BB_for_body86_30
state: LEGUP_F_main_BB_for_body86_30, basic block: BB_for_body86
   %cmp89 = icmp eq i32 %5, %7, !dbg !182, !MSB !87, !LSB !87, !extendFrom !87 (endState: LEGUP_F_main_BB_for_body86_30)
   br i1 %cmp89, label %if.then90, label %for.inc93, !dbg !182, !MSB !86, !LSB !87, !extendFrom !86
   Transition: if (%cmp89): LEGUP_F_main_BB_if_then90_31 default: LEGUP_F_main_BB_for_inc93_33
state: LEGUP_F_main_BB_if_then90_31, basic block: BB_if_then90
   store i32 %6, i32* %arrayidx91, align 4, !dbg !178, !tbaa !91, !MSB !86, !LSB !87, !extendFrom !86 (endState: LEGUP_F_main_BB_if_then90_32)
   Transition: default: LEGUP_F_main_BB_if_then90_32
state: LEGUP_F_main_BB_if_then90_32, basic block: BB_if_then90
   br label %for.inc93, !dbg !186, !MSB !86, !LSB !87, !extendFrom !86
   Transition: default: LEGUP_F_main_BB_for_inc93_33
state: LEGUP_F_main_BB_for_inc93_33, basic block: BB_for_inc93
   %8 = add nsw i32 %6, 1, !dbg !187, !MSB !170, !LSB !87, !extendFrom !170 (endState: LEGUP_F_main_BB_for_inc93_33)
   %exitcond67 = icmp eq i32 %8, 36, !dbg !183, !MSB !87, !LSB !87, !extendFrom !87 (endState: LEGUP_F_main_BB_for_inc93_33)
   br i1 %exitcond67, label %for.inc96, label %for.body86, !dbg !183, !MSB !86, !LSB !87, !extendFrom !86
   Transition: if (%exitcond67): LEGUP_F_main_BB_for_inc96_34 default: LEGUP_F_main_BB_for_body86_29
state: LEGUP_F_main_BB_for_inc96_34, basic block: BB_for_inc96
   %9 = add nsw i32 %j79.0340, 1, !dbg !188, !MSB !177, !LSB !87, !extendFrom !177 (endState: LEGUP_F_main_BB_for_inc96_34)
   %exitcond69 = icmp eq i32 %9, 32, !dbg !189, !MSB !87, !LSB !87, !extendFrom !87 (endState: LEGUP_F_main_BB_for_inc96_34)
   br i1 %exitcond69, label %for.body101.preheader, label %for.cond84.preheader, !dbg !189, !MSB !86, !LSB !87, !extendFrom !86
   Transition: if (%exitcond69): LEGUP_F_main_BB_for_body101_preheader_35 default: LEGUP_F_main_BB_for_cond84_preheader_27
state: LEGUP_F_main_BB_for_body101_preheader_35, basic block: BB_for_body101_preheader
   br label %for.body101, !MSB !86, !LSB !87, !extendFrom !86
   Transition: default: LEGUP_F_main_BB_for_body101_36
state: LEGUP_F_main_BB_for_body101_36, basic block: BB_for_body101
   %i.0338 = phi i32 [ %12, %for.inc112 ], [ 0, %for.body101.preheader ], !MSB !164, !LSB !87, !extendFrom !164 (endState: LEGUP_F_main_BB_for_body101_36)
   %bit_select15 = call i30 @legup_bit_select_30_32(i32 %i.0338, i64 29, i64 0), !MSB !192, !LSB !87, !extendFrom !192 (endState: LEGUP_F_main_BB_for_body101_36)
   %bit_select13 = call i27 @legup_bit_select_27_32(i32 %i.0338, i64 26, i64 0), !MSB !193, !LSB !87, !extendFrom !193 (endState: LEGUP_F_main_BB_for_body101_36)
   %bit_concat16 = call i32 @legup_bit_concat_30_2(i30 %bit_select15, i64 30, i2 0, i64 2), !MSB !170, !LSB !87, !extendFrom !170 (endState: LEGUP_F_main_BB_for_body101_36)
   %bit_concat14 = call i32 @legup_bit_concat_27_5(i27 %bit_select13, i64 27, i5 0, i64 5), !MSB !170, !LSB !87, !extendFrom !170 (endState: LEGUP_F_main_BB_for_body101_36)
   %sr_add = add i32 %bit_concat16, %bit_concat14, !MSB !170, !LSB !87, !extendFrom !170 (endState: LEGUP_F_main_BB_for_body101_36)
   %arrayidx102 = getelementptr [36 x i32]* %indice_e, i32 0, i32 %i.0338, !dbg !194, !MSB !86, !LSB !87, !extendFrom !86 (endState: LEGUP_F_main_BB_for_body101_36)
   %arrayidx103 = getelementptr [36 x i32]* %indice_s, i32 0, i32 %i.0338, !dbg !197, !MSB !86, !LSB !87, !extendFrom !86 (endState: LEGUP_F_main_BB_for_body101_36)
   store i32 0, i32* %arrayidx102, align 4, !dbg !194, !tbaa !91, !MSB !86, !LSB !87, !extendFrom !86 (endState: LEGUP_F_main_BB_for_body101_37)
   store i32 0, i32* %arrayidx103, align 4, !dbg !197, !tbaa !91, !MSB !86, !LSB !87, !extendFrom !86 (endState: LEGUP_F_main_BB_for_body101_37)
   Transition: default: LEGUP_F_main_BB_for_body101_37
state: LEGUP_F_main_BB_for_body101_37, basic block: BB_for_body101
   br label %for.body106, !dbg !198, !MSB !86, !LSB !87, !extendFrom !86
   Transition: default: LEGUP_F_main_BB_for_body106_38
state: LEGUP_F_main_BB_for_body106_38, basic block: BB_for_body106
   %j.0337 = phi i32 [ 0, %for.body101 ], [ %11, %for.body106 ], !MSB !170, !LSB !87, !extendFrom !170 (endState: LEGUP_F_main_BB_for_body106_38)
   %10 = add i32 %sr_add, %j.0337, !MSB !170, !LSB !87, !extendFrom !170 (endState: LEGUP_F_main_BB_for_body106_38)
   %11 = add nsw i32 %j.0337, 1, !dbg !204, !MSB !170, !LSB !87, !extendFrom !170 (endState: LEGUP_F_main_BB_for_body106_38)
   %exitcond61 = icmp eq i32 %11, 36, !dbg !198, !MSB !87, !LSB !87, !extendFrom !87 (endState: LEGUP_F_main_BB_for_body106_38)
   Transition: default: LEGUP_F_main_BB_for_body106_39
state: LEGUP_F_main_BB_for_body106_39, basic block: BB_for_body106
   %scevgep43 = getelementptr [1296 x i32]* %m1, i32 0, i32 %10, !dbg !202, !MSB !86, !LSB !87, !extendFrom !86 (endState: LEGUP_F_main_BB_for_body106_39)
   store i32 0, i32* %scevgep43, align 4, !dbg !202, !tbaa !91, !MSB !86, !LSB !87, !extendFrom !86 (endState: LEGUP_F_main_BB_for_body106_40)
   Transition: default: LEGUP_F_main_BB_for_body106_40
state: LEGUP_F_main_BB_for_body106_40, basic block: BB_for_body106
   br i1 %exitcond61, label %for.inc112, label %for.body106, !dbg !198, !MSB !86, !LSB !87, !extendFrom !86
   Transition: if (%exitcond61): LEGUP_F_main_BB_for_inc112_41 default: LEGUP_F_main_BB_for_body106_38
state: LEGUP_F_main_BB_for_inc112_41, basic block: BB_for_inc112
   %12 = add nsw i32 %i.0338, 1, !dbg !205, !MSB !177, !LSB !87, !extendFrom !177 (endState: LEGUP_F_main_BB_for_inc112_41)
   %exitcond63 = icmp eq i32 %12, 36, !dbg !206, !MSB !87, !LSB !87, !extendFrom !87 (endState: LEGUP_F_main_BB_for_inc112_41)
   br i1 %exitcond63, label %for.cond118.preheader.preheader, label %for.body101, !dbg !206, !MSB !86, !LSB !87, !extendFrom !86
   Transition: if (%exitcond63): LEGUP_F_main_BB_for_cond118_preheader_preheader_42 default: LEGUP_F_main_BB_for_body101_36
state: LEGUP_F_main_BB_for_cond118_preheader_preheader_42, basic block: BB_for_cond118_preheader_preheader
   br label %for.cond118.preheader, !MSB !86, !LSB !87, !extendFrom !86
   Transition: default: LEGUP_F_main_BB_for_cond118_preheader_43
state: LEGUP_F_main_BB_for_cond118_preheader_43, basic block: BB_for_cond118_preheader
   %13 = phi i32 [ %23, %for.inc192 ], [ 0, %for.cond118.preheader.preheader ], !dbg !209, !MSB !215, !LSB !87, !extendFrom !215 (endState: LEGUP_F_main_BB_for_cond118_preheader_43)
   %bit_select9 = call i27 @legup_bit_select_27_32(i32 %13, i64 26, i64 0), !MSB !193, !LSB !87, !extendFrom !193 (endState: LEGUP_F_main_BB_for_cond118_preheader_43)
   %bit_select7 = call i26 @legup_bit_select_26_32(i32 %13, i64 25, i64 0), !MSB !216, !LSB !87, !extendFrom !216 (endState: LEGUP_F_main_BB_for_cond118_preheader_43)
   %bit_select5 = call i25 @legup_bit_select_25_32(i32 %13, i64 24, i64 0), !MSB !217, !LSB !87, !extendFrom !217 (endState: LEGUP_F_main_BB_for_cond118_preheader_43)
   %sr_negate = sub i32 0, %13, !MSB !170, !LSB !87, !extendFrom !218 (endState: LEGUP_F_main_BB_for_cond118_preheader_43)
   %bit_select11 = call i31 @legup_bit_select_31_32(i32 %sr_negate, i64 30, i64 0), !MSB !219, !LSB !87, !extendFrom !219 (endState: LEGUP_F_main_BB_for_cond118_preheader_43)
   %bit_concat12 = call i32 @legup_bit_concat_31_1(i31 %bit_select11, i64 31, i1 false, i64 1), !MSB !170, !LSB !87, !extendFrom !170 (endState: LEGUP_F_main_BB_for_cond118_preheader_43)
   %bit_concat10 = call i32 @legup_bit_concat_27_5(i27 %bit_select9, i64 27, i5 0, i64 5), !MSB !170, !LSB !87, !extendFrom !170 (endState: LEGUP_F_main_BB_for_cond118_preheader_43)
   %bit_concat8 = call i32 @legup_bit_concat_26_6(i26 %bit_select7, i64 26, i6 0, i64 6), !MSB !170, !LSB !87, !extendFrom !170 (endState: LEGUP_F_main_BB_for_cond118_preheader_43)
   %bit_concat6 = call i32 @legup_bit_concat_25_7(i25 %bit_select5, i64 25, i7 0, i64 7), !MSB !170, !LSB !87, !extendFrom !170 (endState: LEGUP_F_main_BB_for_cond118_preheader_43)
   %sr_add82 = add i32 %bit_concat12, %bit_concat10, !MSB !170, !LSB !87, !extendFrom !170 (endState: LEGUP_F_main_BB_for_cond118_preheader_43)
   %sr_add83 = add i32 %bit_concat8, %bit_concat6, !MSB !170, !LSB !87, !extendFrom !170 (endState: LEGUP_F_main_BB_for_cond118_preheader_43)
   %cmp121 = icmp slt i32 %13, 5, !dbg !209, !MSB !87, !LSB !87, !extendFrom !87 (endState: LEGUP_F_main_BB_for_cond118_preheader_43)
   Transition: default: LEGUP_F_main_BB_for_cond118_preheader_44
state: LEGUP_F_main_BB_for_cond118_preheader_44, basic block: BB_for_cond118_preheader
   %sr_add84 = add i32 %sr_add82, %sr_add83, !MSB !170, !LSB !87, !extendFrom !170 (endState: LEGUP_F_main_BB_for_cond118_preheader_44)
   %bit_select3 = call i31 @legup_bit_select_31_32(i32 %sr_add84, i64 31, i64 1), !MSB !219, !LSB !87, !extendFrom !219 (endState: LEGUP_F_main_BB_for_cond118_preheader_44)
   %14 = add i32 %sr_add84, 36, !MSB !170, !LSB !87, !extendFrom !170 (endState: LEGUP_F_main_BB_for_cond118_preheader_44)
   %15 = add i32 %sr_add84, 73, !MSB !170, !LSB !87, !extendFrom !170 (endState: LEGUP_F_main_BB_for_cond118_preheader_44)
   %16 = add i32 %sr_add84, 149, !MSB !170, !LSB !87, !extendFrom !170 (endState: LEGUP_F_main_BB_for_cond118_preheader_44)
   %17 = add i32 %sr_add84, 184, !MSB !170, !LSB !87, !extendFrom !170 (endState: LEGUP_F_main_BB_for_cond118_preheader_44)
   %18 = add i32 %sr_add84, 112, !MSB !170, !LSB !87, !extendFrom !170 (endState: LEGUP_F_main_BB_for_cond118_preheader_44)
   %19 = add i32 %sr_add84, 147, !MSB !170, !LSB !87, !extendFrom !170 (endState: LEGUP_F_main_BB_for_cond118_preheader_44)
   %20 = add i32 %sr_add84, 75, !MSB !170, !LSB !87, !extendFrom !170 (endState: LEGUP_F_main_BB_for_cond118_preheader_44)
   %21 = add i32 %sr_add84, 110, !MSB !170, !LSB !87, !extendFrom !170 (endState: LEGUP_F_main_BB_for_cond118_preheader_44)
   %22 = add i32 %sr_add84, 38, !MSB !170, !LSB !87, !extendFrom !170 (endState: LEGUP_F_main_BB_for_cond118_preheader_44)
   %bit_concat4 = call i32 @legup_bit_concat_31_1(i31 %bit_select3, i64 31, i1 true, i64 1), !MSB !170, !LSB !87, !extendFrom !170 (endState: LEGUP_F_main_BB_for_cond118_preheader_44)
   Transition: default: LEGUP_F_main_BB_for_cond118_preheader_45
state: LEGUP_F_main_BB_for_cond118_preheader_45, basic block: BB_for_cond118_preheader
   %scevgep41 = getelementptr [1296 x i32]* %m1, i32 0, i32 %14, !dbg !220, !MSB !86, !LSB !87, !extendFrom !86 (endState: LEGUP_F_main_BB_for_cond118_preheader_45)
   %scevgep39 = getelementptr [1296 x i32]* %m1, i32 0, i32 %15, !dbg !222, !MSB !86, !LSB !87, !extendFrom !86 (endState: LEGUP_F_main_BB_for_cond118_preheader_45)
   %scevgep37 = getelementptr [1296 x i32]* %m1, i32 0, i32 %16, !dbg !226, !MSB !86, !LSB !87, !extendFrom !86 (endState: LEGUP_F_main_BB_for_cond118_preheader_45)
   %scevgep36 = getelementptr [1296 x i32]* %m1, i32 0, i32 %17, !dbg !222, !MSB !86, !LSB !87, !extendFrom !86 (endState: LEGUP_F_main_BB_for_cond118_preheader_45)
   %scevgep35 = getelementptr [1296 x i32]* %m1, i32 0, i32 %18, !dbg !226, !MSB !86, !LSB !87, !extendFrom !86 (endState: LEGUP_F_main_BB_for_cond118_preheader_45)
   %scevgep34 = getelementptr [1296 x i32]* %m1, i32 0, i32 %19, !dbg !222, !MSB !86, !LSB !87, !extendFrom !86 (endState: LEGUP_F_main_BB_for_cond118_preheader_45)
   %scevgep33 = getelementptr [1296 x i32]* %m1, i32 0, i32 %20, !dbg !226, !MSB !86, !LSB !87, !extendFrom !86 (endState: LEGUP_F_main_BB_for_cond118_preheader_45)
   %scevgep32 = getelementptr [1296 x i32]* %m1, i32 0, i32 %21, !dbg !222, !MSB !86, !LSB !87, !extendFrom !86 (endState: LEGUP_F_main_BB_for_cond118_preheader_45)
   %scevgep31 = getelementptr [1296 x i32]* %m1, i32 0, i32 %22, !dbg !226, !MSB !86, !LSB !87, !extendFrom !86 (endState: LEGUP_F_main_BB_for_cond118_preheader_45)
   %scevgep40 = getelementptr [1296 x i32]* %m1, i32 0, i32 %bit_concat4, !dbg !227, !MSB !86, !LSB !87, !extendFrom !86 (endState: LEGUP_F_main_BB_for_cond118_preheader_45)
   store i32 1, i32* %scevgep40, align 4, !dbg !227, !tbaa !91, !MSB !86, !LSB !87, !extendFrom !86 (endState: LEGUP_F_main_BB_for_cond118_preheader_46)
   Transition: default: LEGUP_F_main_BB_for_cond118_preheader_46
state: LEGUP_F_main_BB_for_cond118_preheader_46, basic block: BB_for_cond118_preheader
   store i32 1, i32* %scevgep41, align 4, !dbg !220, !tbaa !91, !MSB !86, !LSB !87, !extendFrom !86 (endState: LEGUP_F_main_BB_for_cond118_preheader_47)
   Transition: default: LEGUP_F_main_BB_for_cond118_preheader_47
state: LEGUP_F_main_BB_for_cond118_preheader_47, basic block: BB_for_cond118_preheader
   br i1 %cmp121, label %for.inc189.us.5, label %for.inc189.5, !MSB !86, !LSB !87, !extendFrom !86
   Transition: if (%cmp121): LEGUP_F_main_BB_for_inc189_us_5_92 default: LEGUP_F_main_BB_for_inc189_5_87
state: LEGUP_F_main_BB_for_inc192_48, basic block: BB_for_inc192
   %23 = add nsw i32 %13, 1, !dbg !228, !MSB !218, !LSB !87, !extendFrom !218 (endState: LEGUP_F_main_BB_for_inc192_48)
   %exitcond15 = icmp eq i32 %23, 6, !dbg !229, !MSB !87, !LSB !87, !extendFrom !87 (endState: LEGUP_F_main_BB_for_inc192_48)
   br i1 %exitcond15, label %for.body198.preheader, label %for.cond118.preheader, !dbg !229, !MSB !86, !LSB !87, !extendFrom !86
   Transition: if (%exitcond15): LEGUP_F_main_BB_for_body198_preheader_49 default: LEGUP_F_main_BB_for_cond118_preheader_43
state: LEGUP_F_main_BB_for_body198_preheader_49, basic block: BB_for_body198_preheader
   br label %for.body198, !dbg !232, !MSB !86, !LSB !87, !extendFrom !86
   Transition: default: LEGUP_F_main_BB_for_body198_50
state: LEGUP_F_main_BB_for_body198_50, basic block: BB_for_body198
   %i.2333 = phi i32 [ %inc239, %for.inc238 ], [ 0, %for.body198.preheader ], !MSB !164, !LSB !87, !extendFrom !164 (endState: LEGUP_F_main_BB_for_body198_50)
   %arrayidx199 = getelementptr [32 x i32]* %vla65321, i32 0, i32 %i.2333, !dbg !235, !MSB !86, !LSB !87, !extendFrom !86 (endState: LEGUP_F_main_BB_for_body198_50)
   %arrayidx200 = getelementptr [32 x i32]* %vla66322, i32 0, i32 %i.2333, !dbg !236, !MSB !86, !LSB !87, !extendFrom !86 (endState: LEGUP_F_main_BB_for_body198_50)
   %inc239 = add i32 %i.2333, 1, !dbg !232, !MSB !177, !LSB !87, !extendFrom !177 (endState: LEGUP_F_main_BB_for_body198_50)
   %24 = load i32* %arrayidx199, align 4, !dbg !235, !tbaa !91, !MSB !170, !LSB !87, !extendFrom !170 (endState: LEGUP_F_main_BB_for_body198_51)
   %25 = load i32* %arrayidx200, align 4, !dbg !236, !tbaa !91, !MSB !170, !LSB !87, !extendFrom !170 (endState: LEGUP_F_main_BB_for_body198_51)
   Transition: default: LEGUP_F_main_BB_for_body198_51
state: LEGUP_F_main_BB_for_body198_51, basic block: BB_for_body198
   br label %for.body.i, !dbg !237, !MSB !86, !LSB !87, !extendFrom !86
   Transition: default: LEGUP_F_main_BB_for_body_i_52
state: LEGUP_F_main_BB_for_body_i_52, basic block: BB_for_body_i
   %i.057.i = phi i32 [ 0, %for.body198 ], [ %26, %for.body.i ], !dbg !83, !MSB !170, !LSB !87, !extendFrom !170 (endState: LEGUP_F_main_BB_for_body_i_52)
   %arrayidx1.i = getelementptr [36 x i32]* %dist.i, i32 0, i32 %i.057.i, !dbg !240, !MSB !86, !LSB !87, !extendFrom !86 (endState: LEGUP_F_main_BB_for_body_i_52)
   %arrayidx2.i = getelementptr [36 x i32]* %sptSet.i, i32 0, i32 %i.057.i, !dbg !242, !MSB !86, !LSB !87, !extendFrom !86 (endState: LEGUP_F_main_BB_for_body_i_52)
   store i32 2147483647, i32* %arrayidx1.i, align 4, !dbg !240, !tbaa !91, !MSB !86, !LSB !87, !extendFrom !86 (endState: LEGUP_F_main_BB_for_body_i_53)
   store i32 0, i32* %arrayidx2.i, align 4, !dbg !242, !tbaa !91, !MSB !86, !LSB !87, !extendFrom !86 (endState: LEGUP_F_main_BB_for_body_i_53)
   %26 = add nsw i32 %i.057.i, 1, !dbg !243, !MSB !170, !LSB !87, !extendFrom !170 (endState: LEGUP_F_main_BB_for_body_i_52)
   %exitcond2 = icmp eq i32 %26, 36, !dbg !237, !MSB !87, !LSB !87, !extendFrom !87 (endState: LEGUP_F_main_BB_for_body_i_52)
   Transition: default: LEGUP_F_main_BB_for_body_i_53
state: LEGUP_F_main_BB_for_body_i_53, basic block: BB_for_body_i
   br i1 %exitcond2, label %for.end.i, label %for.body.i, !dbg !237, !MSB !86, !LSB !87, !extendFrom !86
   Transition: if (%exitcond2): LEGUP_F_main_BB_for_end_i_54 default: LEGUP_F_main_BB_for_body_i_52
state: LEGUP_F_main_BB_for_end_i_54, basic block: BB_for_end_i
   %arrayidx.i = getelementptr inbounds [36 x i32]* %parent, i32 0, i32 %24, !dbg !244, !MSB !86, !LSB !87, !extendFrom !86 (endState: LEGUP_F_main_BB_for_end_i_54)
   store i32 -1, i32* %arrayidx.i, align 4, !dbg !244, !tbaa !91, !MSB !86, !LSB !87, !extendFrom !86 (endState: LEGUP_F_main_BB_for_end_i_55)
   %arrayidx3.i = getelementptr inbounds [36 x i32]* %dist.i, i32 0, i32 %24, !dbg !245, !MSB !86, !LSB !87, !extendFrom !86 (endState: LEGUP_F_main_BB_for_end_i_54)
   store i32 0, i32* %arrayidx3.i, align 4, !dbg !245, !tbaa !91, !MSB !86, !LSB !87, !extendFrom !86 (endState: LEGUP_F_main_BB_for_end_i_55)
   Transition: default: LEGUP_F_main_BB_for_end_i_55
state: LEGUP_F_main_BB_for_end_i_55, basic block: BB_for_end_i
   br label %for.body6.i, !dbg !246, !MSB !86, !LSB !87, !extendFrom !86
   Transition: default: LEGUP_F_main_BB_for_body6_i_56
state: LEGUP_F_main_BB_for_body6_i_56, basic block: BB_for_body6_i
   %count.056.i = phi i32 [ 0, %for.end.i ], [ %37, %for.inc31.i ], !dbg !83, !MSB !170, !LSB !87, !extendFrom !170 (endState: LEGUP_F_main_BB_for_body6_i_56)
   br label %for.body.i.i, !dbg !249, !MSB !86, !LSB !87, !extendFrom !86
   Transition: default: LEGUP_F_main_BB_for_body_i_i_57
state: LEGUP_F_main_BB_for_body_i_i_57, basic block: BB_for_body_i_i
   %27 = phi i32 [ 0, %for.body6.i ], [ %30, %for.inc.i.i ], !dbg !253, !MSB !170, !LSB !87, !extendFrom !170 (endState: LEGUP_F_main_BB_for_body_i_i_57)
   %min_index.012.i.i = phi i32 [ undef, %for.body6.i ], [ %min_index.1.i.i, %for.inc.i.i ], !dbg !252, !MSB !170, !LSB !87, !extendFrom !170 (endState: LEGUP_F_main_BB_for_body_i_i_57)
   %min.011.i.i = phi i32 [ 2147483647, %for.body6.i ], [ %min.1.i.i, %for.inc.i.i ], !dbg !252, !MSB !170, !LSB !87, !extendFrom !170 (endState: LEGUP_F_main_BB_for_body_i_i_57)
   %arrayidx.i.i = getelementptr [36 x i32]* %sptSet.i, i32 0, i32 %27, !dbg !256, !MSB !86, !LSB !87, !extendFrom !86 (endState: LEGUP_F_main_BB_for_body_i_i_57)
   %28 = load i32* %arrayidx.i.i, align 4, !dbg !256, !tbaa !91, !MSB !170, !LSB !87, !extendFrom !170 (endState: LEGUP_F_main_BB_for_body_i_i_58)
   Transition: default: LEGUP_F_main_BB_for_body_i_i_58
state: LEGUP_F_main_BB_for_body_i_i_58, basic block: BB_for_body_i_i
   %cmp1.i.i = icmp eq i32 %28, 0, !dbg !256, !MSB !87, !LSB !87, !extendFrom !87 (endState: LEGUP_F_main_BB_for_body_i_i_58)
   br i1 %cmp1.i.i, label %land.lhs.true.i.i, label %for.inc.i.i, !dbg !256, !MSB !86, !LSB !87, !extendFrom !86
   Transition: if (%cmp1.i.i): LEGUP_F_main_BB_land_lhs_true_i_i_59 default: LEGUP_F_main_BB_for_inc_i_i_61
state: LEGUP_F_main_BB_land_lhs_true_i_i_59, basic block: BB_land_lhs_true_i_i
   %arrayidx2.i.i = getelementptr [36 x i32]* %dist.i, i32 0, i32 %27, !dbg !253, !MSB !86, !LSB !87, !extendFrom !86 (endState: LEGUP_F_main_BB_land_lhs_true_i_i_59)
   %29 = load i32* %arrayidx2.i.i, align 4, !dbg !253, !tbaa !91, !MSB !170, !LSB !87, !extendFrom !170 (endState: LEGUP_F_main_BB_land_lhs_true_i_i_60)
   Transition: default: LEGUP_F_main_BB_land_lhs_true_i_i_60
state: LEGUP_F_main_BB_land_lhs_true_i_i_60, basic block: BB_land_lhs_true_i_i
   %cmp3.i.i = icmp sgt i32 %29, %min.011.i.i, !dbg !253, !MSB !87, !LSB !87, !extendFrom !87 (endState: LEGUP_F_main_BB_land_lhs_true_i_i_60)
   %min.0..i.i = select i1 %cmp3.i.i, i32 %min.011.i.i, i32 %29, !dbg !253, !MSB !170, !LSB !87, !extendFrom !170 (endState: LEGUP_F_main_BB_land_lhs_true_i_i_60)
   %min_index.0.v.0.i.i = select i1 %cmp3.i.i, i32 %min_index.012.i.i, i32 %27, !dbg !253, !MSB !170, !LSB !87, !extendFrom !170 (endState: LEGUP_F_main_BB_land_lhs_true_i_i_60)
   br label %for.inc.i.i, !dbg !253, !MSB !86, !LSB !87, !extendFrom !86
   Transition: default: LEGUP_F_main_BB_for_inc_i_i_61
state: LEGUP_F_main_BB_for_inc_i_i_61, basic block: BB_for_inc_i_i
   %min.1.i.i = phi i32 [ %min.0..i.i, %land.lhs.true.i.i ], [ %min.011.i.i, %for.body.i.i ], !dbg !252, !MSB !170, !LSB !87, !extendFrom !170 (endState: LEGUP_F_main_BB_for_inc_i_i_61)
   %min_index.1.i.i = phi i32 [ %min_index.0.v.0.i.i, %land.lhs.true.i.i ], [ %min_index.012.i.i, %for.body.i.i ], !dbg !252, !MSB !170, !LSB !87, !extendFrom !170 (endState: LEGUP_F_main_BB_for_inc_i_i_61)
   %bit_select1 = call i30 @legup_bit_select_30_32(i32 %min_index.1.i.i, i64 29, i64 0), !MSB !192, !LSB !87, !extendFrom !192 (endState: LEGUP_F_main_BB_for_inc_i_i_61)
   %bit_select = call i27 @legup_bit_select_27_32(i32 %min_index.1.i.i, i64 26, i64 0), !MSB !193, !LSB !87, !extendFrom !193 (endState: LEGUP_F_main_BB_for_inc_i_i_61)
   %30 = add nsw i32 %27, 1, !dbg !257, !MSB !170, !LSB !87, !extendFrom !170 (endState: LEGUP_F_main_BB_for_inc_i_i_61)
   %exitcond5 = icmp eq i32 %30, 36, !dbg !249, !MSB !87, !LSB !87, !extendFrom !87 (endState: LEGUP_F_main_BB_for_inc_i_i_61)
   br i1 %exitcond5, label %minDistance.exit.i, label %for.body.i.i, !dbg !249, !MSB !86, !LSB !87, !extendFrom !86
   Transition: if (%exitcond5): LEGUP_F_main_BB_minDistance_exit_i_62 default: LEGUP_F_main_BB_for_body_i_i_57
state: LEGUP_F_main_BB_minDistance_exit_i_62, basic block: BB_minDistance_exit_i
   %arrayidx8.i = getelementptr inbounds [36 x i32]* %sptSet.i, i32 0, i32 %min_index.1.i.i, !dbg !258, !MSB !86, !LSB !87, !extendFrom !86 (endState: LEGUP_F_main_BB_minDistance_exit_i_62)
   store i32 1, i32* %arrayidx8.i, align 4, !dbg !258, !tbaa !91, !MSB !86, !LSB !87, !extendFrom !86 (endState: LEGUP_F_main_BB_minDistance_exit_i_63)
   %arrayidx17.i = getelementptr inbounds [36 x i32]* %dist.i, i32 0, i32 %min_index.1.i.i, !dbg !259, !MSB !86, !LSB !87, !extendFrom !86 (endState: LEGUP_F_main_BB_minDistance_exit_i_62)
   %bit_concat2 = call i32 @legup_bit_concat_30_2(i30 %bit_select1, i64 30, i2 0, i64 2), !MSB !170, !LSB !87, !extendFrom !170 (endState: LEGUP_F_main_BB_minDistance_exit_i_62)
   %bit_concat = call i32 @legup_bit_concat_27_5(i27 %bit_select, i64 27, i5 0, i64 5), !MSB !170, !LSB !87, !extendFrom !170 (endState: LEGUP_F_main_BB_minDistance_exit_i_62)
   %sr_add87 = add i32 %bit_concat2, %bit_concat, !MSB !170, !LSB !87, !extendFrom !170 (endState: LEGUP_F_main_BB_minDistance_exit_i_62)
   Transition: default: LEGUP_F_main_BB_minDistance_exit_i_63
state: LEGUP_F_main_BB_minDistance_exit_i_63, basic block: BB_minDistance_exit_i
   br label %for.body11.i, !dbg !262, !MSB !86, !LSB !87, !extendFrom !86
   Transition: default: LEGUP_F_main_BB_for_body11_i_64
state: LEGUP_F_main_BB_for_body11_i_64, basic block: BB_for_body11_i
   %v.055.i = phi i32 [ 0, %minDistance.exit.i ], [ %36, %for.inc28.i ], !dbg !83, !MSB !170, !LSB !87, !extendFrom !170 (endState: LEGUP_F_main_BB_for_body11_i_64)
   %arrayidx12.i = getelementptr [36 x i32]* %sptSet.i, i32 0, i32 %v.055.i, !dbg !265, !MSB !86, !LSB !87, !extendFrom !86 (endState: LEGUP_F_main_BB_for_body11_i_64)
   %arrayidx20.i = getelementptr [36 x i32]* %dist.i, i32 0, i32 %v.055.i, !dbg !259, !MSB !86, !LSB !87, !extendFrom !86 (endState: LEGUP_F_main_BB_for_body11_i_64)
   %arrayidx22.i = getelementptr [36 x i32]* %parent, i32 0, i32 %v.055.i, !dbg !266, !MSB !86, !LSB !87, !extendFrom !86 (endState: LEGUP_F_main_BB_for_body11_i_64)
   %31 = load i32* %arrayidx12.i, align 4, !dbg !265, !tbaa !91, !MSB !170, !LSB !87, !extendFrom !170 (endState: LEGUP_F_main_BB_for_body11_i_65)
   Transition: default: LEGUP_F_main_BB_for_body11_i_65
state: LEGUP_F_main_BB_for_body11_i_65, basic block: BB_for_body11_i
   %tobool.i = icmp eq i32 %31, 0, !dbg !265, !MSB !87, !LSB !87, !extendFrom !87 (endState: LEGUP_F_main_BB_for_body11_i_65)
   br i1 %tobool.i, label %land.lhs.true.i, label %for.inc28.i, !dbg !265, !MSB !86, !LSB !87, !extendFrom !86
   Transition: if (%tobool.i): LEGUP_F_main_BB_land_lhs_true_i_66 default: LEGUP_F_main_BB_for_inc28_i_73
state: LEGUP_F_main_BB_land_lhs_true_i_66, basic block: BB_land_lhs_true_i
   %32 = add i32 %sr_add87, %v.055.i, !dbg !266, !MSB !170, !LSB !87, !extendFrom !170 (endState: LEGUP_F_main_BB_land_lhs_true_i_66)
   Transition: default: LEGUP_F_main_BB_land_lhs_true_i_67
state: LEGUP_F_main_BB_land_lhs_true_i_67, basic block: BB_land_lhs_true_i
   %scevgep = getelementptr [1296 x i32]* %m1, i32 0, i32 %32, !dbg !268, !MSB !86, !LSB !87, !extendFrom !86 (endState: LEGUP_F_main_BB_land_lhs_true_i_67)
   %33 = load i32* %scevgep, align 4, !dbg !268, !tbaa !91, !MSB !170, !LSB !87, !extendFrom !170 (endState: LEGUP_F_main_BB_land_lhs_true_i_68)
   Transition: default: LEGUP_F_main_BB_land_lhs_true_i_68
state: LEGUP_F_main_BB_land_lhs_true_i_68, basic block: BB_land_lhs_true_i
   %tobool15.i = icmp eq i32 %33, 0, !dbg !268, !MSB !87, !LSB !87, !extendFrom !87 (endState: LEGUP_F_main_BB_land_lhs_true_i_68)
   br i1 %tobool15.i, label %for.inc28.i, label %land.lhs.true16.i, !dbg !268, !MSB !86, !LSB !87, !extendFrom !86
   Transition: if (%tobool15.i): LEGUP_F_main_BB_for_inc28_i_73 default: LEGUP_F_main_BB_land_lhs_true16_i_69
state: LEGUP_F_main_BB_land_lhs_true16_i_69, basic block: BB_land_lhs_true16_i
   %34 = load i32* %arrayidx17.i, align 4, !dbg !259, !tbaa !91, !MSB !170, !LSB !87, !extendFrom !170 (endState: LEGUP_F_main_BB_land_lhs_true16_i_70)
   %35 = load i32* %arrayidx20.i, align 4, !dbg !259, !tbaa !91, !MSB !170, !LSB !87, !extendFrom !170 (endState: LEGUP_F_main_BB_land_lhs_true16_i_70)
   Transition: default: LEGUP_F_main_BB_land_lhs_true16_i_70
state: LEGUP_F_main_BB_land_lhs_true16_i_70, basic block: BB_land_lhs_true16_i
   %add.i = add nsw i32 %34, %33, !dbg !259, !MSB !170, !LSB !87, !extendFrom !170 (endState: LEGUP_F_main_BB_land_lhs_true16_i_70)
   %cmp21.i = icmp slt i32 %add.i, %35, !dbg !259, !MSB !87, !LSB !87, !extendFrom !87 (endState: LEGUP_F_main_BB_land_lhs_true16_i_70)
   br i1 %cmp21.i, label %if.then.i, label %for.inc28.i, !dbg !259, !MSB !86, !LSB !87, !extendFrom !86
   Transition: if (%cmp21.i): LEGUP_F_main_BB_if_then_i_71 default: LEGUP_F_main_BB_for_inc28_i_73
state: LEGUP_F_main_BB_if_then_i_71, basic block: BB_if_then_i
   store i32 %min_index.1.i.i, i32* %arrayidx22.i, align 4, !dbg !266, !tbaa !91, !MSB !86, !LSB !87, !extendFrom !86 (endState: LEGUP_F_main_BB_if_then_i_72)
   store i32 %add.i, i32* %arrayidx20.i, align 4, !dbg !270, !tbaa !91, !MSB !86, !LSB !87, !extendFrom !86 (endState: LEGUP_F_main_BB_if_then_i_72)
   Transition: default: LEGUP_F_main_BB_if_then_i_72
state: LEGUP_F_main_BB_if_then_i_72, basic block: BB_if_then_i
   br label %for.inc28.i, !dbg !271, !MSB !86, !LSB !87, !extendFrom !86
   Transition: default: LEGUP_F_main_BB_for_inc28_i_73
state: LEGUP_F_main_BB_for_inc28_i_73, basic block: BB_for_inc28_i
   %36 = add nsw i32 %v.055.i, 1, !dbg !272, !MSB !170, !LSB !87, !extendFrom !170 (endState: LEGUP_F_main_BB_for_inc28_i_73)
   %exitcond8 = icmp eq i32 %36, 36, !dbg !262, !MSB !87, !LSB !87, !extendFrom !87 (endState: LEGUP_F_main_BB_for_inc28_i_73)
   br i1 %exitcond8, label %for.inc31.i, label %for.body11.i, !dbg !262, !MSB !86, !LSB !87, !extendFrom !86
   Transition: if (%exitcond8): LEGUP_F_main_BB_for_inc31_i_74 default: LEGUP_F_main_BB_for_body11_i_64
state: LEGUP_F_main_BB_for_inc31_i_74, basic block: BB_for_inc31_i
   %37 = add nsw i32 %count.056.i, 1, !dbg !273, !MSB !170, !LSB !87, !extendFrom !170 (endState: LEGUP_F_main_BB_for_inc31_i_74)
   %exitcond = icmp eq i32 %37, 35, !dbg !246, !MSB !87, !LSB !87, !extendFrom !87 (endState: LEGUP_F_main_BB_for_inc31_i_74)
   br i1 %exitcond, label %dijkstra.exit, label %for.body6.i, !dbg !246, !MSB !86, !LSB !87, !extendFrom !86
   Transition: if (%exitcond): LEGUP_F_main_BB_dijkstra_exit_75 default: LEGUP_F_main_BB_for_body6_i_56
state: LEGUP_F_main_BB_dijkstra_exit_75, basic block: BB_dijkstra_exit
   %arrayidx207329 = getelementptr inbounds [36 x i32]* %parent, i32 0, i32 %25, !dbg !274, !MSB !86, !LSB !87, !extendFrom !86 (endState: LEGUP_F_main_BB_dijkstra_exit_75)
   %38 = load i32* %arrayidx207329, align 4, !dbg !274, !tbaa !91, !MSB !170, !LSB !87, !extendFrom !170 (endState: LEGUP_F_main_BB_dijkstra_exit_76)
   Transition: default: LEGUP_F_main_BB_dijkstra_exit_76
state: LEGUP_F_main_BB_dijkstra_exit_76, basic block: BB_dijkstra_exit
   %cmp208330 = icmp eq i32 %38, -1, !dbg !276, !MSB !87, !LSB !87, !extendFrom !87 (endState: LEGUP_F_main_BB_dijkstra_exit_76)
   br i1 %cmp208330, label %for.inc238, label %if.end211.preheader, !dbg !276, !MSB !86, !LSB !87, !extendFrom !86
   Transition: if (%cmp208330): LEGUP_F_main_BB_for_inc238_83 default: LEGUP_F_main_BB_if_end211_preheader_77
state: LEGUP_F_main_BB_if_end211_preheader_77, basic block: BB_if_end211_preheader
   br label %if.end211, !dbg !278, !MSB !86, !LSB !87, !extendFrom !86
   Transition: default: LEGUP_F_main_BB_if_end211_78
state: LEGUP_F_main_BB_if_end211_78, basic block: BB_if_end211
   %39 = phi i32 [ %42, %if.then220 ], [ %38, %if.end211.preheader ], !MSB !170, !LSB !87, !extendFrom !170 (endState: LEGUP_F_main_BB_if_end211_78)
   %.origem.1332 = phi i32 [ %39, %if.then220 ], [ %25, %if.end211.preheader ], !MSB !170, !LSB !87, !extendFrom !170 (endState: LEGUP_F_main_BB_if_end211_78)
   %arrayidx212 = getelementptr inbounds [36 x i32]* %indice_s, i32 0, i32 %39, !dbg !278, !MSB !86, !LSB !87, !extendFrom !86 (endState: LEGUP_F_main_BB_if_end211_78)
   %40 = load i32* %arrayidx212, align 4, !dbg !278, !tbaa !91, !MSB !170, !LSB !87, !extendFrom !170 (endState: LEGUP_F_main_BB_if_end211_79)
   %arrayidx215 = getelementptr inbounds [36 x i32]* %indice_e, i32 0, i32 %.origem.1332, !dbg !278, !MSB !86, !LSB !87, !extendFrom !86 (endState: LEGUP_F_main_BB_if_end211_78)
   %41 = load i32* %arrayidx215, align 4, !dbg !278, !tbaa !91, !MSB !170, !LSB !87, !extendFrom !170 (endState: LEGUP_F_main_BB_if_end211_79)
   Transition: default: LEGUP_F_main_BB_if_end211_79
state: LEGUP_F_main_BB_if_end211_79, basic block: BB_if_end211
   %cmp213 = icmp slt i32 %40, 4, !dbg !278, !MSB !87, !LSB !87, !extendFrom !87 (endState: LEGUP_F_main_BB_if_end211_79)
   %cmp216 = icmp slt i32 %41, 4, !dbg !278, !MSB !87, !LSB !87, !extendFrom !87 (endState: LEGUP_F_main_BB_if_end211_79)
   %and218323 = and i1 %cmp213, %cmp216, !dbg !278, !MSB !87, !LSB !87, !extendFrom !87 (endState: LEGUP_F_main_BB_if_end211_79)
   br i1 %and218323, label %if.then220, label %for.end240.loopexit, !dbg !278, !MSB !86, !LSB !87, !extendFrom !86
   Transition: if (%and218323): LEGUP_F_main_BB_if_then220_80 default: LEGUP_F_main_BB_for_end240_loopexit_84
state: LEGUP_F_main_BB_if_then220_80, basic block: BB_if_then220
   %add228 = add nsw i32 %41, 1, !dbg !280, !MSB !170, !LSB !87, !extendFrom !170 (endState: LEGUP_F_main_BB_if_then220_80)
   store i32 %add228, i32* %arrayidx215, align 4, !dbg !280, !tbaa !91, !MSB !86, !LSB !87, !extendFrom !86 (endState: LEGUP_F_main_BB_if_then220_81)
   %add230 = add nsw i32 %40, 1, !dbg !282, !MSB !170, !LSB !87, !extendFrom !170 (endState: LEGUP_F_main_BB_if_then220_80)
   store i32 %add230, i32* %arrayidx212, align 4, !dbg !282, !tbaa !91, !MSB !86, !LSB !87, !extendFrom !86 (endState: LEGUP_F_main_BB_if_then220_81)
   %arrayidx207 = getelementptr inbounds [36 x i32]* %parent, i32 0, i32 %39, !dbg !274, !MSB !86, !LSB !87, !extendFrom !86 (endState: LEGUP_F_main_BB_if_then220_80)
   %42 = load i32* %arrayidx207, align 4, !dbg !274, !tbaa !91, !MSB !170, !LSB !87, !extendFrom !170 (endState: LEGUP_F_main_BB_if_then220_81)
   Transition: default: LEGUP_F_main_BB_if_then220_81
state: LEGUP_F_main_BB_if_then220_81, basic block: BB_if_then220
   %cmp208 = icmp eq i32 %42, -1, !dbg !276, !MSB !87, !LSB !87, !extendFrom !87 (endState: LEGUP_F_main_BB_if_then220_81)
   br i1 %cmp208, label %for.inc238.loopexit, label %if.end211, !dbg !276, !MSB !86, !LSB !87, !extendFrom !86
   Transition: if (%cmp208): LEGUP_F_main_BB_for_inc238_loopexit_82 default: LEGUP_F_main_BB_if_end211_78
state: LEGUP_F_main_BB_for_inc238_loopexit_82, basic block: BB_for_inc238_loopexit
   br label %for.inc238, !MSB !86, !LSB !87, !extendFrom !86
   Transition: default: LEGUP_F_main_BB_for_inc238_83
state: LEGUP_F_main_BB_for_inc238_83, basic block: BB_for_inc238
   %cmp196 = icmp slt i32 %inc239, 32, !dbg !232, !MSB !87, !LSB !87, !extendFrom !87 (endState: LEGUP_F_main_BB_for_inc238_83)
   br i1 %cmp196, label %for.body198, label %for.end240.loopexit1, !dbg !232, !MSB !86, !LSB !87, !extendFrom !86
   Transition: if (%cmp196): LEGUP_F_main_BB_for_body198_50 default: LEGUP_F_main_BB_for_end240_loopexit1_85
state: LEGUP_F_main_BB_for_end240_loopexit_84, basic block: BB_for_end240_loopexit
   br label %for.end240, !MSB !86, !LSB !87, !extendFrom !86
   Transition: default: LEGUP_F_main_BB_for_end240_86
state: LEGUP_F_main_BB_for_end240_loopexit1_85, basic block: BB_for_end240_loopexit1
   br label %for.end240, !MSB !86, !LSB !87, !extendFrom !86
   Transition: default: LEGUP_F_main_BB_for_end240_86
state: LEGUP_F_main_BB_for_end240_86, basic block: BB_for_end240
   ret i32 0, !dbg !283, !MSB !86, !LSB !87, !extendFrom !86
   Transition: default: LEGUP_0
state: LEGUP_F_main_BB_for_inc189_5_87, basic block: BB_for_inc189_5
   store i32 1, i32* %scevgep31, align 4, !dbg !226, !tbaa !91, !MSB !86, !LSB !87, !extendFrom !86 (endState: LEGUP_F_main_BB_for_inc189_5_88)
   store i32 1, i32* %scevgep39, align 4, !dbg !222, !tbaa !91, !MSB !86, !LSB !87, !extendFrom !86 (endState: LEGUP_F_main_BB_for_inc189_5_88)
   Transition: default: LEGUP_F_main_BB_for_inc189_5_88
state: LEGUP_F_main_BB_for_inc189_5_88, basic block: BB_for_inc189_5
   store i32 1, i32* %scevgep33, align 4, !dbg !226, !tbaa !91, !MSB !86, !LSB !87, !extendFrom !86 (endState: LEGUP_F_main_BB_for_inc189_5_89)
   store i32 1, i32* %scevgep32, align 4, !dbg !222, !tbaa !91, !MSB !86, !LSB !87, !extendFrom !86 (endState: LEGUP_F_main_BB_for_inc189_5_89)
   Transition: default: LEGUP_F_main_BB_for_inc189_5_89
state: LEGUP_F_main_BB_for_inc189_5_89, basic block: BB_for_inc189_5
   store i32 1, i32* %scevgep35, align 4, !dbg !226, !tbaa !91, !MSB !86, !LSB !87, !extendFrom !86 (endState: LEGUP_F_main_BB_for_inc189_5_90)
   store i32 1, i32* %scevgep34, align 4, !dbg !222, !tbaa !91, !MSB !86, !LSB !87, !extendFrom !86 (endState: LEGUP_F_main_BB_for_inc189_5_90)
   Transition: default: LEGUP_F_main_BB_for_inc189_5_90
state: LEGUP_F_main_BB_for_inc189_5_90, basic block: BB_for_inc189_5
   store i32 1, i32* %scevgep37, align 4, !dbg !226, !tbaa !91, !MSB !86, !LSB !87, !extendFrom !86 (endState: LEGUP_F_main_BB_for_inc189_5_91)
   store i32 1, i32* %scevgep36, align 4, !dbg !222, !tbaa !91, !MSB !86, !LSB !87, !extendFrom !86 (endState: LEGUP_F_main_BB_for_inc189_5_91)
   Transition: default: LEGUP_F_main_BB_for_inc189_5_91
state: LEGUP_F_main_BB_for_inc189_5_91, basic block: BB_for_inc189_5
   br label %for.inc192, !MSB !86, !LSB !87, !extendFrom !86
   Transition: default: LEGUP_F_main_BB_for_inc192_48
state: LEGUP_F_main_BB_for_inc189_us_5_92, basic block: BB_for_inc189_us_5
   %43 = add i32 %sr_add84, 253, !MSB !170, !LSB !87, !extendFrom !170 (endState: LEGUP_F_main_BB_for_inc189_us_5_92)
   %44 = add i32 %sr_add84, 401, !MSB !170, !LSB !87, !extendFrom !170 (endState: LEGUP_F_main_BB_for_inc189_us_5_92)
   %45 = add i32 %sr_add84, 191, !MSB !170, !LSB !87, !extendFrom !170 (endState: LEGUP_F_main_BB_for_inc189_us_5_92)
   %46 = add i32 %sr_add84, 364, !MSB !170, !LSB !87, !extendFrom !170 (endState: LEGUP_F_main_BB_for_inc189_us_5_92)
   %47 = add i32 %sr_add84, 154, !MSB !170, !LSB !87, !extendFrom !170 (endState: LEGUP_F_main_BB_for_inc189_us_5_92)
   %48 = add i32 %sr_add84, 327, !MSB !170, !LSB !87, !extendFrom !170 (endState: LEGUP_F_main_BB_for_inc189_us_5_92)
   %49 = add i32 %sr_add84, 117, !MSB !170, !LSB !87, !extendFrom !170 (endState: LEGUP_F_main_BB_for_inc189_us_5_92)
   %50 = add i32 %sr_add84, 290, !MSB !170, !LSB !87, !extendFrom !170 (endState: LEGUP_F_main_BB_for_inc189_us_5_92)
   %51 = add i32 %sr_add84, 80, !MSB !170, !LSB !87, !extendFrom !170 (endState: LEGUP_F_main_BB_for_inc189_us_5_92)
   %52 = add i32 %sr_add84, 43, !MSB !170, !LSB !87, !extendFrom !170 (endState: LEGUP_F_main_BB_for_inc189_us_5_92)
   %53 = add i32 %sr_add84, 216, !MSB !170, !LSB !87, !extendFrom !170 (endState: LEGUP_F_main_BB_for_inc189_us_5_92)
   %54 = add i32 %sr_add84, 6, !MSB !170, !LSB !87, !extendFrom !170 (endState: LEGUP_F_main_BB_for_inc189_us_5_92)
   store i32 1, i32* %scevgep31, align 4, !dbg !227, !tbaa !91, !MSB !86, !LSB !87, !extendFrom !86 (endState: LEGUP_F_main_BB_for_inc189_us_5_93)
   store i32 1, i32* %scevgep39, align 4, !dbg !220, !tbaa !91, !MSB !86, !LSB !87, !extendFrom !86 (endState: LEGUP_F_main_BB_for_inc189_us_5_93)
   Transition: default: LEGUP_F_main_BB_for_inc189_us_5_93
state: LEGUP_F_main_BB_for_inc189_us_5_93, basic block: BB_for_inc189_us_5
   %scevgep38 = getelementptr [1296 x i32]* %m1, i32 0, i32 %43, !dbg !284, !MSB !86, !LSB !87, !extendFrom !86 (endState: LEGUP_F_main_BB_for_inc189_us_5_93)
   %scevgep30 = getelementptr [1296 x i32]* %m1, i32 0, i32 %44, !dbg !285, !MSB !86, !LSB !87, !extendFrom !86 (endState: LEGUP_F_main_BB_for_inc189_us_5_93)
   %scevgep29 = getelementptr [1296 x i32]* %m1, i32 0, i32 %45, !dbg !287, !MSB !86, !LSB !87, !extendFrom !86 (endState: LEGUP_F_main_BB_for_inc189_us_5_93)
   %scevgep28 = getelementptr [1296 x i32]* %m1, i32 0, i32 %46, !dbg !284, !MSB !86, !LSB !87, !extendFrom !86 (endState: LEGUP_F_main_BB_for_inc189_us_5_93)
   %scevgep27 = getelementptr [1296 x i32]* %m1, i32 0, i32 %47, !dbg !288, !MSB !86, !LSB !87, !extendFrom !86 (endState: LEGUP_F_main_BB_for_inc189_us_5_93)
   %scevgep26 = getelementptr [1296 x i32]* %m1, i32 0, i32 %48, !dbg !284, !MSB !86, !LSB !87, !extendFrom !86 (endState: LEGUP_F_main_BB_for_inc189_us_5_93)
   %scevgep25 = getelementptr [1296 x i32]* %m1, i32 0, i32 %49, !dbg !288, !MSB !86, !LSB !87, !extendFrom !86 (endState: LEGUP_F_main_BB_for_inc189_us_5_93)
   %scevgep24 = getelementptr [1296 x i32]* %m1, i32 0, i32 %50, !dbg !284, !MSB !86, !LSB !87, !extendFrom !86 (endState: LEGUP_F_main_BB_for_inc189_us_5_93)
   %scevgep23 = getelementptr [1296 x i32]* %m1, i32 0, i32 %51, !dbg !288, !MSB !86, !LSB !87, !extendFrom !86 (endState: LEGUP_F_main_BB_for_inc189_us_5_93)
   %scevgep22 = getelementptr [1296 x i32]* %m1, i32 0, i32 %52, !dbg !288, !MSB !86, !LSB !87, !extendFrom !86 (endState: LEGUP_F_main_BB_for_inc189_us_5_93)
   %scevgep21 = getelementptr [1296 x i32]* %m1, i32 0, i32 %53, !dbg !284, !MSB !86, !LSB !87, !extendFrom !86 (endState: LEGUP_F_main_BB_for_inc189_us_5_93)
   %scevgep20 = getelementptr [1296 x i32]* %m1, i32 0, i32 %54, !dbg !288, !MSB !86, !LSB !87, !extendFrom !86 (endState: LEGUP_F_main_BB_for_inc189_us_5_93)
   store i32 1, i32* %scevgep33, align 4, !dbg !227, !tbaa !91, !MSB !86, !LSB !87, !extendFrom !86 (endState: LEGUP_F_main_BB_for_inc189_us_5_94)
   store i32 1, i32* %scevgep32, align 4, !dbg !220, !tbaa !91, !MSB !86, !LSB !87, !extendFrom !86 (endState: LEGUP_F_main_BB_for_inc189_us_5_94)
   Transition: default: LEGUP_F_main_BB_for_inc189_us_5_94
state: LEGUP_F_main_BB_for_inc189_us_5_94, basic block: BB_for_inc189_us_5
   store i32 1, i32* %scevgep35, align 4, !dbg !227, !tbaa !91, !MSB !86, !LSB !87, !extendFrom !86 (endState: LEGUP_F_main_BB_for_inc189_us_5_95)
   store i32 1, i32* %scevgep34, align 4, !dbg !220, !tbaa !91, !MSB !86, !LSB !87, !extendFrom !86 (endState: LEGUP_F_main_BB_for_inc189_us_5_95)
   Transition: default: LEGUP_F_main_BB_for_inc189_us_5_95
state: LEGUP_F_main_BB_for_inc189_us_5_95, basic block: BB_for_inc189_us_5
   store i32 1, i32* %scevgep37, align 4, !dbg !227, !tbaa !91, !MSB !86, !LSB !87, !extendFrom !86 (endState: LEGUP_F_main_BB_for_inc189_us_5_96)
   store i32 1, i32* %scevgep36, align 4, !dbg !220, !tbaa !91, !MSB !86, !LSB !87, !extendFrom !86 (endState: LEGUP_F_main_BB_for_inc189_us_5_96)
   Transition: default: LEGUP_F_main_BB_for_inc189_us_5_96
state: LEGUP_F_main_BB_for_inc189_us_5_96, basic block: BB_for_inc189_us_5
   store i32 1, i32* %scevgep20, align 4, !dbg !288, !tbaa !91, !MSB !86, !LSB !87, !extendFrom !86 (endState: LEGUP_F_main_BB_for_inc189_us_5_97)
   store i32 1, i32* %scevgep21, align 4, !dbg !284, !tbaa !91, !MSB !86, !LSB !87, !extendFrom !86 (endState: LEGUP_F_main_BB_for_inc189_us_5_97)
   Transition: default: LEGUP_F_main_BB_for_inc189_us_5_97
state: LEGUP_F_main_BB_for_inc189_us_5_97, basic block: BB_for_inc189_us_5
   store i32 1, i32* %scevgep22, align 4, !dbg !288, !tbaa !91, !MSB !86, !LSB !87, !extendFrom !86 (endState: LEGUP_F_main_BB_for_inc189_us_5_98)
   store i32 1, i32* %scevgep38, align 4, !dbg !284, !tbaa !91, !MSB !86, !LSB !87, !extendFrom !86 (endState: LEGUP_F_main_BB_for_inc189_us_5_98)
   Transition: default: LEGUP_F_main_BB_for_inc189_us_5_98
state: LEGUP_F_main_BB_for_inc189_us_5_98, basic block: BB_for_inc189_us_5
   store i32 1, i32* %scevgep23, align 4, !dbg !288, !tbaa !91, !MSB !86, !LSB !87, !extendFrom !86 (endState: LEGUP_F_main_BB_for_inc189_us_5_99)
   store i32 1, i32* %scevgep24, align 4, !dbg !284, !tbaa !91, !MSB !86, !LSB !87, !extendFrom !86 (endState: LEGUP_F_main_BB_for_inc189_us_5_99)
   Transition: default: LEGUP_F_main_BB_for_inc189_us_5_99
state: LEGUP_F_main_BB_for_inc189_us_5_99, basic block: BB_for_inc189_us_5
   store i32 1, i32* %scevgep25, align 4, !dbg !288, !tbaa !91, !MSB !86, !LSB !87, !extendFrom !86 (endState: LEGUP_F_main_BB_for_inc189_us_5_100)
   store i32 1, i32* %scevgep26, align 4, !dbg !284, !tbaa !91, !MSB !86, !LSB !87, !extendFrom !86 (endState: LEGUP_F_main_BB_for_inc189_us_5_100)
   Transition: default: LEGUP_F_main_BB_for_inc189_us_5_100
state: LEGUP_F_main_BB_for_inc189_us_5_100, basic block: BB_for_inc189_us_5
   store i32 1, i32* %scevgep27, align 4, !dbg !288, !tbaa !91, !MSB !86, !LSB !87, !extendFrom !86 (endState: LEGUP_F_main_BB_for_inc189_us_5_101)
   store i32 1, i32* %scevgep28, align 4, !dbg !284, !tbaa !91, !MSB !86, !LSB !87, !extendFrom !86 (endState: LEGUP_F_main_BB_for_inc189_us_5_101)
   Transition: default: LEGUP_F_main_BB_for_inc189_us_5_101
state: LEGUP_F_main_BB_for_inc189_us_5_101, basic block: BB_for_inc189_us_5
   store i32 1, i32* %scevgep29, align 4, !dbg !287, !tbaa !91, !MSB !86, !LSB !87, !extendFrom !86 (endState: LEGUP_F_main_BB_for_inc189_us_5_102)
   store i32 1, i32* %scevgep30, align 4, !dbg !285, !tbaa !91, !MSB !86, !LSB !87, !extendFrom !86 (endState: LEGUP_F_main_BB_for_inc189_us_5_102)
   Transition: default: LEGUP_F_main_BB_for_inc189_us_5_102
state: LEGUP_F_main_BB_for_inc189_us_5_102, basic block: BB_for_inc189_us_5
   br label %for.inc192, !MSB !86, !LSB !87, !extendFrom !86
   Transition: default: LEGUP_F_main_BB_for_inc192_48

Basic Block: %for.body71 Num States: 2
Basic Block: %if.then Num States: 2
Basic Block: %entry Num States: 17
Basic Block: %for.cond69.preheader Num States: 2
Basic Block: %for.inc Num States: 1
Basic Block: %for.inc76 Num States: 1
Basic Block: %for.cond84.preheader.preheader Num States: 1
Basic Block: %for.cond84.preheader Num States: 2
Basic Block: %for.body86 Num States: 2
Basic Block: %if.then90 Num States: 2
Basic Block: %for.inc93 Num States: 1
Basic Block: %for.inc96 Num States: 1
Basic Block: %for.body101.preheader Num States: 1
Basic Block: %for.body101 Num States: 2
Basic Block: %for.body106 Num States: 3
Basic Block: %for.inc112 Num States: 1
Basic Block: %for.cond118.preheader.preheader Num States: 1
Basic Block: %for.cond118.preheader Num States: 5
Basic Block: %for.inc192 Num States: 1
Basic Block: %for.body198.preheader Num States: 1
Basic Block: %for.body198 Num States: 2
Basic Block: %for.body.i Num States: 2
Basic Block: %for.end.i Num States: 2
Basic Block: %for.body6.i Num States: 1
Basic Block: %for.body.i.i Num States: 2
Basic Block: %land.lhs.true.i.i Num States: 2
Basic Block: %for.inc.i.i Num States: 1
Basic Block: %minDistance.exit.i Num States: 2
Basic Block: %for.body11.i Num States: 2
Basic Block: %land.lhs.true.i Num States: 3
Basic Block: %land.lhs.true16.i Num States: 2
Basic Block: %if.then.i Num States: 2
Basic Block: %for.inc28.i Num States: 1
Basic Block: %for.inc31.i Num States: 1
Basic Block: %dijkstra.exit Num States: 2
Basic Block: %if.end211.preheader Num States: 1
Basic Block: %if.end211 Num States: 2
Basic Block: %if.then220 Num States: 2
Basic Block: %for.inc238.loopexit Num States: 1
Basic Block: %for.inc238 Num States: 1
Basic Block: %for.end240.loopexit Num States: 1
Basic Block: %for.end240.loopexit1 Num States: 1
Basic Block: %for.end240 Num States: 1
Basic Block: %for.inc189.5 Num States: 5
Basic Block: %for.inc189.us.5 Num States: 11
End Function: main
--------------------------------------------------------------------------------

