#! /usr/bin/vvp
:ivl_version "10.2 (stable)" "(v10_2)";
:ivl_delay_selection "TYPICAL";
:vpi_time_precision + 0;
:vpi_module "system";
:vpi_module "vhdl_sys";
:vpi_module "v2005_math";
:vpi_module "va_math";
S_0x1b6ef30 .scope module, "test" "test" 2 321;
 .timescale 0 0;
v0x1b95b40_0 .var "clk", 0 0;
v0x1b95be0_0 .net "out", 0 0, v0x1b94640_0;  1 drivers
v0x1b95cd0_0 .var "reset", 0 0;
S_0x1b6f0b0 .scope module, "p1" "placement" 2 334, 2 4 0, S_0x1b6ef30;
 .timescale 0 0;
    .port_info 0 /OUTPUT 1 "out"
    .port_info 1 /INPUT 1 "clk"
    .port_info 2 /INPUT 1 "reset"
P_0x1b6f230 .param/l "eval0" 0 2 11, +C4<00000000000000000000000000010111>;
P_0x1b6f270 .param/l "eval1" 0 2 11, +C4<00000000000000000000000000011000>;
P_0x1b6f2b0 .param/l "eval2" 0 2 11, +C4<00000000000000000000000000011001>;
P_0x1b6f2f0 .param/l "eval3" 0 2 11, +C4<00000000000000000000000000011010>;
P_0x1b6f330 .param/l "eval4" 0 2 11, +C4<00000000000000000000000000011011>;
P_0x1b6f370 .param/l "eval5" 0 2 11, +C4<00000000000000000000000000011100>;
P_0x1b6f3b0 .param/l "eval6" 0 2 11, +C4<00000000000000000000000000011101>;
P_0x1b6f3f0 .param/l "eval7" 0 2 11, +C4<00000000000000000000000000011110>;
P_0x1b6f430 .param/l "exit" 0 2 12, +C4<00000000000000000000000000011111>;
P_0x1b6f470 .param/l "init0" 0 2 7, +C4<00000000000000000000000000000000>;
P_0x1b6f4b0 .param/l "init1" 0 2 7, +C4<00000000000000000000000000000001>;
P_0x1b6f4f0 .param/l "init2" 0 2 7, +C4<00000000000000000000000000000010>;
P_0x1b6f530 .param/l "init3" 0 2 7, +C4<00000000000000000000000000000011>;
P_0x1b6f570 .param/l "n" 0 2 14, +C4<00000000000000000000000000000100>;
P_0x1b6f5b0 .param/l "n_edge" 0 2 14, +C4<00000000000000000000000000001111>;
P_0x1b6f5f0 .param/l "posA0" 0 2 9, +C4<00000000000000000000000000001001>;
P_0x1b6f630 .param/l "posA1" 0 2 9, +C4<00000000000000000000000000001010>;
P_0x1b6f670 .param/l "posA2" 0 2 9, +C4<00000000000000000000000000001011>;
P_0x1b6f6b0 .param/l "posA3" 0 2 9, +C4<00000000000000000000000000001100>;
P_0x1b6f6f0 .param/l "posA4" 0 2 9, +C4<00000000000000000000000000001101>;
P_0x1b6f730 .param/l "posA5" 0 2 9, +C4<00000000000000000000000000001110>;
P_0x1b6f770 .param/l "posA6" 0 2 9, +C4<00000000000000000000000000001111>;
P_0x1b6f7b0 .param/l "posA7" 0 2 9, +C4<00000000000000000000000000010000>;
P_0x1b6f7f0 .param/l "posB0" 0 2 10, +C4<00000000000000000000000000010001>;
P_0x1b6f830 .param/l "posB1" 0 2 10, +C4<00000000000000000000000000010010>;
P_0x1b6f870 .param/l "posB2" 0 2 10, +C4<00000000000000000000000000010011>;
P_0x1b6f8b0 .param/l "posB3" 0 2 10, +C4<00000000000000000000000000010100>;
P_0x1b6f8f0 .param/l "posB4" 0 2 10, +C4<00000000000000000000000000010101>;
P_0x1b6f930 .param/l "posB5" 0 2 10, +C4<00000000000000000000000000010110>;
P_0x1b6f970 .param/l "reMem0" 0 2 8, +C4<00000000000000000000000000000100>;
P_0x1b6f9b0 .param/l "reMem1" 0 2 8, +C4<00000000000000000000000000000101>;
P_0x1b6f9f0 .param/l "reMem2" 0 2 8, +C4<00000000000000000000000000000110>;
P_0x1b6fa30 .param/l "reMem3" 0 2 8, +C4<00000000000000000000000000000111>;
P_0x1b6fa70 .param/l "reMem4" 0 2 8, +C4<00000000000000000000000000001000>;
P_0x1b6fab0 .param/l "size_offset" 0 2 14, +C4<00000000000000000000000000011100>;
P_0x1b6faf0 .param/l "tam_ex_mem" 0 2 14, +C4<00000000000000000000000000000100>;
P_0x1b6fb30 .param/l "tam_off_mem" 0 2 14, +C4<00000000000000000000000000000101>;
P_0x1b6fb70 .param/l "tam_pos_mem" 0 2 14, +C4<00000000000000000000000000000100>;
P_0x1b6fbb0 .param/l "v" 0 2 6, +C4<00000000000000000000000000001011>;
P_0x1b6fbf0 .param/l "waitState" 0 2 12, +C4<00000000000000000000000000100000>;
L_0x1b178f0 .functor BUFZ 32, v0x1b51140_0, C4<00000000000000000000000000000000>, C4<00000000000000000000000000000000>, C4<00000000000000000000000000000000>;
L_0x1b19c10 .functor BUFZ 32, v0x1b8edd0_0, C4<00000000000000000000000000000000>, C4<00000000000000000000000000000000>, C4<00000000000000000000000000000000>;
L_0x1b146d0 .functor BUFZ 32, v0x1b91890_0, C4<00000000000000000000000000000000>, C4<00000000000000000000000000000000>, C4<00000000000000000000000000000000>;
L_0x1b145c0 .functor BUFZ 32, v0x1b925f0_0, C4<00000000000000000000000000000000>, C4<00000000000000000000000000000000>, C4<00000000000000000000000000000000>;
L_0x1ada920 .functor BUFZ 32, v0x1b904e0_0, C4<00000000000000000000000000000000>, C4<00000000000000000000000000000000>, C4<00000000000000000000000000000000>;
L_0x1ada7f0 .functor BUFZ 32, v0x1b90e40_0, C4<00000000000000000000000000000000>, C4<00000000000000000000000000000000>, C4<00000000000000000000000000000000>;
L_0x1aeed50 .functor BUFZ 32, v0x1b8f7a0_0, C4<00000000000000000000000000000000>, C4<00000000000000000000000000000000>, C4<00000000000000000000000000000000>;
v0x1b92cf0_0 .net/s "a", 31 0, L_0x1b178f0;  1 drivers
v0x1b92df0_0 .var/s "addrEA", 31 0;
v0x1b92eb0_0 .var/s "addrEB", 31 0;
v0x1b92fb0_0 .var/s "addrGrid", 31 0;
v0x1b93080_0 .var/s "addrOX", 31 0;
v0x1b93120_0 .var/s "addrOY", 31 0;
v0x1b931f0_0 .var/s "addrPX", 31 0;
v0x1b932c0_0 .var/s "addrPY", 31 0;
v0x1b93390_0 .var "aux1", 31 0;
v0x1b934c0_0 .var "aux2", 31 0;
v0x1b935a0_0 .var "aux3", 31 0;
v0x1b93680_0 .var "aux4", 31 0;
v0x1b93760_0 .net/s "b", 31 0, L_0x1b19c10;  1 drivers
v0x1b93840_0 .net "clk", 0 0, v0x1b95b40_0;  1 drivers
v0x1b938e0_0 .var "cont", 31 0;
v0x1b939c0_0 .var/s "diff_pos_x", 31 0;
v0x1b93aa0_0 .var/s "diff_pos_y", 31 0;
v0x1b93b80_0 .var/s "dinGrid", 31 0;
v0x1b93c70_0 .var/s "dinPX", 31 0;
v0x1b93d40_0 .var/s "dinPY", 31 0;
v0x1b93e10_0 .net/s "doutEA", 31 0, v0x1b51140_0;  1 drivers
v0x1b93ee0_0 .net/s "doutEB", 31 0, v0x1b8edd0_0;  1 drivers
v0x1b93fb0_0 .net/s "doutGrid", 31 0, v0x1b8f7a0_0;  1 drivers
v0x1b94080_0 .net/s "doutOX", 31 0, v0x1b904e0_0;  1 drivers
v0x1b94150_0 .net/s "doutOY", 31 0, v0x1b90e40_0;  1 drivers
v0x1b94220_0 .net/s "doutPX", 31 0, v0x1b91890_0;  1 drivers
v0x1b942f0_0 .net/s "doutPY", 31 0, v0x1b925f0_0;  1 drivers
v0x1b943c0_0 .var "i", 31 0;
v0x1b94480_0 .var "j", 31 0;
v0x1b94560_0 .var "next_state", 31 0;
v0x1b94640_0 .var "out", 0 0;
v0x1b94700_0 .net "outGrid", 31 0, L_0x1aeed50;  1 drivers
v0x1b947e0_0 .net "outOX", 31 0, L_0x1ada920;  1 drivers
v0x1b948c0_0 .net "outOY", 31 0, L_0x1ada7f0;  1 drivers
v0x1b949a0_0 .net "outPX", 31 0, L_0x1b146d0;  1 drivers
v0x1b94a80_0 .net "outPY", 31 0, L_0x1b145c0;  1 drivers
v0x1b94b60_0 .var/s "pos_a_X", 31 0;
v0x1b94c40_0 .var/s "pos_a_Y", 31 0;
v0x1b94d20_0 .var/s "pos_b_X", 31 0;
v0x1b94e00_0 .var/s "pos_b_Y", 31 0;
v0x1b94ee0_0 .var "reEA", 0 0;
v0x1b94fb0_0 .var "reEB", 0 0;
v0x1b95080_0 .var "reGrid", 0 0;
v0x1b95150_0 .var "reOX", 0 0;
v0x1b95220_0 .var "reOY", 0 0;
v0x1b952f0_0 .var "rePX", 0 0;
v0x1b953c0_0 .var "rePY", 0 0;
v0x1b95490_0 .net "reset", 0 0, v0x1b95cd0_0;  1 drivers
v0x1b95530_0 .var "state", 31 0;
v0x1b955d0_0 .var/s "sum", 31 0;
v0x1b95670_0 .var/s "sum_1hop", 31 0;
v0x1b95710_0 .var "weGrid", 0 0;
v0x1b957e0_0 .var "wePX", 0 0;
v0x1b958b0_0 .var "wePY", 0 0;
v0x1b95980_0 .var/s "xi", 31 0;
v0x1b95a20_0 .var/s "xj", 31 0;
S_0x1b6fc90 .scope module, "ea" "memoryROM" 2 311, 3 1 0, S_0x1b6f0b0;
 .timescale 0 0;
    .port_info 0 /INPUT 1 "clk"
    .port_info 1 /INPUT 1 "reset"
    .port_info 2 /INPUT 1 "read"
    .port_info 3 /INPUT 32 "addr"
    .port_info 4 /OUTPUT 32 "data"
P_0x1b6c070 .param/l "data_depth" 0 3 3, +C4<00000000000000000000000000001011>;
P_0x1b6c0b0 .param/str "init_file" 0 3 2, "dados/benchmarks/simple/eaData.txt";
v0x1b6d3e0_0 .net/s "addr", 31 0, v0x1b92df0_0;  1 drivers
v0x1b536f0_0 .net "clk", 0 0, v0x1b95b40_0;  alias, 1 drivers
v0x1b51140_0 .var/s "data", 31 0;
v0x1b4ebe0 .array/s "memROM", 0 2047, 31 0;
v0x1b4de00_0 .net "read", 0 0, v0x1b94ee0_0;  1 drivers
v0x1b55a90_0 .net "reset", 0 0, v0x1b95cd0_0;  alias, 1 drivers
E_0x1b1cb10 .event posedge, v0x1b536f0_0;
S_0x1b8e820 .scope module, "eb" "memoryROM" 2 312, 3 1 0, S_0x1b6f0b0;
 .timescale 0 0;
    .port_info 0 /INPUT 1 "clk"
    .port_info 1 /INPUT 1 "reset"
    .port_info 2 /INPUT 1 "read"
    .port_info 3 /INPUT 32 "addr"
    .port_info 4 /OUTPUT 32 "data"
P_0x1b6e230 .param/l "data_depth" 0 3 3, +C4<00000000000000000000000000001011>;
P_0x1b6e270 .param/str "init_file" 0 3 2, "dados/benchmarks/simple/ebData.txt";
v0x1b4c510_0 .net/s "addr", 31 0, v0x1b92eb0_0;  1 drivers
v0x1b8ece0_0 .net "clk", 0 0, v0x1b95b40_0;  alias, 1 drivers
v0x1b8edd0_0 .var/s "data", 31 0;
v0x1b8eea0 .array/s "memROM", 0 2047, 31 0;
v0x1b8ef40_0 .net "read", 0 0, v0x1b94fb0_0;  1 drivers
v0x1b8f000_0 .net "reset", 0 0, v0x1b95cd0_0;  alias, 1 drivers
S_0x1b8f150 .scope module, "grid" "memoryRAM" 2 317, 4 1 0, S_0x1b6f0b0;
 .timescale 0 0;
    .port_info 0 /INPUT 1 "clk"
    .port_info 1 /INPUT 1 "reset"
    .port_info 2 /INPUT 1 "read"
    .port_info 3 /INPUT 1 "write"
    .port_info 4 /INPUT 32 "addr"
    .port_info 5 /OUTPUT 32 "dataRead"
    .port_info 6 /INPUT 32 "dataWrite"
P_0x1b8ea60 .param/l "data_depth" 0 4 3, +C4<00000000000000000000000000000100>;
P_0x1b8eaa0 .param/str "init_file" 0 4 2, "dados/gridData.txt";
v0x1b8f5e0_0 .net/s "addr", 31 0, v0x1b92fb0_0;  1 drivers
v0x1b8f6e0_0 .net "clk", 0 0, v0x1b95b40_0;  alias, 1 drivers
v0x1b8f7a0_0 .var/s "dataRead", 31 0;
v0x1b8f840_0 .net/s "dataWrite", 31 0, v0x1b93b80_0;  1 drivers
v0x1b8f920_0 .var "i", 31 0;
v0x1b8fa50_0 .var "j", 31 0;
v0x1b8fb30 .array/s "memRAM", 0 15, 31 0;
v0x1b8fbf0_0 .net "read", 0 0, v0x1b95080_0;  1 drivers
v0x1b8fcb0_0 .net "reset", 0 0, v0x1b95cd0_0;  alias, 1 drivers
v0x1b8fd50_0 .net "write", 0 0, v0x1b95710_0;  1 drivers
S_0x1b8fef0 .scope module, "offset_x" "memoryROM" 2 313, 3 1 0, S_0x1b6f0b0;
 .timescale 0 0;
    .port_info 0 /INPUT 1 "clk"
    .port_info 1 /INPUT 1 "reset"
    .port_info 2 /INPUT 1 "read"
    .port_info 3 /INPUT 32 "addr"
    .port_info 4 /OUTPUT 32 "data"
P_0x1b900c0 .param/l "data_depth" 0 3 3, +C4<00000000000000000000000000000110>;
P_0x1b90100 .param/str "init_file" 0 3 2, "offsetXData.txt";
v0x1b90320_0 .net/s "addr", 31 0, v0x1b93080_0;  1 drivers
v0x1b90420_0 .net "clk", 0 0, v0x1b95b40_0;  alias, 1 drivers
v0x1b904e0_0 .var/s "data", 31 0;
v0x1b90580 .array/s "memROM", 0 63, 31 0;
v0x1b90640_0 .net "read", 0 0, v0x1b95150_0;  1 drivers
v0x1b90750_0 .net "reset", 0 0, v0x1b95cd0_0;  alias, 1 drivers
S_0x1b90890 .scope module, "offset_y" "memoryROM" 2 314, 3 1 0, S_0x1b6f0b0;
 .timescale 0 0;
    .port_info 0 /INPUT 1 "clk"
    .port_info 1 /INPUT 1 "reset"
    .port_info 2 /INPUT 1 "read"
    .port_info 3 /INPUT 32 "addr"
    .port_info 4 /OUTPUT 32 "data"
P_0x1b901a0 .param/l "data_depth" 0 3 3, +C4<00000000000000000000000000000110>;
P_0x1b901e0 .param/str "init_file" 0 3 2, "offsetYData.txt";
v0x1b90c80_0 .net/s "addr", 31 0, v0x1b93120_0;  1 drivers
v0x1b90d80_0 .net "clk", 0 0, v0x1b95b40_0;  alias, 1 drivers
v0x1b90e40_0 .var/s "data", 31 0;
v0x1b90ee0 .array/s "memROM", 0 63, 31 0;
v0x1b90fa0_0 .net "read", 0 0, v0x1b95220_0;  1 drivers
v0x1b91060_0 .net "reset", 0 0, v0x1b95cd0_0;  alias, 1 drivers
S_0x1b91230 .scope module, "pos_X" "memoryRAM" 2 315, 4 1 0, S_0x1b6f0b0;
 .timescale 0 0;
    .port_info 0 /INPUT 1 "clk"
    .port_info 1 /INPUT 1 "reset"
    .port_info 2 /INPUT 1 "read"
    .port_info 3 /INPUT 1 "write"
    .port_info 4 /INPUT 32 "addr"
    .port_info 5 /OUTPUT 32 "dataRead"
    .port_info 6 /INPUT 32 "dataWrite"
P_0x1b913b0 .param/l "data_depth" 0 4 3, +C4<00000000000000000000000000001011>;
P_0x1b913f0 .param/str "init_file" 0 4 2, "dados/benchmarks/simple/posData.txt";
v0x1b916d0_0 .net/s "addr", 31 0, v0x1b931f0_0;  1 drivers
v0x1b917d0_0 .net "clk", 0 0, v0x1b95b40_0;  alias, 1 drivers
v0x1b91890_0 .var/s "dataRead", 31 0;
v0x1b91930_0 .net/s "dataWrite", 31 0, v0x1b93c70_0;  1 drivers
v0x1b91a10_0 .var "i", 31 0;
v0x1b91af0_0 .var "j", 31 0;
v0x1b91bd0 .array/s "memRAM", 0 2047, 31 0;
v0x1b91c90_0 .net "read", 0 0, v0x1b952f0_0;  1 drivers
v0x1b91d50_0 .net "reset", 0 0, v0x1b95cd0_0;  alias, 1 drivers
v0x1b91df0_0 .net "write", 0 0, v0x1b957e0_0;  1 drivers
S_0x1b91f90 .scope module, "pos_Y" "memoryRAM" 2 316, 4 1 0, S_0x1b6f0b0;
 .timescale 0 0;
    .port_info 0 /INPUT 1 "clk"
    .port_info 1 /INPUT 1 "reset"
    .port_info 2 /INPUT 1 "read"
    .port_info 3 /INPUT 1 "write"
    .port_info 4 /INPUT 32 "addr"
    .port_info 5 /OUTPUT 32 "dataRead"
    .port_info 6 /INPUT 32 "dataWrite"
P_0x1b92110 .param/l "data_depth" 0 4 3, +C4<00000000000000000000000000001011>;
P_0x1b92150 .param/str "init_file" 0 4 2, "dados/benchmarks/simple/posData.txt";
v0x1b92430_0 .net/s "addr", 31 0, v0x1b932c0_0;  1 drivers
v0x1b92530_0 .net "clk", 0 0, v0x1b95b40_0;  alias, 1 drivers
v0x1b925f0_0 .var/s "dataRead", 31 0;
v0x1b92690_0 .net/s "dataWrite", 31 0, v0x1b93d40_0;  1 drivers
v0x1b92770_0 .var "i", 31 0;
v0x1b92850_0 .var "j", 31 0;
v0x1b92930 .array/s "memRAM", 0 2047, 31 0;
v0x1b929f0_0 .net "read", 0 0, v0x1b953c0_0;  1 drivers
v0x1b92ab0_0 .net "reset", 0 0, v0x1b95cd0_0;  alias, 1 drivers
v0x1b92b50_0 .net "write", 0 0, v0x1b958b0_0;  1 drivers
    .scope S_0x1b6fc90;
T_0 ;
    %wait E_0x1b1cb10;
    %load/vec4 v0x1b55a90_0;
    %flag_set/vec4 8;
    %jmp/0xz  T_0.0, 8;
    %pushi/vec4 0, 0, 32;
    %store/vec4 v0x1b51140_0, 0, 32;
    %vpi_call 3 12 "$readmemh", P_0x1b6c0b0, v0x1b4ebe0, 32'sb00000000000000000000000000000000, 32'sb00000000000000000000011111111111 {0 0 0};
    %jmp T_0.1;
T_0.0 ;
    %load/vec4 v0x1b4de00_0;
    %flag_set/vec4 8;
    %jmp/0xz  T_0.2, 8;
    %ix/getv/s 4, v0x1b6d3e0_0;
    %load/vec4a v0x1b4ebe0, 4;
    %assign/vec4 v0x1b51140_0, 0;
T_0.2 ;
T_0.1 ;
    %jmp T_0;
    .thread T_0;
    .scope S_0x1b8e820;
T_1 ;
    %wait E_0x1b1cb10;
    %load/vec4 v0x1b8f000_0;
    %flag_set/vec4 8;
    %jmp/0xz  T_1.0, 8;
    %pushi/vec4 0, 0, 32;
    %store/vec4 v0x1b8edd0_0, 0, 32;
    %vpi_call 3 12 "$readmemh", P_0x1b6e270, v0x1b8eea0, 32'sb00000000000000000000000000000000, 32'sb00000000000000000000011111111111 {0 0 0};
    %jmp T_1.1;
T_1.0 ;
    %load/vec4 v0x1b8ef40_0;
    %flag_set/vec4 8;
    %jmp/0xz  T_1.2, 8;
    %ix/getv/s 4, v0x1b4c510_0;
    %load/vec4a v0x1b8eea0, 4;
    %assign/vec4 v0x1b8edd0_0, 0;
T_1.2 ;
T_1.1 ;
    %jmp T_1;
    .thread T_1;
    .scope S_0x1b8fef0;
T_2 ;
    %wait E_0x1b1cb10;
    %load/vec4 v0x1b90750_0;
    %flag_set/vec4 8;
    %jmp/0xz  T_2.0, 8;
    %pushi/vec4 0, 0, 32;
    %store/vec4 v0x1b904e0_0, 0, 32;
    %vpi_call 3 12 "$readmemh", P_0x1b90100, v0x1b90580, 32'sb00000000000000000000000000000000, 32'sb00000000000000000000000000111111 {0 0 0};
    %jmp T_2.1;
T_2.0 ;
    %load/vec4 v0x1b90640_0;
    %flag_set/vec4 8;
    %jmp/0xz  T_2.2, 8;
    %ix/getv/s 4, v0x1b90320_0;
    %load/vec4a v0x1b90580, 4;
    %assign/vec4 v0x1b904e0_0, 0;
T_2.2 ;
T_2.1 ;
    %jmp T_2;
    .thread T_2;
    .scope S_0x1b90890;
T_3 ;
    %wait E_0x1b1cb10;
    %load/vec4 v0x1b91060_0;
    %flag_set/vec4 8;
    %jmp/0xz  T_3.0, 8;
    %pushi/vec4 0, 0, 32;
    %store/vec4 v0x1b90e40_0, 0, 32;
    %vpi_call 3 12 "$readmemh", P_0x1b901e0, v0x1b90ee0, 32'sb00000000000000000000000000000000, 32'sb00000000000000000000000000111111 {0 0 0};
    %jmp T_3.1;
T_3.0 ;
    %load/vec4 v0x1b90fa0_0;
    %flag_set/vec4 8;
    %jmp/0xz  T_3.2, 8;
    %ix/getv/s 4, v0x1b90c80_0;
    %load/vec4a v0x1b90ee0, 4;
    %assign/vec4 v0x1b90e40_0, 0;
T_3.2 ;
T_3.1 ;
    %jmp T_3;
    .thread T_3;
    .scope S_0x1b91230;
T_4 ;
    %wait E_0x1b1cb10;
    %load/vec4 v0x1b91d50_0;
    %flag_set/vec4 8;
    %jmp/0xz  T_4.0, 8;
    %pushi/vec4 0, 0, 32;
    %store/vec4 v0x1b91890_0, 0, 32;
    %vpi_call 4 13 "$readmemh", P_0x1b913f0, v0x1b91bd0, 32'sb00000000000000000000000000000000, 32'sb00000000000000000000011111111111 {0 0 0};
    %jmp T_4.1;
T_4.0 ;
    %pushi/vec4 0, 0, 32;
    %assign/vec4 v0x1b91890_0, 0;
    %load/vec4 v0x1b91c90_0;
    %flag_set/vec4 8;
    %jmp/0xz  T_4.2, 8;
    %ix/getv/s 4, v0x1b916d0_0;
    %load/vec4a v0x1b91bd0, 4;
    %assign/vec4 v0x1b91890_0, 0;
T_4.2 ;
    %load/vec4 v0x1b91df0_0;
    %flag_set/vec4 8;
    %jmp/0xz  T_4.4, 8;
    %load/vec4 v0x1b91930_0;
    %ix/getv/s 3, v0x1b916d0_0;
    %ix/load 4, 0, 0; Constant delay
    %assign/vec4/a/d v0x1b91bd0, 0, 4;
T_4.4 ;
    %vpi_call 4 23 "$display" {0 0 0};
    %pushi/vec4 0, 0, 32;
    %store/vec4 v0x1b91a10_0, 0, 32;
T_4.6 ;
    %load/vec4 v0x1b91a10_0;
    %cmpi/u 11, 0, 32;
    %jmp/0xz T_4.7, 5;
    %pushi/vec4 0, 0, 32;
    %store/vec4 v0x1b91af0_0, 0, 32;
T_4.8 ;
    %load/vec4 v0x1b91af0_0;
    %cmpi/u 11, 0, 32;
    %jmp/0xz T_4.9, 5;
    %load/vec4 v0x1b91a10_0;
    %pad/u 65;
    %muli 11, 0, 65;
    %load/vec4 v0x1b91af0_0;
    %pad/u 65;
    %add;
    %ix/vec4 4;
    %load/vec4a v0x1b91bd0, 4;
    %vpi_call 4 26 "$write", "%4d", S<0,vec4,s32> {1 0 0};
    %load/vec4 v0x1b91af0_0;
    %pushi/vec4 1, 0, 32;
    %add;
    %store/vec4 v0x1b91af0_0, 0, 32;
    %jmp T_4.8;
T_4.9 ;
    %vpi_call 4 28 "$display" {0 0 0};
    %load/vec4 v0x1b91a10_0;
    %pushi/vec4 1, 0, 32;
    %add;
    %store/vec4 v0x1b91a10_0, 0, 32;
    %jmp T_4.6;
T_4.7 ;
T_4.1 ;
    %jmp T_4;
    .thread T_4;
    .scope S_0x1b91f90;
T_5 ;
    %wait E_0x1b1cb10;
    %load/vec4 v0x1b92ab0_0;
    %flag_set/vec4 8;
    %jmp/0xz  T_5.0, 8;
    %pushi/vec4 0, 0, 32;
    %store/vec4 v0x1b925f0_0, 0, 32;
    %vpi_call 4 13 "$readmemh", P_0x1b92150, v0x1b92930, 32'sb00000000000000000000000000000000, 32'sb00000000000000000000011111111111 {0 0 0};
    %jmp T_5.1;
T_5.0 ;
    %pushi/vec4 0, 0, 32;
    %assign/vec4 v0x1b925f0_0, 0;
    %load/vec4 v0x1b929f0_0;
    %flag_set/vec4 8;
    %jmp/0xz  T_5.2, 8;
    %ix/getv/s 4, v0x1b92430_0;
    %load/vec4a v0x1b92930, 4;
    %assign/vec4 v0x1b925f0_0, 0;
T_5.2 ;
    %load/vec4 v0x1b92b50_0;
    %flag_set/vec4 8;
    %jmp/0xz  T_5.4, 8;
    %load/vec4 v0x1b92690_0;
    %ix/getv/s 3, v0x1b92430_0;
    %ix/load 4, 0, 0; Constant delay
    %assign/vec4/a/d v0x1b92930, 0, 4;
T_5.4 ;
    %vpi_call 4 23 "$display" {0 0 0};
    %pushi/vec4 0, 0, 32;
    %store/vec4 v0x1b92770_0, 0, 32;
T_5.6 ;
    %load/vec4 v0x1b92770_0;
    %cmpi/u 11, 0, 32;
    %jmp/0xz T_5.7, 5;
    %pushi/vec4 0, 0, 32;
    %store/vec4 v0x1b92850_0, 0, 32;
T_5.8 ;
    %load/vec4 v0x1b92850_0;
    %cmpi/u 11, 0, 32;
    %jmp/0xz T_5.9, 5;
    %load/vec4 v0x1b92770_0;
    %pad/u 65;
    %muli 11, 0, 65;
    %load/vec4 v0x1b92850_0;
    %pad/u 65;
    %add;
    %ix/vec4 4;
    %load/vec4a v0x1b92930, 4;
    %vpi_call 4 26 "$write", "%4d", S<0,vec4,s32> {1 0 0};
    %load/vec4 v0x1b92850_0;
    %pushi/vec4 1, 0, 32;
    %add;
    %store/vec4 v0x1b92850_0, 0, 32;
    %jmp T_5.8;
T_5.9 ;
    %vpi_call 4 28 "$display" {0 0 0};
    %load/vec4 v0x1b92770_0;
    %pushi/vec4 1, 0, 32;
    %add;
    %store/vec4 v0x1b92770_0, 0, 32;
    %jmp T_5.6;
T_5.7 ;
T_5.1 ;
    %jmp T_5;
    .thread T_5;
    .scope S_0x1b8f150;
T_6 ;
    %wait E_0x1b1cb10;
    %load/vec4 v0x1b8fcb0_0;
    %flag_set/vec4 8;
    %jmp/0xz  T_6.0, 8;
    %pushi/vec4 0, 0, 32;
    %store/vec4 v0x1b8f7a0_0, 0, 32;
    %vpi_call 4 13 "$readmemh", P_0x1b8eaa0, v0x1b8fb30, 32'sb00000000000000000000000000000000, 32'sb00000000000000000000000000001111 {0 0 0};
    %jmp T_6.1;
T_6.0 ;
    %pushi/vec4 0, 0, 32;
    %assign/vec4 v0x1b8f7a0_0, 0;
    %load/vec4 v0x1b8fbf0_0;
    %flag_set/vec4 8;
    %jmp/0xz  T_6.2, 8;
    %ix/getv/s 4, v0x1b8f5e0_0;
    %load/vec4a v0x1b8fb30, 4;
    %assign/vec4 v0x1b8f7a0_0, 0;
T_6.2 ;
    %load/vec4 v0x1b8fd50_0;
    %flag_set/vec4 8;
    %jmp/0xz  T_6.4, 8;
    %load/vec4 v0x1b8f840_0;
    %ix/getv/s 3, v0x1b8f5e0_0;
    %ix/load 4, 0, 0; Constant delay
    %assign/vec4/a/d v0x1b8fb30, 0, 4;
T_6.4 ;
    %vpi_call 4 23 "$display" {0 0 0};
    %pushi/vec4 0, 0, 32;
    %store/vec4 v0x1b8f920_0, 0, 32;
T_6.6 ;
    %load/vec4 v0x1b8f920_0;
    %cmpi/u 4, 0, 32;
    %jmp/0xz T_6.7, 5;
    %pushi/vec4 0, 0, 32;
    %store/vec4 v0x1b8fa50_0, 0, 32;
T_6.8 ;
    %load/vec4 v0x1b8fa50_0;
    %cmpi/u 4, 0, 32;
    %jmp/0xz T_6.9, 5;
    %load/vec4 v0x1b8f920_0;
    %pad/u 65;
    %muli 4, 0, 65;
    %load/vec4 v0x1b8fa50_0;
    %pad/u 65;
    %add;
    %ix/vec4 4;
    %load/vec4a v0x1b8fb30, 4;
    %vpi_call 4 26 "$write", "%4d", S<0,vec4,s32> {1 0 0};
    %load/vec4 v0x1b8fa50_0;
    %pushi/vec4 1, 0, 32;
    %add;
    %store/vec4 v0x1b8fa50_0, 0, 32;
    %jmp T_6.8;
T_6.9 ;
    %vpi_call 4 28 "$display" {0 0 0};
    %load/vec4 v0x1b8f920_0;
    %pushi/vec4 1, 0, 32;
    %add;
    %store/vec4 v0x1b8f920_0, 0, 32;
    %jmp T_6.6;
T_6.7 ;
T_6.1 ;
    %jmp T_6;
    .thread T_6;
    .scope S_0x1b6f0b0;
T_7 ;
    %wait E_0x1b1cb10;
    %load/vec4 v0x1b95490_0;
    %flag_set/vec4 8;
    %jmp/0xz  T_7.0, 8;
    %pushi/vec4 0, 0, 1;
    %assign/vec4 v0x1b94ee0_0, 0;
    %pushi/vec4 0, 0, 32;
    %assign/vec4 v0x1b92df0_0, 0;
    %pushi/vec4 0, 0, 1;
    %assign/vec4 v0x1b94fb0_0, 0;
    %pushi/vec4 0, 0, 32;
    %assign/vec4 v0x1b92eb0_0, 0;
    %pushi/vec4 0, 0, 1;
    %assign/vec4 v0x1b95150_0, 0;
    %pushi/vec4 0, 0, 32;
    %assign/vec4 v0x1b93080_0, 0;
    %pushi/vec4 0, 0, 1;
    %assign/vec4 v0x1b95220_0, 0;
    %pushi/vec4 0, 0, 32;
    %assign/vec4 v0x1b93120_0, 0;
    %pushi/vec4 0, 0, 1;
    %assign/vec4 v0x1b952f0_0, 0;
    %pushi/vec4 0, 0, 1;
    %assign/vec4 v0x1b957e0_0, 0;
    %pushi/vec4 0, 0, 32;
    %assign/vec4 v0x1b931f0_0, 0;
    %pushi/vec4 0, 0, 32;
    %assign/vec4 v0x1b93c70_0, 0;
    %pushi/vec4 0, 0, 1;
    %assign/vec4 v0x1b953c0_0, 0;
    %pushi/vec4 0, 0, 1;
    %assign/vec4 v0x1b958b0_0, 0;
    %pushi/vec4 0, 0, 32;
    %assign/vec4 v0x1b932c0_0, 0;
    %pushi/vec4 0, 0, 32;
    %assign/vec4 v0x1b93d40_0, 0;
    %pushi/vec4 0, 0, 1;
    %assign/vec4 v0x1b95080_0, 0;
    %pushi/vec4 0, 0, 1;
    %assign/vec4 v0x1b95710_0, 0;
    %pushi/vec4 0, 0, 32;
    %assign/vec4 v0x1b92fb0_0, 0;
    %pushi/vec4 0, 0, 32;
    %assign/vec4 v0x1b93b80_0, 0;
    %pushi/vec4 0, 0, 32;
    %assign/vec4 v0x1b95530_0, 0;
    %pushi/vec4 0, 0, 32;
    %assign/vec4 v0x1b94560_0, 0;
    %pushi/vec4 0, 0, 32;
    %assign/vec4 v0x1b955d0_0, 0;
    %pushi/vec4 0, 0, 32;
    %assign/vec4 v0x1b938e0_0, 0;
    %pushi/vec4 0, 0, 32;
    %assign/vec4 v0x1b95670_0, 0;
    %jmp T_7.1;
T_7.0 ;
    %load/vec4 v0x1b938e0_0;
    %addi 1, 0, 32;
    %assign/vec4 v0x1b938e0_0, 0;
    %pushi/vec4 0, 0, 1;
    %assign/vec4 v0x1b94ee0_0, 0;
    %pushi/vec4 0, 0, 1;
    %assign/vec4 v0x1b94fb0_0, 0;
    %pushi/vec4 0, 0, 1;
    %assign/vec4 v0x1b95150_0, 0;
    %pushi/vec4 0, 0, 1;
    %assign/vec4 v0x1b95220_0, 0;
    %pushi/vec4 0, 0, 1;
    %assign/vec4 v0x1b952f0_0, 0;
    %pushi/vec4 0, 0, 1;
    %assign/vec4 v0x1b957e0_0, 0;
    %pushi/vec4 0, 0, 1;
    %assign/vec4 v0x1b953c0_0, 0;
    %pushi/vec4 0, 0, 1;
    %assign/vec4 v0x1b958b0_0, 0;
    %pushi/vec4 0, 0, 1;
    %assign/vec4 v0x1b95080_0, 0;
    %pushi/vec4 0, 0, 1;
    %assign/vec4 v0x1b95710_0, 0;
    %load/vec4 v0x1b95530_0;
    %dup/vec4;
    %pushi/vec4 0, 0, 32;
    %cmp/u;
    %jmp/1 T_7.2, 6;
    %dup/vec4;
    %pushi/vec4 1, 0, 32;
    %cmp/u;
    %jmp/1 T_7.3, 6;
    %dup/vec4;
    %pushi/vec4 2, 0, 32;
    %cmp/u;
    %jmp/1 T_7.4, 6;
    %dup/vec4;
    %pushi/vec4 3, 0, 32;
    %cmp/u;
    %jmp/1 T_7.5, 6;
    %dup/vec4;
    %pushi/vec4 4, 0, 32;
    %cmp/u;
    %jmp/1 T_7.6, 6;
    %dup/vec4;
    %pushi/vec4 5, 0, 32;
    %cmp/u;
    %jmp/1 T_7.7, 6;
    %dup/vec4;
    %pushi/vec4 6, 0, 32;
    %cmp/u;
    %jmp/1 T_7.8, 6;
    %dup/vec4;
    %pushi/vec4 7, 0, 32;
    %cmp/u;
    %jmp/1 T_7.9, 6;
    %dup/vec4;
    %pushi/vec4 8, 0, 32;
    %cmp/u;
    %jmp/1 T_7.10, 6;
    %dup/vec4;
    %pushi/vec4 9, 0, 32;
    %cmp/u;
    %jmp/1 T_7.11, 6;
    %dup/vec4;
    %pushi/vec4 10, 0, 32;
    %cmp/u;
    %jmp/1 T_7.12, 6;
    %dup/vec4;
    %pushi/vec4 11, 0, 32;
    %cmp/u;
    %jmp/1 T_7.13, 6;
    %dup/vec4;
    %pushi/vec4 12, 0, 32;
    %cmp/u;
    %jmp/1 T_7.14, 6;
    %dup/vec4;
    %pushi/vec4 13, 0, 32;
    %cmp/u;
    %jmp/1 T_7.15, 6;
    %dup/vec4;
    %pushi/vec4 14, 0, 32;
    %cmp/u;
    %jmp/1 T_7.16, 6;
    %dup/vec4;
    %pushi/vec4 15, 0, 32;
    %cmp/u;
    %jmp/1 T_7.17, 6;
    %dup/vec4;
    %pushi/vec4 16, 0, 32;
    %cmp/u;
    %jmp/1 T_7.18, 6;
    %dup/vec4;
    %pushi/vec4 17, 0, 32;
    %cmp/u;
    %jmp/1 T_7.19, 6;
    %dup/vec4;
    %pushi/vec4 18, 0, 32;
    %cmp/u;
    %jmp/1 T_7.20, 6;
    %dup/vec4;
    %pushi/vec4 19, 0, 32;
    %cmp/u;
    %jmp/1 T_7.21, 6;
    %dup/vec4;
    %pushi/vec4 20, 0, 32;
    %cmp/u;
    %jmp/1 T_7.22, 6;
    %dup/vec4;
    %pushi/vec4 21, 0, 32;
    %cmp/u;
    %jmp/1 T_7.23, 6;
    %dup/vec4;
    %pushi/vec4 22, 0, 32;
    %cmp/u;
    %jmp/1 T_7.24, 6;
    %dup/vec4;
    %pushi/vec4 23, 0, 32;
    %cmp/u;
    %jmp/1 T_7.25, 6;
    %dup/vec4;
    %pushi/vec4 24, 0, 32;
    %cmp/u;
    %jmp/1 T_7.26, 6;
    %dup/vec4;
    %pushi/vec4 25, 0, 32;
    %cmp/u;
    %jmp/1 T_7.27, 6;
    %dup/vec4;
    %pushi/vec4 26, 0, 32;
    %cmp/u;
    %jmp/1 T_7.28, 6;
    %dup/vec4;
    %pushi/vec4 27, 0, 32;
    %cmp/u;
    %jmp/1 T_7.29, 6;
    %dup/vec4;
    %pushi/vec4 28, 0, 32;
    %cmp/u;
    %jmp/1 T_7.30, 6;
    %dup/vec4;
    %pushi/vec4 29, 0, 32;
    %cmp/u;
    %jmp/1 T_7.31, 6;
    %dup/vec4;
    %pushi/vec4 30, 0, 32;
    %cmp/u;
    %jmp/1 T_7.32, 6;
    %dup/vec4;
    %pushi/vec4 31, 0, 32;
    %cmp/u;
    %jmp/1 T_7.33, 6;
    %dup/vec4;
    %pushi/vec4 32, 0, 32;
    %cmp/u;
    %jmp/1 T_7.34, 6;
    %jmp T_7.35;
T_7.2 ;
    %pushi/vec4 1, 0, 1;
    %assign/vec4 v0x1b94ee0_0, 0;
    %pushi/vec4 0, 0, 32;
    %assign/vec4 v0x1b92df0_0, 0;
    %pushi/vec4 1, 0, 32;
    %assign/vec4 v0x1b95530_0, 0;
    %jmp T_7.35;
T_7.3 ;
    %pushi/vec4 1, 0, 1;
    %assign/vec4 v0x1b957e0_0, 0;
    %load/vec4 v0x1b92cf0_0;
    %assign/vec4 v0x1b931f0_0, 0;
    %pushi/vec4 0, 0, 32;
    %assign/vec4 v0x1b93c70_0, 0;
    %pushi/vec4 1, 0, 1;
    %assign/vec4 v0x1b958b0_0, 0;
    %load/vec4 v0x1b92cf0_0;
    %assign/vec4 v0x1b932c0_0, 0;
    %pushi/vec4 0, 0, 32;
    %assign/vec4 v0x1b93d40_0, 0;
    %pushi/vec4 2, 0, 32;
    %assign/vec4 v0x1b95530_0, 0;
    %jmp T_7.35;
T_7.4 ;
    %pushi/vec4 1, 0, 1;
    %assign/vec4 v0x1b952f0_0, 0;
    %load/vec4 v0x1b92cf0_0;
    %assign/vec4 v0x1b931f0_0, 0;
    %pushi/vec4 1, 0, 1;
    %assign/vec4 v0x1b953c0_0, 0;
    %load/vec4 v0x1b92cf0_0;
    %assign/vec4 v0x1b932c0_0, 0;
    %pushi/vec4 0, 0, 32;
    %assign/vec4 v0x1b943c0_0, 0;
    %pushi/vec4 0, 0, 32;
    %assign/vec4 v0x1b94480_0, 0;
    %pushi/vec4 32, 0, 32;
    %assign/vec4 v0x1b95530_0, 0;
    %pushi/vec4 3, 0, 32;
    %assign/vec4 v0x1b94560_0, 0;
    %jmp T_7.35;
T_7.5 ;
    %pushi/vec4 1, 0, 1;
    %assign/vec4 v0x1b95710_0, 0;
    %load/vec4 v0x1b949a0_0;
    %muli 4, 0, 32;
    %load/vec4 v0x1b94a80_0;
    %add;
    %assign/vec4 v0x1b92fb0_0, 0;
    %load/vec4 v0x1b92cf0_0;
    %assign/vec4 v0x1b93b80_0, 0;
    %pushi/vec4 4, 0, 32;
    %assign/vec4 v0x1b95530_0, 0;
    %jmp T_7.35;
T_7.6 ;
    %load/vec4 v0x1b943c0_0;
    %cmpi/e 15, 0, 32;
    %jmp/0xz  T_7.36, 4;
    %pushi/vec4 0, 0, 32;
    %assign/vec4 v0x1b943c0_0, 0;
    %pushi/vec4 23, 0, 32;
    %assign/vec4 v0x1b95530_0, 0;
    %jmp T_7.37;
T_7.36 ;
    %pushi/vec4 1, 0, 1;
    %assign/vec4 v0x1b94ee0_0, 0;
    %load/vec4 v0x1b943c0_0;
    %assign/vec4 v0x1b92df0_0, 0;
    %pushi/vec4 1, 0, 1;
    %assign/vec4 v0x1b94fb0_0, 0;
    %load/vec4 v0x1b943c0_0;
    %assign/vec4 v0x1b92eb0_0, 0;
    %pushi/vec4 32, 0, 32;
    %assign/vec4 v0x1b95530_0, 0;
    %pushi/vec4 5, 0, 32;
    %assign/vec4 v0x1b94560_0, 0;
T_7.37 ;
    %jmp T_7.35;
T_7.7 ;
    %pushi/vec4 1, 0, 1;
    %assign/vec4 v0x1b952f0_0, 0;
    %load/vec4 v0x1b92cf0_0;
    %assign/vec4 v0x1b931f0_0, 0;
    %pushi/vec4 1, 0, 1;
    %assign/vec4 v0x1b953c0_0, 0;
    %load/vec4 v0x1b92cf0_0;
    %assign/vec4 v0x1b932c0_0, 0;
    %pushi/vec4 32, 0, 32;
    %assign/vec4 v0x1b95530_0, 0;
    %pushi/vec4 6, 0, 32;
    %assign/vec4 v0x1b94560_0, 0;
    %jmp T_7.35;
T_7.8 ;
    %load/vec4 v0x1b949a0_0;
    %assign/vec4 v0x1b94b60_0, 0;
    %load/vec4 v0x1b94a80_0;
    %assign/vec4 v0x1b94c40_0, 0;
    %pushi/vec4 7, 0, 32;
    %assign/vec4 v0x1b95530_0, 0;
    %pushi/vec4 8, 0, 32;
    %assign/vec4 v0x1b94560_0, 0;
    %jmp T_7.35;
T_7.9 ;
    %pushi/vec4 1, 0, 1;
    %assign/vec4 v0x1b952f0_0, 0;
    %load/vec4 v0x1b93760_0;
    %assign/vec4 v0x1b931f0_0, 0;
    %pushi/vec4 1, 0, 1;
    %assign/vec4 v0x1b953c0_0, 0;
    %load/vec4 v0x1b93760_0;
    %assign/vec4 v0x1b932c0_0, 0;
    %pushi/vec4 32, 0, 32;
    %assign/vec4 v0x1b95530_0, 0;
    %jmp T_7.35;
T_7.10 ;
    %load/vec4 v0x1b949a0_0;
    %assign/vec4 v0x1b94d20_0, 0;
    %load/vec4 v0x1b94a80_0;
    %assign/vec4 v0x1b94e00_0, 0;
    %load/vec4 v0x1b943c0_0;
    %cmpi/e 0, 0, 32;
    %jmp/0xz  T_7.38, 4;
    %pushi/vec4 17, 0, 32;
    %assign/vec4 v0x1b95530_0, 0;
    %jmp T_7.39;
T_7.38 ;
    %pushi/vec4 9, 0, 32;
    %assign/vec4 v0x1b95530_0, 0;
T_7.39 ;
    %jmp T_7.35;
T_7.11 ;
    %load/vec4 v0x1b94b60_0;
    %cmpi/ne 4294967295, 0, 32;
    %jmp/0xz  T_7.40, 4;
    %pushi/vec4 17, 0, 32;
    %assign/vec4 v0x1b95530_0, 0;
    %pushi/vec4 0, 0, 32;
    %assign/vec4 v0x1b94480_0, 0;
    %jmp T_7.41;
T_7.40 ;
    %pushi/vec4 1, 0, 1;
    %assign/vec4 v0x1b952f0_0, 0;
    %load/vec4 v0x1b943c0_0;
    %subi 1, 0, 32;
    %assign/vec4 v0x1b931f0_0, 0;
    %pushi/vec4 1, 0, 1;
    %assign/vec4 v0x1b95150_0, 0;
    %load/vec4 v0x1b94480_0;
    %assign/vec4 v0x1b93080_0, 0;
    %pushi/vec4 1, 0, 1;
    %assign/vec4 v0x1b953c0_0, 0;
    %load/vec4 v0x1b943c0_0;
    %subi 1, 0, 32;
    %assign/vec4 v0x1b932c0_0, 0;
    %pushi/vec4 1, 0, 1;
    %assign/vec4 v0x1b95220_0, 0;
    %load/vec4 v0x1b94480_0;
    %assign/vec4 v0x1b93120_0, 0;
    %pushi/vec4 32, 0, 32;
    %assign/vec4 v0x1b95530_0, 0;
    %pushi/vec4 10, 0, 32;
    %assign/vec4 v0x1b94560_0, 0;
T_7.41 ;
    %jmp T_7.35;
T_7.12 ;
    %load/vec4 v0x1b949a0_0;
    %load/vec4 v0x1b947e0_0;
    %add;
    %assign/vec4 v0x1b93390_0, 0;
    %load/vec4 v0x1b94a80_0;
    %load/vec4 v0x1b948c0_0;
    %add;
    %assign/vec4 v0x1b935a0_0, 0;
    %pushi/vec4 11, 0, 32;
    %assign/vec4 v0x1b95530_0, 0;
    %jmp T_7.35;
T_7.13 ;
    %pushi/vec4 1, 0, 1;
    %assign/vec4 v0x1b957e0_0, 0;
    %load/vec4 v0x1b92cf0_0;
    %assign/vec4 v0x1b931f0_0, 0;
    %load/vec4 v0x1b93390_0;
    %assign/vec4 v0x1b93c70_0, 0;
    %pushi/vec4 1, 0, 1;
    %assign/vec4 v0x1b958b0_0, 0;
    %load/vec4 v0x1b92cf0_0;
    %assign/vec4 v0x1b932c0_0, 0;
    %load/vec4 v0x1b935a0_0;
    %assign/vec4 v0x1b93d40_0, 0;
    %pushi/vec4 12, 0, 32;
    %assign/vec4 v0x1b95530_0, 0;
    %jmp T_7.35;
T_7.14 ;
    %pushi/vec4 1, 0, 1;
    %assign/vec4 v0x1b952f0_0, 0;
    %load/vec4 v0x1b92cf0_0;
    %assign/vec4 v0x1b931f0_0, 0;
    %pushi/vec4 1, 0, 1;
    %assign/vec4 v0x1b953c0_0, 0;
    %load/vec4 v0x1b92cf0_0;
    %assign/vec4 v0x1b932c0_0, 0;
    %load/vec4 v0x1b94480_0;
    %pushi/vec4 1, 0, 32;
    %add;
    %store/vec4 v0x1b94480_0, 0, 32;
    %pushi/vec4 32, 0, 32;
    %assign/vec4 v0x1b95530_0, 0;
    %pushi/vec4 13, 0, 32;
    %assign/vec4 v0x1b94560_0, 0;
    %jmp T_7.35;
T_7.15 ;
    %load/vec4 v0x1b949a0_0;
    %assign/vec4 v0x1b95980_0, 0;
    %load/vec4 v0x1b94a80_0;
    %assign/vec4 v0x1b95a20_0, 0;
    %load/vec4 v0x1b949a0_0;
    %muli 4, 0, 32;
    %load/vec4 v0x1b94a80_0;
    %add;
    %assign/vec4 v0x1b93390_0, 0;
    %pushi/vec4 14, 0, 32;
    %assign/vec4 v0x1b95530_0, 0;
    %jmp T_7.35;
T_7.16 ;
    %pushi/vec4 1, 0, 1;
    %assign/vec4 v0x1b95080_0, 0;
    %load/vec4 v0x1b93390_0;
    %assign/vec4 v0x1b92fb0_0, 0;
    %pushi/vec4 32, 0, 32;
    %assign/vec4 v0x1b95530_0, 0;
    %pushi/vec4 15, 0, 32;
    %assign/vec4 v0x1b94560_0, 0;
    %jmp T_7.35;
T_7.17 ;
    %load/vec4 v0x1b94700_0;
    %assign/vec4 v0x1b934c0_0, 0;
    %pushi/vec4 16, 0, 32;
    %assign/vec4 v0x1b95530_0, 0;
    %jmp T_7.35;
T_7.18 ;
    %load/vec4 v0x1b934c0_0;
    %pushi/vec4 4294967295, 0, 32;
    %cmp/e;
    %flag_get/vec4 4;
    %load/vec4 v0x1b95980_0;
    %cmpi/s 4, 0, 32;
    %flag_get/vec4 5;
    %and;
    %pushi/vec4 0, 0, 32;
    %load/vec4 v0x1b95980_0;
    %cmp/s;
    %flag_get/vec4 4;
    %flag_get/vec4 5;
    %or;
    %and;
    %load/vec4 v0x1b95a20_0;
    %cmpi/s 4, 0, 32;
    %flag_get/vec4 5;
    %and;
    %pushi/vec4 0, 0, 32;
    %load/vec4 v0x1b95a20_0;
    %cmp/s;
    %flag_get/vec4 4;
    %flag_get/vec4 5;
    %or;
    %and;
    %flag_set/vec4 8;
    %jmp/0xz  T_7.42, 8;
    %pushi/vec4 1, 0, 1;
    %assign/vec4 v0x1b95710_0, 0;
    %load/vec4 v0x1b93390_0;
    %assign/vec4 v0x1b92fb0_0, 0;
    %load/vec4 v0x1b92cf0_0;
    %assign/vec4 v0x1b93b80_0, 0;
    %load/vec4 v0x1b95980_0;
    %assign/vec4 v0x1b94b60_0, 0;
    %load/vec4 v0x1b95a20_0;
    %assign/vec4 v0x1b94c40_0, 0;
    %pushi/vec4 17, 0, 32;
    %assign/vec4 v0x1b95530_0, 0;
    %pushi/vec4 0, 0, 32;
    %assign/vec4 v0x1b94480_0, 0;
    %jmp T_7.43;
T_7.42 ;
    %load/vec4 v0x1b94b60_0;
    %cmpi/e 4294967295, 0, 32;
    %jmp/0xz  T_7.44, 4;
    %pushi/vec4 9, 0, 32;
    %assign/vec4 v0x1b95530_0, 0;
T_7.44 ;
T_7.43 ;
    %pushi/vec4 28, 0, 32;
    %load/vec4 v0x1b94480_0;
    %cmp/u;
    %jmp/0xz  T_7.46, 5;
    %vpi_call 2 192 "$display", "No solution\012" {0 0 0};
    %pushi/vec4 0, 0, 1;
    %assign/vec4 v0x1b94640_0, 0;
    %pushi/vec4 31, 0, 32;
    %assign/vec4 v0x1b95530_0, 0;
T_7.46 ;
    %jmp T_7.35;
T_7.19 ;
    %load/vec4 v0x1b94d20_0;
    %cmpi/ne 4294967295, 0, 32;
    %jmp/0xz  T_7.48, 4;
    %pushi/vec4 4, 0, 32;
    %assign/vec4 v0x1b95530_0, 0;
    %pushi/vec4 0, 0, 32;
    %assign/vec4 v0x1b94480_0, 0;
    %load/vec4 v0x1b943c0_0;
    %pushi/vec4 1, 0, 32;
    %add;
    %store/vec4 v0x1b943c0_0, 0, 32;
    %jmp T_7.49;
T_7.48 ;
    %pushi/vec4 1, 0, 1;
    %assign/vec4 v0x1b95150_0, 0;
    %load/vec4 v0x1b94480_0;
    %assign/vec4 v0x1b93080_0, 0;
    %pushi/vec4 1, 0, 1;
    %assign/vec4 v0x1b95220_0, 0;
    %load/vec4 v0x1b94480_0;
    %assign/vec4 v0x1b93120_0, 0;
    %pushi/vec4 32, 0, 32;
    %assign/vec4 v0x1b95530_0, 0;
    %pushi/vec4 18, 0, 32;
    %assign/vec4 v0x1b94560_0, 0;
T_7.49 ;
    %jmp T_7.35;
T_7.20 ;
    %load/vec4 v0x1b94b60_0;
    %load/vec4 v0x1b947e0_0;
    %add;
    %assign/vec4 v0x1b95980_0, 0;
    %load/vec4 v0x1b94c40_0;
    %load/vec4 v0x1b948c0_0;
    %add;
    %assign/vec4 v0x1b95a20_0, 0;
    %pushi/vec4 19, 0, 32;
    %assign/vec4 v0x1b95530_0, 0;
    %jmp T_7.35;
T_7.21 ;
    %load/vec4 v0x1b95980_0;
    %muli 4, 0, 32;
    %load/vec4 v0x1b95a20_0;
    %add;
    %assign/vec4 v0x1b93390_0, 0;
    %pushi/vec4 20, 0, 32;
    %assign/vec4 v0x1b95530_0, 0;
    %jmp T_7.35;
T_7.22 ;
    %load/vec4 v0x1b94480_0;
    %pushi/vec4 1, 0, 32;
    %add;
    %store/vec4 v0x1b94480_0, 0, 32;
    %pushi/vec4 1, 0, 1;
    %assign/vec4 v0x1b95080_0, 0;
    %load/vec4 v0x1b93390_0;
    %assign/vec4 v0x1b92fb0_0, 0;
    %pushi/vec4 32, 0, 32;
    %assign/vec4 v0x1b95530_0, 0;
    %pushi/vec4 21, 0, 32;
    %assign/vec4 v0x1b94560_0, 0;
    %jmp T_7.35;
T_7.23 ;
    %load/vec4 v0x1b94700_0;
    %assign/vec4 v0x1b934c0_0, 0;
    %pushi/vec4 22, 0, 32;
    %assign/vec4 v0x1b95530_0, 0;
    %jmp T_7.35;
T_7.24 ;
    %load/vec4 v0x1b934c0_0;
    %pushi/vec4 4294967295, 0, 32;
    %cmp/e;
    %flag_get/vec4 4;
    %load/vec4 v0x1b95980_0;
    %cmpi/s 4, 0, 32;
    %flag_get/vec4 5;
    %and;
    %pushi/vec4 0, 0, 32;
    %load/vec4 v0x1b95980_0;
    %cmp/s;
    %flag_get/vec4 4;
    %flag_get/vec4 5;
    %or;
    %and;
    %load/vec4 v0x1b95a20_0;
    %cmpi/s 4, 0, 32;
    %flag_get/vec4 5;
    %and;
    %pushi/vec4 0, 0, 32;
    %load/vec4 v0x1b95a20_0;
    %cmp/s;
    %flag_get/vec4 4;
    %flag_get/vec4 5;
    %or;
    %and;
    %flag_set/vec4 8;
    %jmp/0xz  T_7.50, 8;
    %pushi/vec4 1, 0, 1;
    %assign/vec4 v0x1b95710_0, 0;
    %load/vec4 v0x1b93390_0;
    %assign/vec4 v0x1b92fb0_0, 0;
    %load/vec4 v0x1b93760_0;
    %assign/vec4 v0x1b93b80_0, 0;
    %load/vec4 v0x1b95980_0;
    %assign/vec4 v0x1b94d20_0, 0;
    %load/vec4 v0x1b95a20_0;
    %assign/vec4 v0x1b94e00_0, 0;
    %pushi/vec4 1, 0, 1;
    %assign/vec4 v0x1b957e0_0, 0;
    %load/vec4 v0x1b93760_0;
    %assign/vec4 v0x1b931f0_0, 0;
    %load/vec4 v0x1b95980_0;
    %assign/vec4 v0x1b93c70_0, 0;
    %pushi/vec4 1, 0, 1;
    %assign/vec4 v0x1b958b0_0, 0;
    %load/vec4 v0x1b93760_0;
    %assign/vec4 v0x1b932c0_0, 0;
    %load/vec4 v0x1b95a20_0;
    %assign/vec4 v0x1b93d40_0, 0;
    %pushi/vec4 0, 0, 32;
    %assign/vec4 v0x1b94480_0, 0;
    %load/vec4 v0x1b943c0_0;
    %pushi/vec4 1, 0, 32;
    %add;
    %store/vec4 v0x1b943c0_0, 0, 32;
    %pushi/vec4 4, 0, 32;
    %assign/vec4 v0x1b95530_0, 0;
    %jmp T_7.51;
T_7.50 ;
    %load/vec4 v0x1b94d20_0;
    %cmpi/e 4294967295, 0, 32;
    %jmp/0xz  T_7.52, 4;
    %pushi/vec4 17, 0, 32;
    %assign/vec4 v0x1b95530_0, 0;
T_7.52 ;
T_7.51 ;
    %pushi/vec4 28, 0, 32;
    %load/vec4 v0x1b94480_0;
    %cmp/u;
    %jmp/0xz  T_7.54, 5;
    %vpi_call 2 244 "$display", "No solution\012" {0 0 0};
    %pushi/vec4 0, 0, 1;
    %assign/vec4 v0x1b94640_0, 0;
    %pushi/vec4 31, 0, 32;
    %assign/vec4 v0x1b95530_0, 0;
T_7.54 ;
    %jmp T_7.35;
T_7.25 ;
    %load/vec4 v0x1b943c0_0;
    %cmpi/e 15, 0, 32;
    %jmp/0xz  T_7.56, 4;
    %pushi/vec4 31, 0, 32;
    %assign/vec4 v0x1b95530_0, 0;
    %jmp T_7.57;
T_7.56 ;
    %pushi/vec4 1, 0, 1;
    %assign/vec4 v0x1b94ee0_0, 0;
    %load/vec4 v0x1b943c0_0;
    %assign/vec4 v0x1b92df0_0, 0;
    %pushi/vec4 1, 0, 1;
    %assign/vec4 v0x1b94fb0_0, 0;
    %load/vec4 v0x1b943c0_0;
    %assign/vec4 v0x1b92eb0_0, 0;
    %pushi/vec4 32, 0, 32;
    %assign/vec4 v0x1b95530_0, 0;
    %pushi/vec4 24, 0, 32;
    %assign/vec4 v0x1b94560_0, 0;
T_7.57 ;
    %jmp T_7.35;
T_7.26 ;
    %pushi/vec4 1, 0, 1;
    %assign/vec4 v0x1b952f0_0, 0;
    %load/vec4 v0x1b92cf0_0;
    %assign/vec4 v0x1b931f0_0, 0;
    %pushi/vec4 1, 0, 1;
    %assign/vec4 v0x1b953c0_0, 0;
    %load/vec4 v0x1b92cf0_0;
    %assign/vec4 v0x1b932c0_0, 0;
    %pushi/vec4 32, 0, 32;
    %assign/vec4 v0x1b95530_0, 0;
    %pushi/vec4 25, 0, 32;
    %assign/vec4 v0x1b94560_0, 0;
    %jmp T_7.35;
T_7.27 ;
    %load/vec4 v0x1b949a0_0;
    %assign/vec4 v0x1b93390_0, 0;
    %load/vec4 v0x1b94a80_0;
    %assign/vec4 v0x1b934c0_0, 0;
    %pushi/vec4 7, 0, 32;
    %assign/vec4 v0x1b95530_0, 0;
    %pushi/vec4 26, 0, 32;
    %assign/vec4 v0x1b94560_0, 0;
    %jmp T_7.35;
T_7.28 ;
    %load/vec4 v0x1b949a0_0;
    %assign/vec4 v0x1b935a0_0, 0;
    %load/vec4 v0x1b94a80_0;
    %assign/vec4 v0x1b93680_0, 0;
    %pushi/vec4 27, 0, 32;
    %assign/vec4 v0x1b95530_0, 0;
    %jmp T_7.35;
T_7.29 ;
    %load/vec4 v0x1b93390_0;
    %load/vec4 v0x1b935a0_0;
    %sub;
    %assign/vec4 v0x1b939c0_0, 0;
    %pushi/vec4 28, 0, 32;
    %assign/vec4 v0x1b95530_0, 0;
    %jmp T_7.35;
T_7.30 ;
    %load/vec4 v0x1b939c0_0;
    %cmpi/s 0, 0, 32;
    %jmp/0xz  T_7.58, 5;
    %load/vec4 v0x1b939c0_0;
    %pushi/vec4 4294967295, 0, 32;
    %xor;
    %addi 1, 0, 32;
    %assign/vec4 v0x1b939c0_0, 0;
T_7.58 ;
    %load/vec4 v0x1b934c0_0;
    %load/vec4 v0x1b93680_0;
    %sub;
    %assign/vec4 v0x1b93aa0_0, 0;
    %pushi/vec4 29, 0, 32;
    %assign/vec4 v0x1b95530_0, 0;
    %jmp T_7.35;
T_7.31 ;
    %load/vec4 v0x1b93aa0_0;
    %cmpi/s 0, 0, 32;
    %jmp/0xz  T_7.60, 5;
    %load/vec4 v0x1b93aa0_0;
    %pushi/vec4 4294967295, 0, 32;
    %xor;
    %addi 1, 0, 32;
    %assign/vec4 v0x1b93aa0_0, 0;
T_7.60 ;
    %pushi/vec4 30, 0, 32;
    %assign/vec4 v0x1b95530_0, 0;
    %jmp T_7.35;
T_7.32 ;
    %load/vec4 v0x1b955d0_0;
    %load/vec4 v0x1b939c0_0;
    %add;
    %load/vec4 v0x1b93aa0_0;
    %add;
    %subi 1, 0, 32;
    %assign/vec4 v0x1b955d0_0, 0;
    %load/vec4 v0x1b95670_0;
    %load/vec4 v0x1b939c0_0;
    %ix/load 4, 1, 0;
    %flag_set/imm 4, 0;
    %shiftr 4;
    %load/vec4 v0x1b939c0_0;
    %parti/s 1, 0, 2;
    %pad/u 32;
    %add;
    %add;
    %load/vec4 v0x1b93aa0_0;
    %ix/load 4, 1, 0;
    %flag_set/imm 4, 0;
    %shiftr 4;
    %load/vec4 v0x1b93aa0_0;
    %parti/s 1, 0, 2;
    %pad/u 32;
    %add;
    %add;
    %subi 1, 0, 32;
    %assign/vec4 v0x1b95670_0, 0;
    %load/vec4 v0x1b943c0_0;
    %pushi/vec4 1, 0, 32;
    %add;
    %store/vec4 v0x1b943c0_0, 0, 32;
    %pushi/vec4 23, 0, 32;
    %assign/vec4 v0x1b95530_0, 0;
    %jmp T_7.35;
T_7.33 ;
    %pushi/vec4 1, 0, 1;
    %assign/vec4 v0x1b94640_0, 0;
    %vpi_call 2 302 "$write", "\012Evaluation = %1d\012Evaluation 1-hop = %1d\012Cycles = %1d\012", v0x1b955d0_0, v0x1b95670_0, v0x1b938e0_0 {0 0 0};
    %vpi_call 2 303 "$finish" {0 0 0};
    %jmp T_7.35;
T_7.34 ;
    %load/vec4 v0x1b94560_0;
    %assign/vec4 v0x1b95530_0, 0;
    %jmp T_7.35;
T_7.35 ;
    %pop/vec4 1;
T_7.1 ;
    %jmp T_7;
    .thread T_7;
    .scope S_0x1b6ef30;
T_8 ;
    %vpi_call 2 325 "$dumpfile", "placement_1hop.vcd" {0 0 0};
    %vpi_call 2 326 "$dumpvars" {0 0 0};
    %pushi/vec4 0, 0, 1;
    %store/vec4 v0x1b95b40_0, 0, 1;
    %pushi/vec4 0, 0, 1;
    %store/vec4 v0x1b95cd0_0, 0, 1;
    %delay 1, 0;
    %pushi/vec4 1, 0, 1;
    %store/vec4 v0x1b95cd0_0, 0, 1;
    %delay 2, 0;
    %pushi/vec4 0, 0, 1;
    %store/vec4 v0x1b95cd0_0, 0, 1;
    %end;
    .thread T_8;
    .scope S_0x1b6ef30;
T_9 ;
    %delay 1, 0;
    %load/vec4 v0x1b95b40_0;
    %nor/r;
    %store/vec4 v0x1b95b40_0, 0, 1;
    %jmp T_9;
    .thread T_9;
# The file index is used to find the file name in the following table.
:file_names 5;
    "N/A";
    "<interactive>";
    "placement_1hop.v";
    "./memorias/memoryROM.v";
    "./memorias/memoryRAM.v";
