#! /usr/bin/vvp
:ivl_version "10.2 (stable)" "(v10_2)";
:ivl_delay_selection "TYPICAL";
:vpi_time_precision + 0;
:vpi_module "system";
:vpi_module "vhdl_sys";
:vpi_module "v2005_math";
:vpi_module "va_math";
S_0x12b9900 .scope module, "test" "test" 2 322;
 .timescale 0 0;
v0x12e0370_0 .var "clk", 0 0;
v0x12e0410_0 .net "out", 0 0, v0x12def50_0;  1 drivers
v0x12e0500_0 .var "reset", 0 0;
S_0x12b9a80 .scope module, "p1" "placement" 2 335, 2 4 0, S_0x12b9900;
 .timescale 0 0;
    .port_info 0 /OUTPUT 1 "out"
    .port_info 1 /INPUT 1 "clk"
    .port_info 2 /INPUT 1 "reset"
P_0x12b9c00 .param/l "eval0" 0 2 11, +C4<00000000000000000000000000010111>;
P_0x12b9c40 .param/l "eval1" 0 2 11, +C4<00000000000000000000000000011000>;
P_0x12b9c80 .param/l "eval2" 0 2 11, +C4<00000000000000000000000000011001>;
P_0x12b9cc0 .param/l "eval3" 0 2 11, +C4<00000000000000000000000000011010>;
P_0x12b9d00 .param/l "eval4" 0 2 11, +C4<00000000000000000000000000011011>;
P_0x12b9d40 .param/l "eval5" 0 2 11, +C4<00000000000000000000000000011100>;
P_0x12b9d80 .param/l "eval6" 0 2 11, +C4<00000000000000000000000000011101>;
P_0x12b9dc0 .param/l "eval7" 0 2 11, +C4<00000000000000000000000000011110>;
P_0x12b9e00 .param/l "exit" 0 2 12, +C4<00000000000000000000000000011111>;
P_0x12b9e40 .param/l "init0" 0 2 7, +C4<00000000000000000000000000000000>;
P_0x12b9e80 .param/l "init1" 0 2 7, +C4<00000000000000000000000000000001>;
P_0x12b9ec0 .param/l "init2" 0 2 7, +C4<00000000000000000000000000000010>;
P_0x12b9f00 .param/l "init3" 0 2 7, +C4<00000000000000000000000000000011>;
P_0x12b9f40 .param/l "n" 0 2 14, +C4<00000000000000000000000000000100>;
P_0x12b9f80 .param/l "n_edge" 0 2 14, +C4<00000000000000000000000000010000>;
P_0x12b9fc0 .param/l "posA0" 0 2 9, +C4<00000000000000000000000000001001>;
P_0x12ba000 .param/l "posA1" 0 2 9, +C4<00000000000000000000000000001010>;
P_0x12ba040 .param/l "posA2" 0 2 9, +C4<00000000000000000000000000001011>;
P_0x12ba080 .param/l "posA3" 0 2 9, +C4<00000000000000000000000000001100>;
P_0x12ba0c0 .param/l "posA4" 0 2 9, +C4<00000000000000000000000000001101>;
P_0x12ba100 .param/l "posA5" 0 2 9, +C4<00000000000000000000000000001110>;
P_0x12ba140 .param/l "posA6" 0 2 9, +C4<00000000000000000000000000001111>;
P_0x12ba180 .param/l "posA7" 0 2 9, +C4<00000000000000000000000000010000>;
P_0x12ba1c0 .param/l "posB0" 0 2 10, +C4<00000000000000000000000000010001>;
P_0x12ba200 .param/l "posB1" 0 2 10, +C4<00000000000000000000000000010010>;
P_0x12ba240 .param/l "posB2" 0 2 10, +C4<00000000000000000000000000010011>;
P_0x12ba280 .param/l "posB3" 0 2 10, +C4<00000000000000000000000000010100>;
P_0x12ba2c0 .param/l "posB4" 0 2 10, +C4<00000000000000000000000000010101>;
P_0x12ba300 .param/l "posB5" 0 2 10, +C4<00000000000000000000000000010110>;
P_0x12ba340 .param/l "reMem0" 0 2 8, +C4<00000000000000000000000000000100>;
P_0x12ba380 .param/l "reMem1" 0 2 8, +C4<00000000000000000000000000000101>;
P_0x12ba3c0 .param/l "reMem2" 0 2 8, +C4<00000000000000000000000000000110>;
P_0x12ba400 .param/l "reMem3" 0 2 8, +C4<00000000000000000000000000000111>;
P_0x12ba440 .param/l "reMem4" 0 2 8, +C4<00000000000000000000000000001000>;
P_0x12ba480 .param/l "size_offset" 0 2 14, +C4<00000000000000000000000000011100>;
P_0x12ba4c0 .param/l "v" 0 2 5, +C4<00000000000000000000000000001001>;
P_0x12ba500 .param/l "waitState" 0 2 12, +C4<00000000000000000000000000100000>;
L_0x1263900 .functor BUFZ 32, v0x129c4c0_0, C4<00000000000000000000000000000000>, C4<00000000000000000000000000000000>, C4<00000000000000000000000000000000>;
L_0x1265c00 .functor BUFZ 32, v0x12d96e0_0, C4<00000000000000000000000000000000>, C4<00000000000000000000000000000000>, C4<00000000000000000000000000000000>;
L_0x1226920 .functor BUFZ 32, v0x12dc1a0_0, C4<00000000000000000000000000000000>, C4<00000000000000000000000000000000>, C4<00000000000000000000000000000000>;
L_0x12267f0 .functor BUFZ 32, v0x12dcf00_0, C4<00000000000000000000000000000000>, C4<00000000000000000000000000000000>, C4<00000000000000000000000000000000>;
L_0x125e2d0 .functor BUFZ 32, v0x12dae40_0, C4<00000000000000000000000000000000>, C4<00000000000000000000000000000000>, C4<00000000000000000000000000000000>;
L_0x125e1c0 .functor BUFZ 32, v0x12db7a0_0, C4<00000000000000000000000000000000>, C4<00000000000000000000000000000000>, C4<00000000000000000000000000000000>;
L_0x123ab70 .functor BUFZ 32, v0x12da0b0_0, C4<00000000000000000000000000000000>, C4<00000000000000000000000000000000>, C4<00000000000000000000000000000000>;
v0x12dd600_0 .net/s "a", 31 0, L_0x1263900;  1 drivers
v0x12dd700_0 .var/s "addrEA", 31 0;
v0x12dd7c0_0 .var/s "addrEB", 31 0;
v0x12dd8c0_0 .var/s "addrGrid", 31 0;
v0x12dd990_0 .var/s "addrOX", 31 0;
v0x12dda30_0 .var/s "addrOY", 31 0;
v0x12ddb00_0 .var/s "addrPX", 31 0;
v0x12ddbd0_0 .var/s "addrPY", 31 0;
v0x12ddca0_0 .var "aux1", 31 0;
v0x12dddd0_0 .var "aux2", 31 0;
v0x12ddeb0_0 .var "aux3", 31 0;
v0x12ddf90_0 .var "aux4", 31 0;
v0x12de070_0 .net/s "b", 31 0, L_0x1265c00;  1 drivers
v0x12de150_0 .var "ciclos", 31 0;
v0x12de230_0 .net "clk", 0 0, v0x12e0370_0;  1 drivers
v0x12de2d0_0 .var/s "diff_pos_x", 31 0;
v0x12de3b0_0 .var/s "diff_pos_y", 31 0;
v0x12de490_0 .var/s "dinGrid", 31 0;
v0x12de580_0 .var/s "dinPX", 31 0;
v0x12de650_0 .var/s "dinPY", 31 0;
v0x12de720_0 .net/s "doutEA", 31 0, v0x129c4c0_0;  1 drivers
v0x12de7f0_0 .net/s "doutEB", 31 0, v0x12d96e0_0;  1 drivers
v0x12de8c0_0 .net/s "doutGrid", 31 0, v0x12da0b0_0;  1 drivers
v0x12de990_0 .net/s "doutOX", 31 0, v0x12dae40_0;  1 drivers
v0x12dea60_0 .net/s "doutOY", 31 0, v0x12db7a0_0;  1 drivers
v0x12deb30_0 .net/s "doutPX", 31 0, v0x12dc1a0_0;  1 drivers
v0x12dec00_0 .net/s "doutPY", 31 0, v0x12dcf00_0;  1 drivers
v0x12decd0_0 .var "i", 31 0;
v0x12ded90_0 .var "j", 31 0;
v0x12dee70_0 .var "next_state", 31 0;
v0x12def50_0 .var "out", 0 0;
v0x12df010_0 .net "outGrid", 31 0, L_0x123ab70;  1 drivers
v0x12df0f0_0 .net "outOX", 31 0, L_0x125e2d0;  1 drivers
v0x12df1d0_0 .net "outOY", 31 0, L_0x125e1c0;  1 drivers
v0x12df2b0_0 .net "outPX", 31 0, L_0x1226920;  1 drivers
v0x12df390_0 .net "outPY", 31 0, L_0x12267f0;  1 drivers
v0x12df470_0 .var/s "pos_a_X", 31 0;
v0x12df550_0 .var/s "pos_a_Y", 31 0;
v0x12df630_0 .var/s "pos_b_X", 31 0;
v0x12df710_0 .var/s "pos_b_Y", 31 0;
v0x12df7f0_0 .var "reEA", 0 0;
v0x12df8c0_0 .var "reEB", 0 0;
v0x12df990_0 .var "reGrid", 0 0;
v0x12dfa60_0 .var "reOX", 0 0;
v0x12dfb30_0 .var "reOY", 0 0;
v0x12dfc00_0 .var "rePX", 0 0;
v0x12dfcd0_0 .var "rePY", 0 0;
v0x12dfda0_0 .net "reset", 0 0, v0x12e0500_0;  1 drivers
v0x12dfe40_0 .var "state", 31 0;
v0x12dfee0_0 .var/s "sum", 31 0;
v0x12dff80_0 .var "weGrid", 0 0;
v0x12e0050_0 .var "wePX", 0 0;
v0x12e0120_0 .var "wePY", 0 0;
v0x12e01f0_0 .var/s "xi", 31 0;
v0x12e0290_0 .var/s "xj", 31 0;
S_0x12ba550 .scope module, "ea" "memoryROM" 2 313, 3 1 0, S_0x12b9a80;
 .timescale 0 0;
    .port_info 0 /INPUT 1 "clk"
    .port_info 1 /INPUT 1 "reset"
    .port_info 2 /INPUT 1 "read"
    .port_info 3 /INPUT 32 "addr"
    .port_info 4 /OUTPUT 32 "data"
P_0x129faf0 .param/l "data_depth" 0 3 3, +C4<00000000000000000000000000001001>;
P_0x129fb30 .param/str "init_file" 0 3 2, "dados/benchmarks/simple/eaData.txt";
v0x12b8270_0 .net/s "addr", 31 0, v0x12dd700_0;  1 drivers
v0x129ea90_0 .net "clk", 0 0, v0x12e0370_0;  alias, 1 drivers
v0x129c4c0_0 .var/s "data", 31 0;
v0x1299f70 .array/s "memROM", 0 511, 31 0;
v0x1299110_0 .net "read", 0 0, v0x12df7f0_0;  1 drivers
v0x12a0e30_0 .net "reset", 0 0, v0x12e0500_0;  alias, 1 drivers
E_0x12686d0 .event posedge, v0x129ea90_0;
S_0x12d9130 .scope module, "eb" "memoryROM" 2 314, 3 1 0, S_0x12b9a80;
 .timescale 0 0;
    .port_info 0 /INPUT 1 "clk"
    .port_info 1 /INPUT 1 "reset"
    .port_info 2 /INPUT 1 "read"
    .port_info 3 /INPUT 32 "addr"
    .port_info 4 /OUTPUT 32 "data"
P_0x12b8b60 .param/l "data_depth" 0 3 3, +C4<00000000000000000000000000001001>;
P_0x12b8ba0 .param/str "init_file" 0 3 2, "dados/benchmarks/simple/ebData.txt";
v0x1297dd0_0 .net/s "addr", 31 0, v0x12dd7c0_0;  1 drivers
v0x12d95f0_0 .net "clk", 0 0, v0x12e0370_0;  alias, 1 drivers
v0x12d96e0_0 .var/s "data", 31 0;
v0x12d97b0 .array/s "memROM", 0 511, 31 0;
v0x12d9850_0 .net "read", 0 0, v0x12df8c0_0;  1 drivers
v0x12d9910_0 .net "reset", 0 0, v0x12e0500_0;  alias, 1 drivers
S_0x12d9a60 .scope module, "grid" "memoryRAM" 2 319, 4 1 0, S_0x12b9a80;
 .timescale 0 0;
    .port_info 0 /INPUT 1 "clk"
    .port_info 1 /INPUT 1 "reset"
    .port_info 2 /INPUT 1 "read"
    .port_info 3 /INPUT 1 "write"
    .port_info 4 /INPUT 32 "addr"
    .port_info 5 /OUTPUT 32 "dataRead"
    .port_info 6 /INPUT 32 "dataWrite"
P_0x12d9370 .param/l "data_depth" 0 4 3, +C4<00000000000000000000000000000100>;
P_0x12d93b0 .param/str "init_file" 0 4 2, "dados/gridData.txt";
v0x12d9ef0_0 .net/s "addr", 31 0, v0x12dd8c0_0;  1 drivers
v0x12d9ff0_0 .net "clk", 0 0, v0x12e0370_0;  alias, 1 drivers
v0x12da0b0_0 .var/s "dataRead", 31 0;
v0x12da150_0 .net/s "dataWrite", 31 0, v0x12de490_0;  1 drivers
v0x12da230_0 .var "i", 31 0;
v0x12da360_0 .var "j", 31 0;
v0x12da440 .array/s "memRAM", 0 15, 31 0;
v0x12da500_0 .net "read", 0 0, v0x12df990_0;  1 drivers
v0x12da5c0_0 .net "reset", 0 0, v0x12e0500_0;  alias, 1 drivers
v0x12da660_0 .net "write", 0 0, v0x12dff80_0;  1 drivers
S_0x12da800 .scope module, "offset_x" "memoryROM" 2 315, 3 1 0, S_0x12b9a80;
 .timescale 0 0;
    .port_info 0 /INPUT 1 "clk"
    .port_info 1 /INPUT 1 "reset"
    .port_info 2 /INPUT 1 "read"
    .port_info 3 /INPUT 32 "addr"
    .port_info 4 /OUTPUT 32 "data"
P_0x12da9d0 .param/l "data_depth" 0 3 3, +C4<00000000000000000000000000000101>;
P_0x12daa10 .param/str "init_file" 0 3 2, "dados/offsetXData.txt";
v0x12dac80_0 .net/s "addr", 31 0, v0x12dd990_0;  1 drivers
v0x12dad80_0 .net "clk", 0 0, v0x12e0370_0;  alias, 1 drivers
v0x12dae40_0 .var/s "data", 31 0;
v0x12daee0 .array/s "memROM", 0 31, 31 0;
v0x12dafa0_0 .net "read", 0 0, v0x12dfa60_0;  1 drivers
v0x12db060_0 .net "reset", 0 0, v0x12e0500_0;  alias, 1 drivers
S_0x12db1a0 .scope module, "offset_y" "memoryROM" 2 316, 3 1 0, S_0x12b9a80;
 .timescale 0 0;
    .port_info 0 /INPUT 1 "clk"
    .port_info 1 /INPUT 1 "reset"
    .port_info 2 /INPUT 1 "read"
    .port_info 3 /INPUT 32 "addr"
    .port_info 4 /OUTPUT 32 "data"
P_0x12daab0 .param/l "data_depth" 0 3 3, +C4<00000000000000000000000000000101>;
P_0x12daaf0 .param/str "init_file" 0 3 2, "dados/offsetYData.txt";
v0x12db5e0_0 .net/s "addr", 31 0, v0x12dda30_0;  1 drivers
v0x12db6e0_0 .net "clk", 0 0, v0x12e0370_0;  alias, 1 drivers
v0x12db7a0_0 .var/s "data", 31 0;
v0x12db840 .array/s "memROM", 0 31, 31 0;
v0x12db900_0 .net "read", 0 0, v0x12dfb30_0;  1 drivers
v0x12db9c0_0 .net "reset", 0 0, v0x12e0500_0;  alias, 1 drivers
S_0x12dbb90 .scope module, "pos_X" "memoryRAM" 2 317, 4 1 0, S_0x12b9a80;
 .timescale 0 0;
    .port_info 0 /INPUT 1 "clk"
    .port_info 1 /INPUT 1 "reset"
    .port_info 2 /INPUT 1 "read"
    .port_info 3 /INPUT 1 "write"
    .port_info 4 /INPUT 32 "addr"
    .port_info 5 /OUTPUT 32 "dataRead"
    .port_info 6 /INPUT 32 "dataWrite"
P_0x12dbd10 .param/l "data_depth" 0 4 3, +C4<00000000000000000000000000001001>;
P_0x12dbd50 .param/str "init_file" 0 4 2, "dados/benchmarks/simple/posData.txt";
v0x12dbfe0_0 .net/s "addr", 31 0, v0x12ddb00_0;  1 drivers
v0x12dc0e0_0 .net "clk", 0 0, v0x12e0370_0;  alias, 1 drivers
v0x12dc1a0_0 .var/s "dataRead", 31 0;
v0x12dc240_0 .net/s "dataWrite", 31 0, v0x12de580_0;  1 drivers
v0x12dc320_0 .var "i", 31 0;
v0x12dc400_0 .var "j", 31 0;
v0x12dc4e0 .array/s "memRAM", 0 511, 31 0;
v0x12dc5a0_0 .net "read", 0 0, v0x12dfc00_0;  1 drivers
v0x12dc660_0 .net "reset", 0 0, v0x12e0500_0;  alias, 1 drivers
v0x12dc700_0 .net "write", 0 0, v0x12e0050_0;  1 drivers
S_0x12dc8a0 .scope module, "pos_Y" "memoryRAM" 2 318, 4 1 0, S_0x12b9a80;
 .timescale 0 0;
    .port_info 0 /INPUT 1 "clk"
    .port_info 1 /INPUT 1 "reset"
    .port_info 2 /INPUT 1 "read"
    .port_info 3 /INPUT 1 "write"
    .port_info 4 /INPUT 32 "addr"
    .port_info 5 /OUTPUT 32 "dataRead"
    .port_info 6 /INPUT 32 "dataWrite"
P_0x12dca20 .param/l "data_depth" 0 4 3, +C4<00000000000000000000000000001001>;
P_0x12dca60 .param/str "init_file" 0 4 2, "dados/benchmarks/simple/posData.txt";
v0x12dcd40_0 .net/s "addr", 31 0, v0x12ddbd0_0;  1 drivers
v0x12dce40_0 .net "clk", 0 0, v0x12e0370_0;  alias, 1 drivers
v0x12dcf00_0 .var/s "dataRead", 31 0;
v0x12dcfa0_0 .net/s "dataWrite", 31 0, v0x12de650_0;  1 drivers
v0x12dd080_0 .var "i", 31 0;
v0x12dd160_0 .var "j", 31 0;
v0x12dd240 .array/s "memRAM", 0 511, 31 0;
v0x12dd300_0 .net "read", 0 0, v0x12dfcd0_0;  1 drivers
v0x12dd3c0_0 .net "reset", 0 0, v0x12e0500_0;  alias, 1 drivers
v0x12dd460_0 .net "write", 0 0, v0x12e0120_0;  1 drivers
    .scope S_0x12ba550;
T_0 ;
    %wait E_0x12686d0;
    %load/vec4 v0x12a0e30_0;
    %flag_set/vec4 8;
    %jmp/0xz  T_0.0, 8;
    %pushi/vec4 0, 0, 32;
    %store/vec4 v0x129c4c0_0, 0, 32;
    %vpi_call 3 12 "$readmemh", P_0x129fb30, v0x1299f70, 32'sb00000000000000000000000000000000, 32'sb00000000000000000000000111111111 {0 0 0};
    %jmp T_0.1;
T_0.0 ;
    %load/vec4 v0x1299110_0;
    %flag_set/vec4 8;
    %jmp/0xz  T_0.2, 8;
    %ix/getv/s 4, v0x12b8270_0;
    %load/vec4a v0x1299f70, 4;
    %assign/vec4 v0x129c4c0_0, 0;
T_0.2 ;
T_0.1 ;
    %jmp T_0;
    .thread T_0;
    .scope S_0x12d9130;
T_1 ;
    %wait E_0x12686d0;
    %load/vec4 v0x12d9910_0;
    %flag_set/vec4 8;
    %jmp/0xz  T_1.0, 8;
    %pushi/vec4 0, 0, 32;
    %store/vec4 v0x12d96e0_0, 0, 32;
    %vpi_call 3 12 "$readmemh", P_0x12b8ba0, v0x12d97b0, 32'sb00000000000000000000000000000000, 32'sb00000000000000000000000111111111 {0 0 0};
    %jmp T_1.1;
T_1.0 ;
    %load/vec4 v0x12d9850_0;
    %flag_set/vec4 8;
    %jmp/0xz  T_1.2, 8;
    %ix/getv/s 4, v0x1297dd0_0;
    %load/vec4a v0x12d97b0, 4;
    %assign/vec4 v0x12d96e0_0, 0;
T_1.2 ;
T_1.1 ;
    %jmp T_1;
    .thread T_1;
    .scope S_0x12da800;
T_2 ;
    %wait E_0x12686d0;
    %load/vec4 v0x12db060_0;
    %flag_set/vec4 8;
    %jmp/0xz  T_2.0, 8;
    %pushi/vec4 0, 0, 32;
    %store/vec4 v0x12dae40_0, 0, 32;
    %vpi_call 3 12 "$readmemh", P_0x12daa10, v0x12daee0, 32'sb00000000000000000000000000000000, 32'sb00000000000000000000000000011111 {0 0 0};
    %jmp T_2.1;
T_2.0 ;
    %load/vec4 v0x12dafa0_0;
    %flag_set/vec4 8;
    %jmp/0xz  T_2.2, 8;
    %ix/getv/s 4, v0x12dac80_0;
    %load/vec4a v0x12daee0, 4;
    %assign/vec4 v0x12dae40_0, 0;
T_2.2 ;
T_2.1 ;
    %jmp T_2;
    .thread T_2;
    .scope S_0x12db1a0;
T_3 ;
    %wait E_0x12686d0;
    %load/vec4 v0x12db9c0_0;
    %flag_set/vec4 8;
    %jmp/0xz  T_3.0, 8;
    %pushi/vec4 0, 0, 32;
    %store/vec4 v0x12db7a0_0, 0, 32;
    %vpi_call 3 12 "$readmemh", P_0x12daaf0, v0x12db840, 32'sb00000000000000000000000000000000, 32'sb00000000000000000000000000011111 {0 0 0};
    %jmp T_3.1;
T_3.0 ;
    %load/vec4 v0x12db900_0;
    %flag_set/vec4 8;
    %jmp/0xz  T_3.2, 8;
    %ix/getv/s 4, v0x12db5e0_0;
    %load/vec4a v0x12db840, 4;
    %assign/vec4 v0x12db7a0_0, 0;
T_3.2 ;
T_3.1 ;
    %jmp T_3;
    .thread T_3;
    .scope S_0x12dbb90;
T_4 ;
    %wait E_0x12686d0;
    %load/vec4 v0x12dc660_0;
    %flag_set/vec4 8;
    %jmp/0xz  T_4.0, 8;
    %pushi/vec4 0, 0, 32;
    %store/vec4 v0x12dc1a0_0, 0, 32;
    %vpi_call 4 13 "$readmemh", P_0x12dbd50, v0x12dc4e0, 32'sb00000000000000000000000000000000, 32'sb00000000000000000000000111111111 {0 0 0};
    %jmp T_4.1;
T_4.0 ;
    %pushi/vec4 0, 0, 32;
    %assign/vec4 v0x12dc1a0_0, 0;
    %load/vec4 v0x12dc5a0_0;
    %flag_set/vec4 8;
    %jmp/0xz  T_4.2, 8;
    %ix/getv/s 4, v0x12dbfe0_0;
    %load/vec4a v0x12dc4e0, 4;
    %assign/vec4 v0x12dc1a0_0, 0;
T_4.2 ;
    %load/vec4 v0x12dc700_0;
    %flag_set/vec4 8;
    %jmp/0xz  T_4.4, 8;
    %load/vec4 v0x12dc240_0;
    %ix/getv/s 3, v0x12dbfe0_0;
    %ix/load 4, 0, 0; Constant delay
    %assign/vec4/a/d v0x12dc4e0, 0, 4;
T_4.4 ;
    %vpi_call 4 23 "$display" {0 0 0};
    %pushi/vec4 0, 0, 32;
    %store/vec4 v0x12dc320_0, 0, 32;
T_4.6 ;
    %load/vec4 v0x12dc320_0;
    %cmpi/u 9, 0, 32;
    %jmp/0xz T_4.7, 5;
    %pushi/vec4 0, 0, 32;
    %store/vec4 v0x12dc400_0, 0, 32;
T_4.8 ;
    %load/vec4 v0x12dc400_0;
    %cmpi/u 9, 0, 32;
    %jmp/0xz T_4.9, 5;
    %load/vec4 v0x12dc320_0;
    %pad/u 65;
    %muli 9, 0, 65;
    %load/vec4 v0x12dc400_0;
    %pad/u 65;
    %add;
    %ix/vec4 4;
    %load/vec4a v0x12dc4e0, 4;
    %vpi_call 4 26 "$write", "%4d", S<0,vec4,s32> {1 0 0};
    %load/vec4 v0x12dc400_0;
    %pushi/vec4 1, 0, 32;
    %add;
    %store/vec4 v0x12dc400_0, 0, 32;
    %jmp T_4.8;
T_4.9 ;
    %vpi_call 4 28 "$display" {0 0 0};
    %load/vec4 v0x12dc320_0;
    %pushi/vec4 1, 0, 32;
    %add;
    %store/vec4 v0x12dc320_0, 0, 32;
    %jmp T_4.6;
T_4.7 ;
T_4.1 ;
    %jmp T_4;
    .thread T_4;
    .scope S_0x12dc8a0;
T_5 ;
    %wait E_0x12686d0;
    %load/vec4 v0x12dd3c0_0;
    %flag_set/vec4 8;
    %jmp/0xz  T_5.0, 8;
    %pushi/vec4 0, 0, 32;
    %store/vec4 v0x12dcf00_0, 0, 32;
    %vpi_call 4 13 "$readmemh", P_0x12dca60, v0x12dd240, 32'sb00000000000000000000000000000000, 32'sb00000000000000000000000111111111 {0 0 0};
    %jmp T_5.1;
T_5.0 ;
    %pushi/vec4 0, 0, 32;
    %assign/vec4 v0x12dcf00_0, 0;
    %load/vec4 v0x12dd300_0;
    %flag_set/vec4 8;
    %jmp/0xz  T_5.2, 8;
    %ix/getv/s 4, v0x12dcd40_0;
    %load/vec4a v0x12dd240, 4;
    %assign/vec4 v0x12dcf00_0, 0;
T_5.2 ;
    %load/vec4 v0x12dd460_0;
    %flag_set/vec4 8;
    %jmp/0xz  T_5.4, 8;
    %load/vec4 v0x12dcfa0_0;
    %ix/getv/s 3, v0x12dcd40_0;
    %ix/load 4, 0, 0; Constant delay
    %assign/vec4/a/d v0x12dd240, 0, 4;
T_5.4 ;
    %vpi_call 4 23 "$display" {0 0 0};
    %pushi/vec4 0, 0, 32;
    %store/vec4 v0x12dd080_0, 0, 32;
T_5.6 ;
    %load/vec4 v0x12dd080_0;
    %cmpi/u 9, 0, 32;
    %jmp/0xz T_5.7, 5;
    %pushi/vec4 0, 0, 32;
    %store/vec4 v0x12dd160_0, 0, 32;
T_5.8 ;
    %load/vec4 v0x12dd160_0;
    %cmpi/u 9, 0, 32;
    %jmp/0xz T_5.9, 5;
    %load/vec4 v0x12dd080_0;
    %pad/u 65;
    %muli 9, 0, 65;
    %load/vec4 v0x12dd160_0;
    %pad/u 65;
    %add;
    %ix/vec4 4;
    %load/vec4a v0x12dd240, 4;
    %vpi_call 4 26 "$write", "%4d", S<0,vec4,s32> {1 0 0};
    %load/vec4 v0x12dd160_0;
    %pushi/vec4 1, 0, 32;
    %add;
    %store/vec4 v0x12dd160_0, 0, 32;
    %jmp T_5.8;
T_5.9 ;
    %vpi_call 4 28 "$display" {0 0 0};
    %load/vec4 v0x12dd080_0;
    %pushi/vec4 1, 0, 32;
    %add;
    %store/vec4 v0x12dd080_0, 0, 32;
    %jmp T_5.6;
T_5.7 ;
T_5.1 ;
    %jmp T_5;
    .thread T_5;
    .scope S_0x12d9a60;
T_6 ;
    %wait E_0x12686d0;
    %load/vec4 v0x12da5c0_0;
    %flag_set/vec4 8;
    %jmp/0xz  T_6.0, 8;
    %pushi/vec4 0, 0, 32;
    %store/vec4 v0x12da0b0_0, 0, 32;
    %vpi_call 4 13 "$readmemh", P_0x12d93b0, v0x12da440, 32'sb00000000000000000000000000000000, 32'sb00000000000000000000000000001111 {0 0 0};
    %jmp T_6.1;
T_6.0 ;
    %pushi/vec4 0, 0, 32;
    %assign/vec4 v0x12da0b0_0, 0;
    %load/vec4 v0x12da500_0;
    %flag_set/vec4 8;
    %jmp/0xz  T_6.2, 8;
    %ix/getv/s 4, v0x12d9ef0_0;
    %load/vec4a v0x12da440, 4;
    %assign/vec4 v0x12da0b0_0, 0;
T_6.2 ;
    %load/vec4 v0x12da660_0;
    %flag_set/vec4 8;
    %jmp/0xz  T_6.4, 8;
    %load/vec4 v0x12da150_0;
    %ix/getv/s 3, v0x12d9ef0_0;
    %ix/load 4, 0, 0; Constant delay
    %assign/vec4/a/d v0x12da440, 0, 4;
T_6.4 ;
    %vpi_call 4 23 "$display" {0 0 0};
    %pushi/vec4 0, 0, 32;
    %store/vec4 v0x12da230_0, 0, 32;
T_6.6 ;
    %load/vec4 v0x12da230_0;
    %cmpi/u 4, 0, 32;
    %jmp/0xz T_6.7, 5;
    %pushi/vec4 0, 0, 32;
    %store/vec4 v0x12da360_0, 0, 32;
T_6.8 ;
    %load/vec4 v0x12da360_0;
    %cmpi/u 4, 0, 32;
    %jmp/0xz T_6.9, 5;
    %load/vec4 v0x12da230_0;
    %pad/u 65;
    %muli 4, 0, 65;
    %load/vec4 v0x12da360_0;
    %pad/u 65;
    %add;
    %ix/vec4 4;
    %load/vec4a v0x12da440, 4;
    %vpi_call 4 26 "$write", "%4d", S<0,vec4,s32> {1 0 0};
    %load/vec4 v0x12da360_0;
    %pushi/vec4 1, 0, 32;
    %add;
    %store/vec4 v0x12da360_0, 0, 32;
    %jmp T_6.8;
T_6.9 ;
    %vpi_call 4 28 "$display" {0 0 0};
    %load/vec4 v0x12da230_0;
    %pushi/vec4 1, 0, 32;
    %add;
    %store/vec4 v0x12da230_0, 0, 32;
    %jmp T_6.6;
T_6.7 ;
T_6.1 ;
    %jmp T_6;
    .thread T_6;
    .scope S_0x12b9a80;
T_7 ;
    %wait E_0x12686d0;
    %load/vec4 v0x12de150_0;
    %addi 1, 0, 32;
    %assign/vec4 v0x12de150_0, 0;
    %load/vec4 v0x12dfda0_0;
    %flag_set/vec4 8;
    %jmp/0xz  T_7.0, 8;
    %pushi/vec4 0, 0, 32;
    %assign/vec4 v0x12de150_0, 0;
    %pushi/vec4 0, 0, 1;
    %assign/vec4 v0x12df7f0_0, 0;
    %pushi/vec4 0, 0, 32;
    %assign/vec4 v0x12dd700_0, 0;
    %pushi/vec4 0, 0, 1;
    %assign/vec4 v0x12df8c0_0, 0;
    %pushi/vec4 0, 0, 32;
    %assign/vec4 v0x12dd7c0_0, 0;
    %pushi/vec4 0, 0, 1;
    %assign/vec4 v0x12dfa60_0, 0;
    %pushi/vec4 0, 0, 32;
    %assign/vec4 v0x12dd990_0, 0;
    %pushi/vec4 0, 0, 1;
    %assign/vec4 v0x12dfb30_0, 0;
    %pushi/vec4 0, 0, 32;
    %assign/vec4 v0x12dda30_0, 0;
    %pushi/vec4 0, 0, 1;
    %assign/vec4 v0x12dfc00_0, 0;
    %pushi/vec4 0, 0, 1;
    %assign/vec4 v0x12e0050_0, 0;
    %pushi/vec4 0, 0, 32;
    %assign/vec4 v0x12ddb00_0, 0;
    %pushi/vec4 0, 0, 32;
    %assign/vec4 v0x12de580_0, 0;
    %pushi/vec4 0, 0, 1;
    %assign/vec4 v0x12dfcd0_0, 0;
    %pushi/vec4 0, 0, 1;
    %assign/vec4 v0x12e0120_0, 0;
    %pushi/vec4 0, 0, 32;
    %assign/vec4 v0x12ddbd0_0, 0;
    %pushi/vec4 0, 0, 32;
    %assign/vec4 v0x12de650_0, 0;
    %pushi/vec4 0, 0, 1;
    %assign/vec4 v0x12df990_0, 0;
    %pushi/vec4 0, 0, 1;
    %assign/vec4 v0x12dff80_0, 0;
    %pushi/vec4 0, 0, 32;
    %assign/vec4 v0x12dd8c0_0, 0;
    %pushi/vec4 0, 0, 32;
    %assign/vec4 v0x12de490_0, 0;
    %pushi/vec4 0, 0, 32;
    %assign/vec4 v0x12dfe40_0, 0;
    %pushi/vec4 0, 0, 32;
    %assign/vec4 v0x12dee70_0, 0;
    %pushi/vec4 0, 0, 32;
    %assign/vec4 v0x12dfee0_0, 0;
    %jmp T_7.1;
T_7.0 ;
    %pushi/vec4 0, 0, 1;
    %assign/vec4 v0x12df7f0_0, 0;
    %pushi/vec4 0, 0, 1;
    %assign/vec4 v0x12df8c0_0, 0;
    %pushi/vec4 0, 0, 1;
    %assign/vec4 v0x12dfa60_0, 0;
    %pushi/vec4 0, 0, 1;
    %assign/vec4 v0x12dfb30_0, 0;
    %pushi/vec4 0, 0, 1;
    %assign/vec4 v0x12dfc00_0, 0;
    %pushi/vec4 0, 0, 1;
    %assign/vec4 v0x12e0050_0, 0;
    %pushi/vec4 0, 0, 1;
    %assign/vec4 v0x12dfcd0_0, 0;
    %pushi/vec4 0, 0, 1;
    %assign/vec4 v0x12e0120_0, 0;
    %pushi/vec4 0, 0, 1;
    %assign/vec4 v0x12df990_0, 0;
    %pushi/vec4 0, 0, 1;
    %assign/vec4 v0x12dff80_0, 0;
    %load/vec4 v0x12dfe40_0;
    %dup/vec4;
    %pushi/vec4 0, 0, 32;
    %cmp/u;
    %jmp/1 T_7.2, 6;
    %dup/vec4;
    %pushi/vec4 1, 0, 32;
    %cmp/u;
    %jmp/1 T_7.3, 6;
    %dup/vec4;
    %pushi/vec4 2, 0, 32;
    %cmp/u;
    %jmp/1 T_7.4, 6;
    %dup/vec4;
    %pushi/vec4 3, 0, 32;
    %cmp/u;
    %jmp/1 T_7.5, 6;
    %dup/vec4;
    %pushi/vec4 4, 0, 32;
    %cmp/u;
    %jmp/1 T_7.6, 6;
    %dup/vec4;
    %pushi/vec4 5, 0, 32;
    %cmp/u;
    %jmp/1 T_7.7, 6;
    %dup/vec4;
    %pushi/vec4 6, 0, 32;
    %cmp/u;
    %jmp/1 T_7.8, 6;
    %dup/vec4;
    %pushi/vec4 7, 0, 32;
    %cmp/u;
    %jmp/1 T_7.9, 6;
    %dup/vec4;
    %pushi/vec4 8, 0, 32;
    %cmp/u;
    %jmp/1 T_7.10, 6;
    %dup/vec4;
    %pushi/vec4 9, 0, 32;
    %cmp/u;
    %jmp/1 T_7.11, 6;
    %dup/vec4;
    %pushi/vec4 10, 0, 32;
    %cmp/u;
    %jmp/1 T_7.12, 6;
    %dup/vec4;
    %pushi/vec4 11, 0, 32;
    %cmp/u;
    %jmp/1 T_7.13, 6;
    %dup/vec4;
    %pushi/vec4 12, 0, 32;
    %cmp/u;
    %jmp/1 T_7.14, 6;
    %dup/vec4;
    %pushi/vec4 13, 0, 32;
    %cmp/u;
    %jmp/1 T_7.15, 6;
    %dup/vec4;
    %pushi/vec4 14, 0, 32;
    %cmp/u;
    %jmp/1 T_7.16, 6;
    %dup/vec4;
    %pushi/vec4 15, 0, 32;
    %cmp/u;
    %jmp/1 T_7.17, 6;
    %dup/vec4;
    %pushi/vec4 16, 0, 32;
    %cmp/u;
    %jmp/1 T_7.18, 6;
    %dup/vec4;
    %pushi/vec4 17, 0, 32;
    %cmp/u;
    %jmp/1 T_7.19, 6;
    %dup/vec4;
    %pushi/vec4 18, 0, 32;
    %cmp/u;
    %jmp/1 T_7.20, 6;
    %dup/vec4;
    %pushi/vec4 19, 0, 32;
    %cmp/u;
    %jmp/1 T_7.21, 6;
    %dup/vec4;
    %pushi/vec4 20, 0, 32;
    %cmp/u;
    %jmp/1 T_7.22, 6;
    %dup/vec4;
    %pushi/vec4 21, 0, 32;
    %cmp/u;
    %jmp/1 T_7.23, 6;
    %dup/vec4;
    %pushi/vec4 22, 0, 32;
    %cmp/u;
    %jmp/1 T_7.24, 6;
    %dup/vec4;
    %pushi/vec4 23, 0, 32;
    %cmp/u;
    %jmp/1 T_7.25, 6;
    %dup/vec4;
    %pushi/vec4 24, 0, 32;
    %cmp/u;
    %jmp/1 T_7.26, 6;
    %dup/vec4;
    %pushi/vec4 25, 0, 32;
    %cmp/u;
    %jmp/1 T_7.27, 6;
    %dup/vec4;
    %pushi/vec4 26, 0, 32;
    %cmp/u;
    %jmp/1 T_7.28, 6;
    %dup/vec4;
    %pushi/vec4 27, 0, 32;
    %cmp/u;
    %jmp/1 T_7.29, 6;
    %dup/vec4;
    %pushi/vec4 28, 0, 32;
    %cmp/u;
    %jmp/1 T_7.30, 6;
    %dup/vec4;
    %pushi/vec4 29, 0, 32;
    %cmp/u;
    %jmp/1 T_7.31, 6;
    %dup/vec4;
    %pushi/vec4 30, 0, 32;
    %cmp/u;
    %jmp/1 T_7.32, 6;
    %dup/vec4;
    %pushi/vec4 31, 0, 32;
    %cmp/u;
    %jmp/1 T_7.33, 6;
    %dup/vec4;
    %pushi/vec4 32, 0, 32;
    %cmp/u;
    %jmp/1 T_7.34, 6;
    %jmp T_7.35;
T_7.2 ;
    %pushi/vec4 1, 0, 1;
    %assign/vec4 v0x12df7f0_0, 0;
    %pushi/vec4 0, 0, 32;
    %assign/vec4 v0x12dd700_0, 0;
    %pushi/vec4 1, 0, 32;
    %assign/vec4 v0x12dfe40_0, 0;
    %jmp T_7.35;
T_7.3 ;
    %pushi/vec4 1, 0, 1;
    %assign/vec4 v0x12e0050_0, 0;
    %load/vec4 v0x12dd600_0;
    %assign/vec4 v0x12ddb00_0, 0;
    %pushi/vec4 0, 0, 32;
    %assign/vec4 v0x12de580_0, 0;
    %pushi/vec4 1, 0, 1;
    %assign/vec4 v0x12e0120_0, 0;
    %load/vec4 v0x12dd600_0;
    %assign/vec4 v0x12ddbd0_0, 0;
    %pushi/vec4 0, 0, 32;
    %assign/vec4 v0x12de650_0, 0;
    %pushi/vec4 2, 0, 32;
    %assign/vec4 v0x12dfe40_0, 0;
    %jmp T_7.35;
T_7.4 ;
    %pushi/vec4 1, 0, 1;
    %assign/vec4 v0x12dfc00_0, 0;
    %pushi/vec4 0, 0, 32;
    %assign/vec4 v0x12ddb00_0, 0;
    %pushi/vec4 1, 0, 1;
    %assign/vec4 v0x12dfcd0_0, 0;
    %pushi/vec4 0, 0, 32;
    %assign/vec4 v0x12ddbd0_0, 0;
    %pushi/vec4 0, 0, 32;
    %assign/vec4 v0x12decd0_0, 0;
    %pushi/vec4 0, 0, 32;
    %assign/vec4 v0x12ded90_0, 0;
    %pushi/vec4 32, 0, 32;
    %assign/vec4 v0x12dfe40_0, 0;
    %pushi/vec4 3, 0, 32;
    %assign/vec4 v0x12dee70_0, 0;
    %jmp T_7.35;
T_7.5 ;
    %pushi/vec4 1, 0, 1;
    %assign/vec4 v0x12dff80_0, 0;
    %load/vec4 v0x12df2b0_0;
    %muli 4, 0, 32;
    %load/vec4 v0x12df390_0;
    %add;
    %assign/vec4 v0x12dd8c0_0, 0;
    %load/vec4 v0x12dd600_0;
    %assign/vec4 v0x12de490_0, 0;
    %pushi/vec4 4, 0, 32;
    %assign/vec4 v0x12dfe40_0, 0;
    %jmp T_7.35;
T_7.6 ;
    %load/vec4 v0x12decd0_0;
    %cmpi/e 16, 0, 32;
    %jmp/0xz  T_7.36, 4;
    %pushi/vec4 0, 0, 32;
    %assign/vec4 v0x12decd0_0, 0;
    %pushi/vec4 23, 0, 32;
    %assign/vec4 v0x12dfe40_0, 0;
    %jmp T_7.37;
T_7.36 ;
    %pushi/vec4 1, 0, 1;
    %assign/vec4 v0x12df7f0_0, 0;
    %load/vec4 v0x12decd0_0;
    %assign/vec4 v0x12dd700_0, 0;
    %pushi/vec4 1, 0, 1;
    %assign/vec4 v0x12df8c0_0, 0;
    %load/vec4 v0x12decd0_0;
    %assign/vec4 v0x12dd7c0_0, 0;
    %pushi/vec4 32, 0, 32;
    %assign/vec4 v0x12dfe40_0, 0;
    %pushi/vec4 5, 0, 32;
    %assign/vec4 v0x12dee70_0, 0;
T_7.37 ;
    %jmp T_7.35;
T_7.7 ;
    %pushi/vec4 1, 0, 1;
    %assign/vec4 v0x12dfc00_0, 0;
    %load/vec4 v0x12dd600_0;
    %assign/vec4 v0x12ddb00_0, 0;
    %pushi/vec4 1, 0, 1;
    %assign/vec4 v0x12dfcd0_0, 0;
    %load/vec4 v0x12dd600_0;
    %assign/vec4 v0x12ddbd0_0, 0;
    %pushi/vec4 32, 0, 32;
    %assign/vec4 v0x12dfe40_0, 0;
    %pushi/vec4 6, 0, 32;
    %assign/vec4 v0x12dee70_0, 0;
    %jmp T_7.35;
T_7.8 ;
    %load/vec4 v0x12df2b0_0;
    %assign/vec4 v0x12df470_0, 0;
    %load/vec4 v0x12df390_0;
    %assign/vec4 v0x12df550_0, 0;
    %pushi/vec4 7, 0, 32;
    %assign/vec4 v0x12dfe40_0, 0;
    %pushi/vec4 8, 0, 32;
    %assign/vec4 v0x12dee70_0, 0;
    %jmp T_7.35;
T_7.9 ;
    %pushi/vec4 1, 0, 1;
    %assign/vec4 v0x12dfc00_0, 0;
    %load/vec4 v0x12de070_0;
    %assign/vec4 v0x12ddb00_0, 0;
    %pushi/vec4 1, 0, 1;
    %assign/vec4 v0x12dfcd0_0, 0;
    %load/vec4 v0x12de070_0;
    %assign/vec4 v0x12ddbd0_0, 0;
    %pushi/vec4 32, 0, 32;
    %assign/vec4 v0x12dfe40_0, 0;
    %jmp T_7.35;
T_7.10 ;
    %load/vec4 v0x12df2b0_0;
    %assign/vec4 v0x12df630_0, 0;
    %load/vec4 v0x12df390_0;
    %assign/vec4 v0x12df710_0, 0;
    %load/vec4 v0x12decd0_0;
    %cmpi/e 0, 0, 32;
    %jmp/0xz  T_7.38, 4;
    %pushi/vec4 17, 0, 32;
    %assign/vec4 v0x12dfe40_0, 0;
    %jmp T_7.39;
T_7.38 ;
    %pushi/vec4 9, 0, 32;
    %assign/vec4 v0x12dfe40_0, 0;
T_7.39 ;
    %jmp T_7.35;
T_7.11 ;
    %load/vec4 v0x12df470_0;
    %cmpi/ne 4294967295, 0, 32;
    %jmp/0xz  T_7.40, 4;
    %pushi/vec4 17, 0, 32;
    %assign/vec4 v0x12dfe40_0, 0;
    %pushi/vec4 0, 0, 32;
    %assign/vec4 v0x12ded90_0, 0;
    %jmp T_7.41;
T_7.40 ;
    %pushi/vec4 1, 0, 1;
    %assign/vec4 v0x12dfc00_0, 0;
    %load/vec4 v0x12decd0_0;
    %subi 1, 0, 32;
    %assign/vec4 v0x12ddb00_0, 0;
    %pushi/vec4 1, 0, 1;
    %assign/vec4 v0x12dfa60_0, 0;
    %load/vec4 v0x12ded90_0;
    %assign/vec4 v0x12dd990_0, 0;
    %pushi/vec4 1, 0, 1;
    %assign/vec4 v0x12dfcd0_0, 0;
    %load/vec4 v0x12decd0_0;
    %subi 1, 0, 32;
    %assign/vec4 v0x12ddbd0_0, 0;
    %pushi/vec4 1, 0, 1;
    %assign/vec4 v0x12dfb30_0, 0;
    %load/vec4 v0x12ded90_0;
    %assign/vec4 v0x12dda30_0, 0;
    %pushi/vec4 32, 0, 32;
    %assign/vec4 v0x12dfe40_0, 0;
    %pushi/vec4 10, 0, 32;
    %assign/vec4 v0x12dee70_0, 0;
T_7.41 ;
    %jmp T_7.35;
T_7.12 ;
    %load/vec4 v0x12df2b0_0;
    %load/vec4 v0x12df0f0_0;
    %add;
    %assign/vec4 v0x12ddca0_0, 0;
    %load/vec4 v0x12df390_0;
    %load/vec4 v0x12df1d0_0;
    %add;
    %assign/vec4 v0x12ddeb0_0, 0;
    %pushi/vec4 11, 0, 32;
    %assign/vec4 v0x12dfe40_0, 0;
    %jmp T_7.35;
T_7.13 ;
    %pushi/vec4 1, 0, 1;
    %assign/vec4 v0x12e0050_0, 0;
    %load/vec4 v0x12dd600_0;
    %assign/vec4 v0x12ddb00_0, 0;
    %load/vec4 v0x12ddca0_0;
    %assign/vec4 v0x12de580_0, 0;
    %pushi/vec4 1, 0, 1;
    %assign/vec4 v0x12e0120_0, 0;
    %load/vec4 v0x12dd600_0;
    %assign/vec4 v0x12ddbd0_0, 0;
    %load/vec4 v0x12ddeb0_0;
    %assign/vec4 v0x12de650_0, 0;
    %pushi/vec4 12, 0, 32;
    %assign/vec4 v0x12dfe40_0, 0;
    %jmp T_7.35;
T_7.14 ;
    %pushi/vec4 1, 0, 1;
    %assign/vec4 v0x12dfc00_0, 0;
    %load/vec4 v0x12dd600_0;
    %assign/vec4 v0x12ddb00_0, 0;
    %pushi/vec4 1, 0, 1;
    %assign/vec4 v0x12dfcd0_0, 0;
    %load/vec4 v0x12dd600_0;
    %assign/vec4 v0x12ddbd0_0, 0;
    %load/vec4 v0x12ded90_0;
    %pushi/vec4 1, 0, 32;
    %add;
    %store/vec4 v0x12ded90_0, 0, 32;
    %pushi/vec4 32, 0, 32;
    %assign/vec4 v0x12dfe40_0, 0;
    %pushi/vec4 13, 0, 32;
    %assign/vec4 v0x12dee70_0, 0;
    %jmp T_7.35;
T_7.15 ;
    %load/vec4 v0x12df2b0_0;
    %assign/vec4 v0x12e01f0_0, 0;
    %load/vec4 v0x12df390_0;
    %assign/vec4 v0x12e0290_0, 0;
    %load/vec4 v0x12df2b0_0;
    %muli 4, 0, 32;
    %load/vec4 v0x12df390_0;
    %add;
    %assign/vec4 v0x12ddca0_0, 0;
    %pushi/vec4 14, 0, 32;
    %assign/vec4 v0x12dfe40_0, 0;
    %jmp T_7.35;
T_7.16 ;
    %pushi/vec4 1, 0, 1;
    %assign/vec4 v0x12df990_0, 0;
    %load/vec4 v0x12ddca0_0;
    %assign/vec4 v0x12dd8c0_0, 0;
    %pushi/vec4 32, 0, 32;
    %assign/vec4 v0x12dfe40_0, 0;
    %pushi/vec4 15, 0, 32;
    %assign/vec4 v0x12dee70_0, 0;
    %jmp T_7.35;
T_7.17 ;
    %load/vec4 v0x12df010_0;
    %assign/vec4 v0x12dddd0_0, 0;
    %pushi/vec4 16, 0, 32;
    %assign/vec4 v0x12dfe40_0, 0;
    %jmp T_7.35;
T_7.18 ;
    %load/vec4 v0x12dddd0_0;
    %pushi/vec4 4294967295, 0, 32;
    %cmp/e;
    %flag_get/vec4 4;
    %load/vec4 v0x12e01f0_0;
    %cmpi/s 4, 0, 32;
    %flag_get/vec4 5;
    %and;
    %pushi/vec4 0, 0, 32;
    %load/vec4 v0x12e01f0_0;
    %cmp/s;
    %flag_get/vec4 4;
    %flag_get/vec4 5;
    %or;
    %and;
    %load/vec4 v0x12e0290_0;
    %cmpi/s 4, 0, 32;
    %flag_get/vec4 5;
    %and;
    %pushi/vec4 0, 0, 32;
    %load/vec4 v0x12e0290_0;
    %cmp/s;
    %flag_get/vec4 4;
    %flag_get/vec4 5;
    %or;
    %and;
    %flag_set/vec4 8;
    %jmp/0xz  T_7.42, 8;
    %pushi/vec4 1, 0, 1;
    %assign/vec4 v0x12dff80_0, 0;
    %load/vec4 v0x12ddca0_0;
    %assign/vec4 v0x12dd8c0_0, 0;
    %load/vec4 v0x12dd600_0;
    %assign/vec4 v0x12de490_0, 0;
    %load/vec4 v0x12e01f0_0;
    %assign/vec4 v0x12df470_0, 0;
    %load/vec4 v0x12e0290_0;
    %assign/vec4 v0x12df550_0, 0;
    %pushi/vec4 17, 0, 32;
    %assign/vec4 v0x12dfe40_0, 0;
    %pushi/vec4 0, 0, 32;
    %assign/vec4 v0x12ded90_0, 0;
    %jmp T_7.43;
T_7.42 ;
    %load/vec4 v0x12df470_0;
    %cmpi/e 4294967295, 0, 32;
    %jmp/0xz  T_7.44, 4;
    %pushi/vec4 9, 0, 32;
    %assign/vec4 v0x12dfe40_0, 0;
T_7.44 ;
T_7.43 ;
    %pushi/vec4 28, 0, 32;
    %load/vec4 v0x12ded90_0;
    %cmp/u;
    %jmp/0xz  T_7.46, 5;
    %vpi_call 2 194 "$display", "No solution\012" {0 0 0};
    %pushi/vec4 0, 0, 1;
    %assign/vec4 v0x12def50_0, 0;
    %pushi/vec4 31, 0, 32;
    %assign/vec4 v0x12dfe40_0, 0;
T_7.46 ;
    %jmp T_7.35;
T_7.19 ;
    %load/vec4 v0x12df630_0;
    %cmpi/ne 4294967295, 0, 32;
    %jmp/0xz  T_7.48, 4;
    %pushi/vec4 4, 0, 32;
    %assign/vec4 v0x12dfe40_0, 0;
    %pushi/vec4 0, 0, 32;
    %assign/vec4 v0x12ded90_0, 0;
    %load/vec4 v0x12decd0_0;
    %pushi/vec4 1, 0, 32;
    %add;
    %store/vec4 v0x12decd0_0, 0, 32;
    %jmp T_7.49;
T_7.48 ;
    %pushi/vec4 1, 0, 1;
    %assign/vec4 v0x12dfa60_0, 0;
    %load/vec4 v0x12ded90_0;
    %assign/vec4 v0x12dd990_0, 0;
    %pushi/vec4 1, 0, 1;
    %assign/vec4 v0x12dfb30_0, 0;
    %load/vec4 v0x12ded90_0;
    %assign/vec4 v0x12dda30_0, 0;
    %pushi/vec4 32, 0, 32;
    %assign/vec4 v0x12dfe40_0, 0;
    %pushi/vec4 18, 0, 32;
    %assign/vec4 v0x12dee70_0, 0;
T_7.49 ;
    %jmp T_7.35;
T_7.20 ;
    %load/vec4 v0x12df470_0;
    %load/vec4 v0x12df0f0_0;
    %add;
    %assign/vec4 v0x12e01f0_0, 0;
    %load/vec4 v0x12df550_0;
    %load/vec4 v0x12df1d0_0;
    %add;
    %assign/vec4 v0x12e0290_0, 0;
    %pushi/vec4 19, 0, 32;
    %assign/vec4 v0x12dfe40_0, 0;
    %jmp T_7.35;
T_7.21 ;
    %load/vec4 v0x12e01f0_0;
    %muli 4, 0, 32;
    %load/vec4 v0x12e0290_0;
    %add;
    %assign/vec4 v0x12ddca0_0, 0;
    %pushi/vec4 20, 0, 32;
    %assign/vec4 v0x12dfe40_0, 0;
    %jmp T_7.35;
T_7.22 ;
    %load/vec4 v0x12ded90_0;
    %pushi/vec4 1, 0, 32;
    %add;
    %store/vec4 v0x12ded90_0, 0, 32;
    %pushi/vec4 1, 0, 1;
    %assign/vec4 v0x12df990_0, 0;
    %load/vec4 v0x12ddca0_0;
    %assign/vec4 v0x12dd8c0_0, 0;
    %pushi/vec4 32, 0, 32;
    %assign/vec4 v0x12dfe40_0, 0;
    %pushi/vec4 21, 0, 32;
    %assign/vec4 v0x12dee70_0, 0;
    %jmp T_7.35;
T_7.23 ;
    %load/vec4 v0x12df010_0;
    %assign/vec4 v0x12dddd0_0, 0;
    %pushi/vec4 22, 0, 32;
    %assign/vec4 v0x12dfe40_0, 0;
    %jmp T_7.35;
T_7.24 ;
    %load/vec4 v0x12dddd0_0;
    %pushi/vec4 4294967295, 0, 32;
    %cmp/e;
    %flag_get/vec4 4;
    %load/vec4 v0x12e01f0_0;
    %cmpi/s 4, 0, 32;
    %flag_get/vec4 5;
    %and;
    %pushi/vec4 0, 0, 32;
    %load/vec4 v0x12e01f0_0;
    %cmp/s;
    %flag_get/vec4 4;
    %flag_get/vec4 5;
    %or;
    %and;
    %load/vec4 v0x12e0290_0;
    %cmpi/s 4, 0, 32;
    %flag_get/vec4 5;
    %and;
    %pushi/vec4 0, 0, 32;
    %load/vec4 v0x12e0290_0;
    %cmp/s;
    %flag_get/vec4 4;
    %flag_get/vec4 5;
    %or;
    %and;
    %flag_set/vec4 8;
    %jmp/0xz  T_7.50, 8;
    %pushi/vec4 1, 0, 1;
    %assign/vec4 v0x12dff80_0, 0;
    %load/vec4 v0x12ddca0_0;
    %assign/vec4 v0x12dd8c0_0, 0;
    %load/vec4 v0x12de070_0;
    %assign/vec4 v0x12de490_0, 0;
    %load/vec4 v0x12e01f0_0;
    %assign/vec4 v0x12df630_0, 0;
    %load/vec4 v0x12e0290_0;
    %assign/vec4 v0x12df710_0, 0;
    %pushi/vec4 1, 0, 1;
    %assign/vec4 v0x12e0050_0, 0;
    %load/vec4 v0x12de070_0;
    %assign/vec4 v0x12ddb00_0, 0;
    %load/vec4 v0x12e01f0_0;
    %assign/vec4 v0x12de580_0, 0;
    %pushi/vec4 1, 0, 1;
    %assign/vec4 v0x12e0120_0, 0;
    %load/vec4 v0x12de070_0;
    %assign/vec4 v0x12ddbd0_0, 0;
    %load/vec4 v0x12e0290_0;
    %assign/vec4 v0x12de650_0, 0;
    %pushi/vec4 0, 0, 32;
    %assign/vec4 v0x12ded90_0, 0;
    %load/vec4 v0x12decd0_0;
    %pushi/vec4 1, 0, 32;
    %add;
    %store/vec4 v0x12decd0_0, 0, 32;
    %pushi/vec4 4, 0, 32;
    %assign/vec4 v0x12dfe40_0, 0;
    %jmp T_7.51;
T_7.50 ;
    %load/vec4 v0x12df630_0;
    %cmpi/e 4294967295, 0, 32;
    %jmp/0xz  T_7.52, 4;
    %pushi/vec4 17, 0, 32;
    %assign/vec4 v0x12dfe40_0, 0;
T_7.52 ;
T_7.51 ;
    %pushi/vec4 28, 0, 32;
    %load/vec4 v0x12ded90_0;
    %cmp/u;
    %jmp/0xz  T_7.54, 5;
    %vpi_call 2 246 "$display", "No solution\012" {0 0 0};
    %pushi/vec4 0, 0, 1;
    %assign/vec4 v0x12def50_0, 0;
    %pushi/vec4 31, 0, 32;
    %assign/vec4 v0x12dfe40_0, 0;
T_7.54 ;
    %jmp T_7.35;
T_7.25 ;
    %load/vec4 v0x12decd0_0;
    %cmpi/e 16, 0, 32;
    %jmp/0xz  T_7.56, 4;
    %pushi/vec4 31, 0, 32;
    %assign/vec4 v0x12dfe40_0, 0;
    %jmp T_7.57;
T_7.56 ;
    %pushi/vec4 1, 0, 1;
    %assign/vec4 v0x12df7f0_0, 0;
    %load/vec4 v0x12decd0_0;
    %assign/vec4 v0x12dd700_0, 0;
    %pushi/vec4 1, 0, 1;
    %assign/vec4 v0x12df8c0_0, 0;
    %load/vec4 v0x12decd0_0;
    %assign/vec4 v0x12dd7c0_0, 0;
    %pushi/vec4 32, 0, 32;
    %assign/vec4 v0x12dfe40_0, 0;
    %pushi/vec4 24, 0, 32;
    %assign/vec4 v0x12dee70_0, 0;
T_7.57 ;
    %jmp T_7.35;
T_7.26 ;
    %pushi/vec4 1, 0, 1;
    %assign/vec4 v0x12dfc00_0, 0;
    %load/vec4 v0x12dd600_0;
    %assign/vec4 v0x12ddb00_0, 0;
    %pushi/vec4 1, 0, 1;
    %assign/vec4 v0x12dfcd0_0, 0;
    %load/vec4 v0x12dd600_0;
    %assign/vec4 v0x12ddbd0_0, 0;
    %pushi/vec4 32, 0, 32;
    %assign/vec4 v0x12dfe40_0, 0;
    %pushi/vec4 25, 0, 32;
    %assign/vec4 v0x12dee70_0, 0;
    %jmp T_7.35;
T_7.27 ;
    %load/vec4 v0x12df2b0_0;
    %assign/vec4 v0x12ddca0_0, 0;
    %load/vec4 v0x12df390_0;
    %assign/vec4 v0x12dddd0_0, 0;
    %pushi/vec4 7, 0, 32;
    %assign/vec4 v0x12dfe40_0, 0;
    %pushi/vec4 26, 0, 32;
    %assign/vec4 v0x12dee70_0, 0;
    %jmp T_7.35;
T_7.28 ;
    %load/vec4 v0x12df2b0_0;
    %assign/vec4 v0x12ddeb0_0, 0;
    %load/vec4 v0x12df390_0;
    %assign/vec4 v0x12ddf90_0, 0;
    %pushi/vec4 27, 0, 32;
    %assign/vec4 v0x12dfe40_0, 0;
    %jmp T_7.35;
T_7.29 ;
    %load/vec4 v0x12ddca0_0;
    %load/vec4 v0x12ddeb0_0;
    %sub;
    %assign/vec4 v0x12de2d0_0, 0;
    %pushi/vec4 28, 0, 32;
    %assign/vec4 v0x12dfe40_0, 0;
    %jmp T_7.35;
T_7.30 ;
    %load/vec4 v0x12de2d0_0;
    %cmpi/s 0, 0, 32;
    %jmp/0xz  T_7.58, 5;
    %load/vec4 v0x12de2d0_0;
    %pushi/vec4 4294967295, 0, 32;
    %xor;
    %addi 1, 0, 32;
    %assign/vec4 v0x12de2d0_0, 0;
T_7.58 ;
    %load/vec4 v0x12dddd0_0;
    %load/vec4 v0x12ddf90_0;
    %sub;
    %assign/vec4 v0x12de3b0_0, 0;
    %pushi/vec4 29, 0, 32;
    %assign/vec4 v0x12dfe40_0, 0;
    %jmp T_7.35;
T_7.31 ;
    %load/vec4 v0x12de3b0_0;
    %cmpi/s 0, 0, 32;
    %jmp/0xz  T_7.60, 5;
    %load/vec4 v0x12de3b0_0;
    %pushi/vec4 4294967295, 0, 32;
    %xor;
    %addi 1, 0, 32;
    %assign/vec4 v0x12de3b0_0, 0;
T_7.60 ;
    %pushi/vec4 30, 0, 32;
    %assign/vec4 v0x12dfe40_0, 0;
    %jmp T_7.35;
T_7.32 ;
    %load/vec4 v0x12dfee0_0;
    %load/vec4 v0x12de2d0_0;
    %add;
    %load/vec4 v0x12de3b0_0;
    %add;
    %subi 1, 0, 32;
    %assign/vec4 v0x12dfee0_0, 0;
    %load/vec4 v0x12decd0_0;
    %pushi/vec4 1, 0, 32;
    %add;
    %store/vec4 v0x12decd0_0, 0, 32;
    %pushi/vec4 23, 0, 32;
    %assign/vec4 v0x12dfe40_0, 0;
    %jmp T_7.35;
T_7.33 ;
    %pushi/vec4 1, 0, 1;
    %assign/vec4 v0x12def50_0, 0;
    %vpi_call 2 303 "$write", "\012Evaluation = %1d\012", v0x12dfee0_0 {0 0 0};
    %vpi_call 2 304 "$write", "\012Ciclos = %1d\012", v0x12de150_0 {0 0 0};
    %vpi_call 2 305 "$finish" {0 0 0};
    %jmp T_7.35;
T_7.34 ;
    %load/vec4 v0x12dee70_0;
    %assign/vec4 v0x12dfe40_0, 0;
    %jmp T_7.35;
T_7.35 ;
    %pop/vec4 1;
T_7.1 ;
    %jmp T_7;
    .thread T_7;
    .scope S_0x12b9900;
T_8 ;
    %vpi_call 2 326 "$dumpfile", "placement.vcd" {0 0 0};
    %vpi_call 2 327 "$dumpvars" {0 0 0};
    %pushi/vec4 0, 0, 1;
    %store/vec4 v0x12e0370_0, 0, 1;
    %pushi/vec4 0, 0, 1;
    %store/vec4 v0x12e0500_0, 0, 1;
    %delay 1, 0;
    %pushi/vec4 1, 0, 1;
    %store/vec4 v0x12e0500_0, 0, 1;
    %delay 2, 0;
    %pushi/vec4 0, 0, 1;
    %store/vec4 v0x12e0500_0, 0, 1;
    %end;
    .thread T_8;
    .scope S_0x12b9900;
T_9 ;
    %delay 1, 0;
    %load/vec4 v0x12e0370_0;
    %nor/r;
    %store/vec4 v0x12e0370_0, 0, 1;
    %jmp T_9;
    .thread T_9;
# The file index is used to find the file name in the following table.
:file_names 5;
    "N/A";
    "<interactive>";
    "placement.v";
    "./memorias/memoryROM.v";
    "./memorias/memoryRAM.v";
