// ----------------------------------------------------------------------------
// LegUp High-Level Synthesis Tool Version 7.5 (http://legupcomputing.com)
// Copyright (c) 2015-2019 LegUp Computing Inc. All Rights Reserved.
// For technical issues, please contact: support@legupcomputing.com
// For general inquiries, please contact: info@legupcomputing.com
// Date: Fri May  8 21:56:50 2020
// ----------------------------------------------------------------------------

LegUp Summary Report for Project: RoutP8.

Table of Contents
  1. Scheduling Result
  2. Pipeline Result
  3. Memory Usage
  4. Resource Binding with Adaptive Latency


====== 1. Scheduling Result ======

Please use LegUp's schedule viewer to examine the schedule.

Basic Block Latencies:

+--------------------------------------------------+
| Function: main (non-pipelined function)          |
+----------------------------------+---------------+
| Basic Block                      | Cycle Latency |
+----------------------------------+---------------+
| %entry                           | 43            |
| %for.cond171.preheader           | 2             |
| %for.body173                     | 2             |
| %if.then                         | 2             |
| %for.inc                         | 1             |
| %for.inc178                      | 1             |
| %for.cond186.preheader.preheader | 1             |
| %for.cond186.preheader           | 2             |
| %for.body188                     | 2             |
| %if.then192                      | 2             |
| %for.inc195                      | 1             |
| %for.inc198                      | 1             |
| %for.body203.preheader           | 1             |
| %for.body203                     | 2             |
| %for.body208                     | 2             |
| %for.inc214                      | 1             |
| %for.cond220.preheader.preheader | 1             |
| %for.cond220.preheader           | 2             |
| %for.body222.us.preheader        | 1             |
| %for.body222.us                  | 3             |
| %if.then226.us                   | 4             |
| %for.inc291.us                   | 3             |
| %for.inc294.loopexit             | 1             |
| %for.inc294                      | 1             |
| %for.body300.preheader           | 1             |
| %for.body300                     | 2             |
| %for.body.i                      | 2             |
| %for.end.i                       | 2             |
| %for.body6.i                     | 1             |
| %for.body.i.i                    | 2             |
| %land.lhs.true.i.i               | 2             |
| %for.inc.i.i                     | 1             |
| %minDistance.exit.i              | 2             |
| %for.body11.i                    | 2             |
| %land.lhs.true.i                 | 2             |
| %land.lhs.true16.i               | 2             |
| %if.then.i                       | 2             |
| %for.inc28.i                     | 1             |
| %for.inc31.i                     | 1             |
| %dijkstra.exit                   | 2             |
| %if.end313.preheader             | 1             |
| %if.end313                       | 2             |
| %if.then322                      | 2             |
| %for.inc340.loopexit             | 1             |
| %for.inc340                      | 1             |
| %for.end342.loopexit             | 1             |
| %for.end342.loopexit1            | 1             |
| %for.end342                      | 1             |
| %for.inc291.8                    | 10            |
+----------------------------------+---------------+

====== 2. Pipeline Result ======

No pipeline is generated.

====== 3. Memory Usage ======

+----------------------------------------------------------------------------------------+
| Local Memories                                                                         |
+----------------------+-----------------------+------+-------------+------------+-------+
| Name                 | Accessing Function(s) | Type | Size [Bits] | Data Width | Depth |
+----------------------+-----------------------+------+-------------+------------+-------+
| main_grid            | main                  | ROM  | 2592        | 32         | 81    |
| main_entry_dist_i    | main                  | RAM  | 2592        | 32         | 81    |
| main_entry_sptSet_i  | main                  | RAM  | 2592        | 32         | 81    |
| main_entry_parent    | main                  | RAM  | 2592        | 32         | 81    |
| main_entry_m         | main                  | RAM  | 209952      | 32         | 6561  |
| main_entry_indice_e  | main                  | RAM  | 2592        | 32         | 81    |
| main_entry_indice_s  | main                  | RAM  | 2592        | 32         | 81    |
| main_entry_vla421    | main                  | RAM  | 2656        | 32         | 83    |
| main_entry_vla1422   | main                  | RAM  | 2656        | 32         | 83    |
| main_entry_vla167423 | main                  | RAM  | 2656        | 32         | 83    |
| main_entry_vla168424 | main                  | RAM  | 2656        | 32         | 83    |
+----------------------+-----------------------+------+-------------+------------+-------+

+-------------------------+
| Local Constant Memories |
+-------------------------+
| None                    |
+-------------------------+

+-----------------------+
| Shared Local Memories |
+-----------------------+
| None                  |
+-----------------------+

+------------------+
| Aliased Memories |
+------------------+
| None             |
+------------------+

+--------------+
| I/O Memories |
+--------------+
| None         |
+--------------+


====== 4. Resource Binding with Adaptive Latency ======

Binding to resource with adaptive latency is disabled.
You can enable this feature by setting config parameter 'ADAPTIVE_LATENCY_BINDING' to 1.


