#! /usr/bin/vvp
:ivl_version "10.2 (stable)" "(v10_2)";
:ivl_delay_selection "TYPICAL";
:vpi_time_precision + 0;
:vpi_module "system";
:vpi_module "vhdl_sys";
:vpi_module "v2005_math";
:vpi_module "va_math";
S_0x280aa10 .scope module, "test" "test" 2 337;
 .timescale 0 0;
v0x28314a0_0 .var "clk", 0 0;
v0x2831540_0 .net "out", 0 0, v0x2830080_0;  1 drivers
v0x2831630_0 .var "reset", 0 0;
S_0x280ab90 .scope module, "p1" "placement" 2 350, 2 4 0, S_0x280aa10;
 .timescale 0 0;
    .port_info 0 /OUTPUT 1 "out"
    .port_info 1 /INPUT 1 "clk"
    .port_info 2 /INPUT 1 "reset"
P_0x280ad10 .param/l "eval0" 0 2 11, +C4<00000000000000000000000000010111>;
P_0x280ad50 .param/l "eval1" 0 2 11, +C4<00000000000000000000000000011000>;
P_0x280ad90 .param/l "eval2" 0 2 11, +C4<00000000000000000000000000011001>;
P_0x280add0 .param/l "eval3" 0 2 11, +C4<00000000000000000000000000011010>;
P_0x280ae10 .param/l "eval4" 0 2 11, +C4<00000000000000000000000000011011>;
P_0x280ae50 .param/l "eval5" 0 2 11, +C4<00000000000000000000000000011100>;
P_0x280ae90 .param/l "eval6" 0 2 11, +C4<00000000000000000000000000011101>;
P_0x280aed0 .param/l "eval7" 0 2 11, +C4<00000000000000000000000000011110>;
P_0x280af10 .param/l "exit" 0 2 12, +C4<00000000000000000000000000011111>;
P_0x280af50 .param/l "init0" 0 2 7, +C4<00000000000000000000000000000000>;
P_0x280af90 .param/l "init1" 0 2 7, +C4<00000000000000000000000000000001>;
P_0x280afd0 .param/l "init2" 0 2 7, +C4<00000000000000000000000000000010>;
P_0x280b010 .param/l "init3" 0 2 7, +C4<00000000000000000000000000000011>;
P_0x280b050 .param/l "n" 0 2 14, +C4<00000000000000000000000000000111>;
P_0x280b090 .param/l "n_edge" 0 2 14, +C4<00000000000000000000000000101011>;
P_0x280b0d0 .param/l "posA0" 0 2 9, +C4<00000000000000000000000000001001>;
P_0x280b110 .param/l "posA1" 0 2 9, +C4<00000000000000000000000000001010>;
P_0x280b150 .param/l "posA2" 0 2 9, +C4<00000000000000000000000000001011>;
P_0x280b190 .param/l "posA3" 0 2 9, +C4<00000000000000000000000000001100>;
P_0x280b1d0 .param/l "posA4" 0 2 9, +C4<00000000000000000000000000001101>;
P_0x280b210 .param/l "posA5" 0 2 9, +C4<00000000000000000000000000001110>;
P_0x280b250 .param/l "posA6" 0 2 9, +C4<00000000000000000000000000001111>;
P_0x280b290 .param/l "posA7" 0 2 9, +C4<00000000000000000000000000010000>;
P_0x280b2d0 .param/l "posB0" 0 2 10, +C4<00000000000000000000000000010001>;
P_0x280b310 .param/l "posB1" 0 2 10, +C4<00000000000000000000000000010010>;
P_0x280b350 .param/l "posB2" 0 2 10, +C4<00000000000000000000000000010011>;
P_0x280b390 .param/l "posB3" 0 2 10, +C4<00000000000000000000000000010100>;
P_0x280b3d0 .param/l "posB4" 0 2 10, +C4<00000000000000000000000000010101>;
P_0x280b410 .param/l "posB5" 0 2 10, +C4<00000000000000000000000000010110>;
P_0x280b450 .param/l "reMem0" 0 2 8, +C4<00000000000000000000000000000100>;
P_0x280b490 .param/l "reMem1" 0 2 8, +C4<00000000000000000000000000000101>;
P_0x280b4d0 .param/l "reMem2" 0 2 8, +C4<00000000000000000000000000000110>;
P_0x280b510 .param/l "reMem3" 0 2 8, +C4<00000000000000000000000000000111>;
P_0x280b550 .param/l "reMem4" 0 2 8, +C4<00000000000000000000000000001000>;
P_0x280b590 .param/l "size_offset" 0 2 14, +C4<00000000000000000000000000011100>;
P_0x280b5d0 .param/l "v" 0 2 5, +C4<00000000000000000000000000001011>;
P_0x280b610 .param/l "waitState" 0 2 12, +C4<00000000000000000000000000100000>;
L_0x27b18e0 .functor BUFZ 32, v0x27ec180_0, C4<00000000000000000000000000000000>, C4<00000000000000000000000000000000>, C4<00000000000000000000000000000000>;
L_0x27b3c00 .functor BUFZ 32, v0x282a810_0, C4<00000000000000000000000000000000>, C4<00000000000000000000000000000000>, C4<00000000000000000000000000000000>;
L_0x2774920 .functor BUFZ 32, v0x282d2d0_0, C4<00000000000000000000000000000000>, C4<00000000000000000000000000000000>, C4<00000000000000000000000000000000>;
L_0x27747f0 .functor BUFZ 32, v0x282e030_0, C4<00000000000000000000000000000000>, C4<00000000000000000000000000000000>, C4<00000000000000000000000000000000>;
L_0x27ac2d0 .functor BUFZ 32, v0x282bf20_0, C4<00000000000000000000000000000000>, C4<00000000000000000000000000000000>, C4<00000000000000000000000000000000>;
L_0x27ac1c0 .functor BUFZ 32, v0x282c880_0, C4<00000000000000000000000000000000>, C4<00000000000000000000000000000000>, C4<00000000000000000000000000000000>;
L_0x279a480 .functor BUFZ 32, v0x282b1e0_0, C4<00000000000000000000000000000000>, C4<00000000000000000000000000000000>, C4<00000000000000000000000000000000>;
v0x282e730_0 .net/s "a", 31 0, L_0x27b18e0;  1 drivers
v0x282e830_0 .var/s "addrEA", 31 0;
v0x282e8f0_0 .var/s "addrEB", 31 0;
v0x282e9f0_0 .var/s "addrGrid", 31 0;
v0x282eac0_0 .var/s "addrOX", 31 0;
v0x282eb60_0 .var/s "addrOY", 31 0;
v0x282ec30_0 .var/s "addrPX", 31 0;
v0x282ed00_0 .var/s "addrPY", 31 0;
v0x282edd0_0 .var "aux1", 31 0;
v0x282ef00_0 .var "aux2", 31 0;
v0x282efe0_0 .var "aux3", 31 0;
v0x282f0c0_0 .var "aux4", 31 0;
v0x282f1a0_0 .net/s "b", 31 0, L_0x27b3c00;  1 drivers
v0x282f280_0 .var "ciclos", 31 0;
v0x282f360_0 .net "clk", 0 0, v0x28314a0_0;  1 drivers
v0x282f400_0 .var/s "diff_pos_x", 31 0;
v0x282f4e0_0 .var/s "diff_pos_y", 31 0;
v0x282f5c0_0 .var/s "dinGrid", 31 0;
v0x282f6b0_0 .var/s "dinPX", 31 0;
v0x282f780_0 .var/s "dinPY", 31 0;
v0x282f850_0 .net/s "doutEA", 31 0, v0x27ec180_0;  1 drivers
v0x282f920_0 .net/s "doutEB", 31 0, v0x282a810_0;  1 drivers
v0x282f9f0_0 .net/s "doutGrid", 31 0, v0x282b1e0_0;  1 drivers
v0x282fac0_0 .net/s "doutOX", 31 0, v0x282bf20_0;  1 drivers
v0x282fb90_0 .net/s "doutOY", 31 0, v0x282c880_0;  1 drivers
v0x282fc60_0 .net/s "doutPX", 31 0, v0x282d2d0_0;  1 drivers
v0x282fd30_0 .net/s "doutPY", 31 0, v0x282e030_0;  1 drivers
v0x282fe00_0 .var "i", 31 0;
v0x282fec0_0 .var "j", 31 0;
v0x282ffa0_0 .var "next_state", 31 0;
v0x2830080_0 .var "out", 0 0;
v0x2830140_0 .net "outGrid", 31 0, L_0x279a480;  1 drivers
v0x2830220_0 .net "outOX", 31 0, L_0x27ac2d0;  1 drivers
v0x2830300_0 .net "outOY", 31 0, L_0x27ac1c0;  1 drivers
v0x28303e0_0 .net "outPX", 31 0, L_0x2774920;  1 drivers
v0x28304c0_0 .net "outPY", 31 0, L_0x27747f0;  1 drivers
v0x28305a0_0 .var/s "pos_a_X", 31 0;
v0x2830680_0 .var/s "pos_a_Y", 31 0;
v0x2830760_0 .var/s "pos_b_X", 31 0;
v0x2830840_0 .var/s "pos_b_Y", 31 0;
v0x2830920_0 .var "reEA", 0 0;
v0x28309f0_0 .var "reEB", 0 0;
v0x2830ac0_0 .var "reGrid", 0 0;
v0x2830b90_0 .var "reOX", 0 0;
v0x2830c60_0 .var "reOY", 0 0;
v0x2830d30_0 .var "rePX", 0 0;
v0x2830e00_0 .var "rePY", 0 0;
v0x2830ed0_0 .net "reset", 0 0, v0x2831630_0;  1 drivers
v0x2830f70_0 .var "state", 31 0;
v0x2831010_0 .var/s "sum", 31 0;
v0x28310b0_0 .var "weGrid", 0 0;
v0x2831180_0 .var "wePX", 0 0;
v0x2831250_0 .var "wePY", 0 0;
v0x2831320_0 .var/s "xi", 31 0;
v0x28313c0_0 .var/s "xj", 31 0;
S_0x280b660 .scope module, "ea" "memoryROM" 2 328, 3 1 0, S_0x280ab90;
 .timescale 0 0;
    .port_info 0 /INPUT 1 "clk"
    .port_info 1 /INPUT 1 "reset"
    .port_info 2 /INPUT 1 "read"
    .port_info 3 /INPUT 32 "addr"
    .port_info 4 /OUTPUT 32 "data"
P_0x27efad0 .param/l "data_depth" 0 3 3, +C4<00000000000000000000000000001011>;
P_0x27efb10 .param/str "init_file" 0 3 2, "dados/benchmarks/fir1/eaData.txt";
v0x2809380_0 .net/s "addr", 31 0, v0x282e830_0;  1 drivers
v0x27ee710_0 .net "clk", 0 0, v0x28314a0_0;  alias, 1 drivers
v0x27ec180_0 .var/s "data", 31 0;
v0x27e9c60 .array/s "memROM", 0 2047, 31 0;
v0x27e8e90_0 .net "read", 0 0, v0x2830920_0;  1 drivers
v0x27f0ab0_0 .net "reset", 0 0, v0x2831630_0;  alias, 1 drivers
E_0x27b66e0 .event posedge, v0x27ee710_0;
S_0x282a260 .scope module, "eb" "memoryROM" 2 329, 3 1 0, S_0x280ab90;
 .timescale 0 0;
    .port_info 0 /INPUT 1 "clk"
    .port_info 1 /INPUT 1 "reset"
    .port_info 2 /INPUT 1 "read"
    .port_info 3 /INPUT 32 "addr"
    .port_info 4 /OUTPUT 32 "data"
P_0x2809c70 .param/l "data_depth" 0 3 3, +C4<00000000000000000000000000001011>;
P_0x2809cb0 .param/str "init_file" 0 3 2, "dados/benchmarks/fir1/ebData.txt";
v0x27e80e0_0 .net/s "addr", 31 0, v0x282e8f0_0;  1 drivers
v0x282a720_0 .net "clk", 0 0, v0x28314a0_0;  alias, 1 drivers
v0x282a810_0 .var/s "data", 31 0;
v0x282a8e0 .array/s "memROM", 0 2047, 31 0;
v0x282a980_0 .net "read", 0 0, v0x28309f0_0;  1 drivers
v0x282aa40_0 .net "reset", 0 0, v0x2831630_0;  alias, 1 drivers
S_0x282ab90 .scope module, "grid" "memoryRAM" 2 334, 4 1 0, S_0x280ab90;
 .timescale 0 0;
    .port_info 0 /INPUT 1 "clk"
    .port_info 1 /INPUT 1 "reset"
    .port_info 2 /INPUT 1 "read"
    .port_info 3 /INPUT 1 "write"
    .port_info 4 /INPUT 32 "addr"
    .port_info 5 /OUTPUT 32 "dataRead"
    .port_info 6 /INPUT 32 "dataWrite"
P_0x282a4a0 .param/l "data_depth" 0 4 3, +C4<00000000000000000000000000000111>;
P_0x282a4e0 .param/str "init_file" 0 4 2, "dados/gridData.txt";
v0x282b020_0 .net/s "addr", 31 0, v0x282e9f0_0;  1 drivers
v0x282b120_0 .net "clk", 0 0, v0x28314a0_0;  alias, 1 drivers
v0x282b1e0_0 .var/s "dataRead", 31 0;
v0x282b280_0 .net/s "dataWrite", 31 0, v0x282f5c0_0;  1 drivers
v0x282b360_0 .var "i", 31 0;
v0x282b490_0 .var "j", 31 0;
v0x282b570 .array/s "memRAM", 0 127, 31 0;
v0x282b630_0 .net "read", 0 0, v0x2830ac0_0;  1 drivers
v0x282b6f0_0 .net "reset", 0 0, v0x2831630_0;  alias, 1 drivers
v0x282b790_0 .net "write", 0 0, v0x28310b0_0;  1 drivers
S_0x282b930 .scope module, "offset_x" "memoryROM" 2 330, 3 1 0, S_0x280ab90;
 .timescale 0 0;
    .port_info 0 /INPUT 1 "clk"
    .port_info 1 /INPUT 1 "reset"
    .port_info 2 /INPUT 1 "read"
    .port_info 3 /INPUT 32 "addr"
    .port_info 4 /OUTPUT 32 "data"
P_0x282bb00 .param/l "data_depth" 0 3 3, +C4<00000000000000000000000000000110>;
P_0x282bb40 .param/str "init_file" 0 3 2, "offsetXData.txt";
v0x282bd60_0 .net/s "addr", 31 0, v0x282eac0_0;  1 drivers
v0x282be60_0 .net "clk", 0 0, v0x28314a0_0;  alias, 1 drivers
v0x282bf20_0 .var/s "data", 31 0;
v0x282bfc0 .array/s "memROM", 0 63, 31 0;
v0x282c080_0 .net "read", 0 0, v0x2830b90_0;  1 drivers
v0x282c190_0 .net "reset", 0 0, v0x2831630_0;  alias, 1 drivers
S_0x282c2d0 .scope module, "offset_y" "memoryROM" 2 331, 3 1 0, S_0x280ab90;
 .timescale 0 0;
    .port_info 0 /INPUT 1 "clk"
    .port_info 1 /INPUT 1 "reset"
    .port_info 2 /INPUT 1 "read"
    .port_info 3 /INPUT 32 "addr"
    .port_info 4 /OUTPUT 32 "data"
P_0x282bbe0 .param/l "data_depth" 0 3 3, +C4<00000000000000000000000000000110>;
P_0x282bc20 .param/str "init_file" 0 3 2, "offsetYData.txt";
v0x282c6c0_0 .net/s "addr", 31 0, v0x282eb60_0;  1 drivers
v0x282c7c0_0 .net "clk", 0 0, v0x28314a0_0;  alias, 1 drivers
v0x282c880_0 .var/s "data", 31 0;
v0x282c920 .array/s "memROM", 0 63, 31 0;
v0x282c9e0_0 .net "read", 0 0, v0x2830c60_0;  1 drivers
v0x282caa0_0 .net "reset", 0 0, v0x2831630_0;  alias, 1 drivers
S_0x282cc70 .scope module, "pos_X" "memoryRAM" 2 332, 4 1 0, S_0x280ab90;
 .timescale 0 0;
    .port_info 0 /INPUT 1 "clk"
    .port_info 1 /INPUT 1 "reset"
    .port_info 2 /INPUT 1 "read"
    .port_info 3 /INPUT 1 "write"
    .port_info 4 /INPUT 32 "addr"
    .port_info 5 /OUTPUT 32 "dataRead"
    .port_info 6 /INPUT 32 "dataWrite"
P_0x282cdf0 .param/l "data_depth" 0 4 3, +C4<00000000000000000000000000001011>;
P_0x282ce30 .param/str "init_file" 0 4 2, "dados/benchmarks/fir1/posData.txt";
v0x282d110_0 .net/s "addr", 31 0, v0x282ec30_0;  1 drivers
v0x282d210_0 .net "clk", 0 0, v0x28314a0_0;  alias, 1 drivers
v0x282d2d0_0 .var/s "dataRead", 31 0;
v0x282d370_0 .net/s "dataWrite", 31 0, v0x282f6b0_0;  1 drivers
v0x282d450_0 .var "i", 31 0;
v0x282d530_0 .var "j", 31 0;
v0x282d610 .array/s "memRAM", 0 2047, 31 0;
v0x282d6d0_0 .net "read", 0 0, v0x2830d30_0;  1 drivers
v0x282d790_0 .net "reset", 0 0, v0x2831630_0;  alias, 1 drivers
v0x282d830_0 .net "write", 0 0, v0x2831180_0;  1 drivers
S_0x282d9d0 .scope module, "pos_Y" "memoryRAM" 2 333, 4 1 0, S_0x280ab90;
 .timescale 0 0;
    .port_info 0 /INPUT 1 "clk"
    .port_info 1 /INPUT 1 "reset"
    .port_info 2 /INPUT 1 "read"
    .port_info 3 /INPUT 1 "write"
    .port_info 4 /INPUT 32 "addr"
    .port_info 5 /OUTPUT 32 "dataRead"
    .port_info 6 /INPUT 32 "dataWrite"
P_0x282db50 .param/l "data_depth" 0 4 3, +C4<00000000000000000000000000001011>;
P_0x282db90 .param/str "init_file" 0 4 2, "dados/benchmarks/fir1/posData.txt";
v0x282de70_0 .net/s "addr", 31 0, v0x282ed00_0;  1 drivers
v0x282df70_0 .net "clk", 0 0, v0x28314a0_0;  alias, 1 drivers
v0x282e030_0 .var/s "dataRead", 31 0;
v0x282e0d0_0 .net/s "dataWrite", 31 0, v0x282f780_0;  1 drivers
v0x282e1b0_0 .var "i", 31 0;
v0x282e290_0 .var "j", 31 0;
v0x282e370 .array/s "memRAM", 0 2047, 31 0;
v0x282e430_0 .net "read", 0 0, v0x2830e00_0;  1 drivers
v0x282e4f0_0 .net "reset", 0 0, v0x2831630_0;  alias, 1 drivers
v0x282e590_0 .net "write", 0 0, v0x2831250_0;  1 drivers
    .scope S_0x280b660;
T_0 ;
    %wait E_0x27b66e0;
    %load/vec4 v0x27f0ab0_0;
    %flag_set/vec4 8;
    %jmp/0xz  T_0.0, 8;
    %pushi/vec4 0, 0, 32;
    %store/vec4 v0x27ec180_0, 0, 32;
    %vpi_call 3 12 "$readmemh", P_0x27efb10, v0x27e9c60, 32'sb00000000000000000000000000000000, 32'sb00000000000000000000011111111111 {0 0 0};
    %jmp T_0.1;
T_0.0 ;
    %load/vec4 v0x27e8e90_0;
    %flag_set/vec4 8;
    %jmp/0xz  T_0.2, 8;
    %ix/getv/s 4, v0x2809380_0;
    %load/vec4a v0x27e9c60, 4;
    %assign/vec4 v0x27ec180_0, 0;
T_0.2 ;
T_0.1 ;
    %jmp T_0;
    .thread T_0;
    .scope S_0x282a260;
T_1 ;
    %wait E_0x27b66e0;
    %load/vec4 v0x282aa40_0;
    %flag_set/vec4 8;
    %jmp/0xz  T_1.0, 8;
    %pushi/vec4 0, 0, 32;
    %store/vec4 v0x282a810_0, 0, 32;
    %vpi_call 3 12 "$readmemh", P_0x2809cb0, v0x282a8e0, 32'sb00000000000000000000000000000000, 32'sb00000000000000000000011111111111 {0 0 0};
    %jmp T_1.1;
T_1.0 ;
    %load/vec4 v0x282a980_0;
    %flag_set/vec4 8;
    %jmp/0xz  T_1.2, 8;
    %ix/getv/s 4, v0x27e80e0_0;
    %load/vec4a v0x282a8e0, 4;
    %assign/vec4 v0x282a810_0, 0;
T_1.2 ;
T_1.1 ;
    %jmp T_1;
    .thread T_1;
    .scope S_0x282b930;
T_2 ;
    %wait E_0x27b66e0;
    %load/vec4 v0x282c190_0;
    %flag_set/vec4 8;
    %jmp/0xz  T_2.0, 8;
    %pushi/vec4 0, 0, 32;
    %store/vec4 v0x282bf20_0, 0, 32;
    %vpi_call 3 12 "$readmemh", P_0x282bb40, v0x282bfc0, 32'sb00000000000000000000000000000000, 32'sb00000000000000000000000000111111 {0 0 0};
    %jmp T_2.1;
T_2.0 ;
    %load/vec4 v0x282c080_0;
    %flag_set/vec4 8;
    %jmp/0xz  T_2.2, 8;
    %ix/getv/s 4, v0x282bd60_0;
    %load/vec4a v0x282bfc0, 4;
    %assign/vec4 v0x282bf20_0, 0;
T_2.2 ;
T_2.1 ;
    %jmp T_2;
    .thread T_2;
    .scope S_0x282c2d0;
T_3 ;
    %wait E_0x27b66e0;
    %load/vec4 v0x282caa0_0;
    %flag_set/vec4 8;
    %jmp/0xz  T_3.0, 8;
    %pushi/vec4 0, 0, 32;
    %store/vec4 v0x282c880_0, 0, 32;
    %vpi_call 3 12 "$readmemh", P_0x282bc20, v0x282c920, 32'sb00000000000000000000000000000000, 32'sb00000000000000000000000000111111 {0 0 0};
    %jmp T_3.1;
T_3.0 ;
    %load/vec4 v0x282c9e0_0;
    %flag_set/vec4 8;
    %jmp/0xz  T_3.2, 8;
    %ix/getv/s 4, v0x282c6c0_0;
    %load/vec4a v0x282c920, 4;
    %assign/vec4 v0x282c880_0, 0;
T_3.2 ;
T_3.1 ;
    %jmp T_3;
    .thread T_3;
    .scope S_0x282cc70;
T_4 ;
    %wait E_0x27b66e0;
    %load/vec4 v0x282d790_0;
    %flag_set/vec4 8;
    %jmp/0xz  T_4.0, 8;
    %pushi/vec4 0, 0, 32;
    %store/vec4 v0x282d2d0_0, 0, 32;
    %vpi_call 4 13 "$readmemh", P_0x282ce30, v0x282d610, 32'sb00000000000000000000000000000000, 32'sb00000000000000000000011111111111 {0 0 0};
    %jmp T_4.1;
T_4.0 ;
    %pushi/vec4 0, 0, 32;
    %assign/vec4 v0x282d2d0_0, 0;
    %load/vec4 v0x282d6d0_0;
    %flag_set/vec4 8;
    %jmp/0xz  T_4.2, 8;
    %ix/getv/s 4, v0x282d110_0;
    %load/vec4a v0x282d610, 4;
    %assign/vec4 v0x282d2d0_0, 0;
T_4.2 ;
    %load/vec4 v0x282d830_0;
    %flag_set/vec4 8;
    %jmp/0xz  T_4.4, 8;
    %load/vec4 v0x282d370_0;
    %ix/getv/s 3, v0x282d110_0;
    %ix/load 4, 0, 0; Constant delay
    %assign/vec4/a/d v0x282d610, 0, 4;
T_4.4 ;
    %vpi_call 4 23 "$display" {0 0 0};
    %pushi/vec4 0, 0, 32;
    %store/vec4 v0x282d450_0, 0, 32;
T_4.6 ;
    %load/vec4 v0x282d450_0;
    %cmpi/u 11, 0, 32;
    %jmp/0xz T_4.7, 5;
    %pushi/vec4 0, 0, 32;
    %store/vec4 v0x282d530_0, 0, 32;
T_4.8 ;
    %load/vec4 v0x282d530_0;
    %cmpi/u 11, 0, 32;
    %jmp/0xz T_4.9, 5;
    %load/vec4 v0x282d450_0;
    %pad/u 65;
    %muli 11, 0, 65;
    %load/vec4 v0x282d530_0;
    %pad/u 65;
    %add;
    %ix/vec4 4;
    %load/vec4a v0x282d610, 4;
    %vpi_call 4 26 "$write", "%4d", S<0,vec4,s32> {1 0 0};
    %load/vec4 v0x282d530_0;
    %pushi/vec4 1, 0, 32;
    %add;
    %store/vec4 v0x282d530_0, 0, 32;
    %jmp T_4.8;
T_4.9 ;
    %vpi_call 4 28 "$display" {0 0 0};
    %load/vec4 v0x282d450_0;
    %pushi/vec4 1, 0, 32;
    %add;
    %store/vec4 v0x282d450_0, 0, 32;
    %jmp T_4.6;
T_4.7 ;
T_4.1 ;
    %jmp T_4;
    .thread T_4;
    .scope S_0x282d9d0;
T_5 ;
    %wait E_0x27b66e0;
    %load/vec4 v0x282e4f0_0;
    %flag_set/vec4 8;
    %jmp/0xz  T_5.0, 8;
    %pushi/vec4 0, 0, 32;
    %store/vec4 v0x282e030_0, 0, 32;
    %vpi_call 4 13 "$readmemh", P_0x282db90, v0x282e370, 32'sb00000000000000000000000000000000, 32'sb00000000000000000000011111111111 {0 0 0};
    %jmp T_5.1;
T_5.0 ;
    %pushi/vec4 0, 0, 32;
    %assign/vec4 v0x282e030_0, 0;
    %load/vec4 v0x282e430_0;
    %flag_set/vec4 8;
    %jmp/0xz  T_5.2, 8;
    %ix/getv/s 4, v0x282de70_0;
    %load/vec4a v0x282e370, 4;
    %assign/vec4 v0x282e030_0, 0;
T_5.2 ;
    %load/vec4 v0x282e590_0;
    %flag_set/vec4 8;
    %jmp/0xz  T_5.4, 8;
    %load/vec4 v0x282e0d0_0;
    %ix/getv/s 3, v0x282de70_0;
    %ix/load 4, 0, 0; Constant delay
    %assign/vec4/a/d v0x282e370, 0, 4;
T_5.4 ;
    %vpi_call 4 23 "$display" {0 0 0};
    %pushi/vec4 0, 0, 32;
    %store/vec4 v0x282e1b0_0, 0, 32;
T_5.6 ;
    %load/vec4 v0x282e1b0_0;
    %cmpi/u 11, 0, 32;
    %jmp/0xz T_5.7, 5;
    %pushi/vec4 0, 0, 32;
    %store/vec4 v0x282e290_0, 0, 32;
T_5.8 ;
    %load/vec4 v0x282e290_0;
    %cmpi/u 11, 0, 32;
    %jmp/0xz T_5.9, 5;
    %load/vec4 v0x282e1b0_0;
    %pad/u 65;
    %muli 11, 0, 65;
    %load/vec4 v0x282e290_0;
    %pad/u 65;
    %add;
    %ix/vec4 4;
    %load/vec4a v0x282e370, 4;
    %vpi_call 4 26 "$write", "%4d", S<0,vec4,s32> {1 0 0};
    %load/vec4 v0x282e290_0;
    %pushi/vec4 1, 0, 32;
    %add;
    %store/vec4 v0x282e290_0, 0, 32;
    %jmp T_5.8;
T_5.9 ;
    %vpi_call 4 28 "$display" {0 0 0};
    %load/vec4 v0x282e1b0_0;
    %pushi/vec4 1, 0, 32;
    %add;
    %store/vec4 v0x282e1b0_0, 0, 32;
    %jmp T_5.6;
T_5.7 ;
T_5.1 ;
    %jmp T_5;
    .thread T_5;
    .scope S_0x282ab90;
T_6 ;
    %wait E_0x27b66e0;
    %load/vec4 v0x282b6f0_0;
    %flag_set/vec4 8;
    %jmp/0xz  T_6.0, 8;
    %pushi/vec4 0, 0, 32;
    %store/vec4 v0x282b1e0_0, 0, 32;
    %vpi_call 4 13 "$readmemh", P_0x282a4e0, v0x282b570, 32'sb00000000000000000000000000000000, 32'sb00000000000000000000000001111111 {0 0 0};
    %jmp T_6.1;
T_6.0 ;
    %pushi/vec4 0, 0, 32;
    %assign/vec4 v0x282b1e0_0, 0;
    %load/vec4 v0x282b630_0;
    %flag_set/vec4 8;
    %jmp/0xz  T_6.2, 8;
    %ix/getv/s 4, v0x282b020_0;
    %load/vec4a v0x282b570, 4;
    %assign/vec4 v0x282b1e0_0, 0;
T_6.2 ;
    %load/vec4 v0x282b790_0;
    %flag_set/vec4 8;
    %jmp/0xz  T_6.4, 8;
    %load/vec4 v0x282b280_0;
    %ix/getv/s 3, v0x282b020_0;
    %ix/load 4, 0, 0; Constant delay
    %assign/vec4/a/d v0x282b570, 0, 4;
T_6.4 ;
    %vpi_call 4 23 "$display" {0 0 0};
    %pushi/vec4 0, 0, 32;
    %store/vec4 v0x282b360_0, 0, 32;
T_6.6 ;
    %load/vec4 v0x282b360_0;
    %cmpi/u 7, 0, 32;
    %jmp/0xz T_6.7, 5;
    %pushi/vec4 0, 0, 32;
    %store/vec4 v0x282b490_0, 0, 32;
T_6.8 ;
    %load/vec4 v0x282b490_0;
    %cmpi/u 7, 0, 32;
    %jmp/0xz T_6.9, 5;
    %load/vec4 v0x282b360_0;
    %pad/u 65;
    %muli 7, 0, 65;
    %load/vec4 v0x282b490_0;
    %pad/u 65;
    %add;
    %ix/vec4 4;
    %load/vec4a v0x282b570, 4;
    %vpi_call 4 26 "$write", "%4d", S<0,vec4,s32> {1 0 0};
    %load/vec4 v0x282b490_0;
    %pushi/vec4 1, 0, 32;
    %add;
    %store/vec4 v0x282b490_0, 0, 32;
    %jmp T_6.8;
T_6.9 ;
    %vpi_call 4 28 "$display" {0 0 0};
    %load/vec4 v0x282b360_0;
    %pushi/vec4 1, 0, 32;
    %add;
    %store/vec4 v0x282b360_0, 0, 32;
    %jmp T_6.6;
T_6.7 ;
T_6.1 ;
    %jmp T_6;
    .thread T_6;
    .scope S_0x280ab90;
T_7 ;
    %wait E_0x27b66e0;
    %load/vec4 v0x282f280_0;
    %addi 1, 0, 32;
    %store/vec4 v0x282f280_0, 0, 32;
    %load/vec4 v0x2830ed0_0;
    %flag_set/vec4 8;
    %jmp/0xz  T_7.0, 8;
    %pushi/vec4 0, 0, 32;
    %store/vec4 v0x282f280_0, 0, 32;
    %pushi/vec4 0, 0, 1;
    %assign/vec4 v0x2830920_0, 0;
    %pushi/vec4 0, 0, 32;
    %assign/vec4 v0x282e830_0, 0;
    %pushi/vec4 0, 0, 1;
    %assign/vec4 v0x28309f0_0, 0;
    %pushi/vec4 0, 0, 32;
    %assign/vec4 v0x282e8f0_0, 0;
    %pushi/vec4 0, 0, 1;
    %assign/vec4 v0x2830b90_0, 0;
    %pushi/vec4 0, 0, 32;
    %assign/vec4 v0x282eac0_0, 0;
    %pushi/vec4 0, 0, 1;
    %assign/vec4 v0x2830c60_0, 0;
    %pushi/vec4 0, 0, 32;
    %assign/vec4 v0x282eb60_0, 0;
    %pushi/vec4 0, 0, 1;
    %assign/vec4 v0x2830d30_0, 0;
    %pushi/vec4 0, 0, 1;
    %assign/vec4 v0x2831180_0, 0;
    %pushi/vec4 0, 0, 32;
    %assign/vec4 v0x282ec30_0, 0;
    %pushi/vec4 0, 0, 32;
    %assign/vec4 v0x282f6b0_0, 0;
    %pushi/vec4 0, 0, 1;
    %assign/vec4 v0x2830e00_0, 0;
    %pushi/vec4 0, 0, 1;
    %assign/vec4 v0x2831250_0, 0;
    %pushi/vec4 0, 0, 32;
    %assign/vec4 v0x282ed00_0, 0;
    %pushi/vec4 0, 0, 32;
    %assign/vec4 v0x282f780_0, 0;
    %pushi/vec4 0, 0, 1;
    %assign/vec4 v0x2830ac0_0, 0;
    %pushi/vec4 0, 0, 1;
    %assign/vec4 v0x28310b0_0, 0;
    %pushi/vec4 0, 0, 32;
    %assign/vec4 v0x282e9f0_0, 0;
    %pushi/vec4 0, 0, 32;
    %assign/vec4 v0x282f5c0_0, 0;
    %pushi/vec4 0, 0, 32;
    %assign/vec4 v0x2830f70_0, 0;
    %pushi/vec4 0, 0, 32;
    %assign/vec4 v0x282ffa0_0, 0;
    %pushi/vec4 0, 0, 32;
    %assign/vec4 v0x2831010_0, 0;
    %jmp T_7.1;
T_7.0 ;
    %pushi/vec4 0, 0, 1;
    %assign/vec4 v0x2830920_0, 0;
    %pushi/vec4 0, 0, 1;
    %assign/vec4 v0x28309f0_0, 0;
    %pushi/vec4 0, 0, 1;
    %assign/vec4 v0x2830b90_0, 0;
    %pushi/vec4 0, 0, 1;
    %assign/vec4 v0x2830c60_0, 0;
    %pushi/vec4 0, 0, 1;
    %assign/vec4 v0x2830d30_0, 0;
    %pushi/vec4 0, 0, 1;
    %assign/vec4 v0x2831180_0, 0;
    %pushi/vec4 0, 0, 1;
    %assign/vec4 v0x2830e00_0, 0;
    %pushi/vec4 0, 0, 1;
    %assign/vec4 v0x2831250_0, 0;
    %pushi/vec4 0, 0, 1;
    %assign/vec4 v0x2830ac0_0, 0;
    %pushi/vec4 0, 0, 1;
    %assign/vec4 v0x28310b0_0, 0;
    %load/vec4 v0x2830f70_0;
    %dup/vec4;
    %pushi/vec4 0, 0, 32;
    %cmp/u;
    %jmp/1 T_7.2, 6;
    %dup/vec4;
    %pushi/vec4 1, 0, 32;
    %cmp/u;
    %jmp/1 T_7.3, 6;
    %dup/vec4;
    %pushi/vec4 2, 0, 32;
    %cmp/u;
    %jmp/1 T_7.4, 6;
    %dup/vec4;
    %pushi/vec4 3, 0, 32;
    %cmp/u;
    %jmp/1 T_7.5, 6;
    %dup/vec4;
    %pushi/vec4 4, 0, 32;
    %cmp/u;
    %jmp/1 T_7.6, 6;
    %dup/vec4;
    %pushi/vec4 5, 0, 32;
    %cmp/u;
    %jmp/1 T_7.7, 6;
    %dup/vec4;
    %pushi/vec4 6, 0, 32;
    %cmp/u;
    %jmp/1 T_7.8, 6;
    %dup/vec4;
    %pushi/vec4 7, 0, 32;
    %cmp/u;
    %jmp/1 T_7.9, 6;
    %dup/vec4;
    %pushi/vec4 8, 0, 32;
    %cmp/u;
    %jmp/1 T_7.10, 6;
    %dup/vec4;
    %pushi/vec4 9, 0, 32;
    %cmp/u;
    %jmp/1 T_7.11, 6;
    %dup/vec4;
    %pushi/vec4 10, 0, 32;
    %cmp/u;
    %jmp/1 T_7.12, 6;
    %dup/vec4;
    %pushi/vec4 11, 0, 32;
    %cmp/u;
    %jmp/1 T_7.13, 6;
    %dup/vec4;
    %pushi/vec4 12, 0, 32;
    %cmp/u;
    %jmp/1 T_7.14, 6;
    %dup/vec4;
    %pushi/vec4 13, 0, 32;
    %cmp/u;
    %jmp/1 T_7.15, 6;
    %dup/vec4;
    %pushi/vec4 14, 0, 32;
    %cmp/u;
    %jmp/1 T_7.16, 6;
    %dup/vec4;
    %pushi/vec4 15, 0, 32;
    %cmp/u;
    %jmp/1 T_7.17, 6;
    %dup/vec4;
    %pushi/vec4 16, 0, 32;
    %cmp/u;
    %jmp/1 T_7.18, 6;
    %dup/vec4;
    %pushi/vec4 17, 0, 32;
    %cmp/u;
    %jmp/1 T_7.19, 6;
    %dup/vec4;
    %pushi/vec4 18, 0, 32;
    %cmp/u;
    %jmp/1 T_7.20, 6;
    %dup/vec4;
    %pushi/vec4 19, 0, 32;
    %cmp/u;
    %jmp/1 T_7.21, 6;
    %dup/vec4;
    %pushi/vec4 20, 0, 32;
    %cmp/u;
    %jmp/1 T_7.22, 6;
    %dup/vec4;
    %pushi/vec4 21, 0, 32;
    %cmp/u;
    %jmp/1 T_7.23, 6;
    %dup/vec4;
    %pushi/vec4 22, 0, 32;
    %cmp/u;
    %jmp/1 T_7.24, 6;
    %dup/vec4;
    %pushi/vec4 23, 0, 32;
    %cmp/u;
    %jmp/1 T_7.25, 6;
    %dup/vec4;
    %pushi/vec4 24, 0, 32;
    %cmp/u;
    %jmp/1 T_7.26, 6;
    %dup/vec4;
    %pushi/vec4 25, 0, 32;
    %cmp/u;
    %jmp/1 T_7.27, 6;
    %dup/vec4;
    %pushi/vec4 26, 0, 32;
    %cmp/u;
    %jmp/1 T_7.28, 6;
    %dup/vec4;
    %pushi/vec4 27, 0, 32;
    %cmp/u;
    %jmp/1 T_7.29, 6;
    %dup/vec4;
    %pushi/vec4 28, 0, 32;
    %cmp/u;
    %jmp/1 T_7.30, 6;
    %dup/vec4;
    %pushi/vec4 29, 0, 32;
    %cmp/u;
    %jmp/1 T_7.31, 6;
    %dup/vec4;
    %pushi/vec4 30, 0, 32;
    %cmp/u;
    %jmp/1 T_7.32, 6;
    %dup/vec4;
    %pushi/vec4 31, 0, 32;
    %cmp/u;
    %jmp/1 T_7.33, 6;
    %dup/vec4;
    %pushi/vec4 32, 0, 32;
    %cmp/u;
    %jmp/1 T_7.34, 6;
    %jmp T_7.35;
T_7.2 ;
    %pushi/vec4 1, 0, 1;
    %assign/vec4 v0x2830920_0, 0;
    %pushi/vec4 0, 0, 32;
    %assign/vec4 v0x282e830_0, 0;
    %pushi/vec4 1, 0, 1;
    %assign/vec4 v0x2830b90_0, 0;
    %pushi/vec4 0, 0, 32;
    %assign/vec4 v0x282eac0_0, 0;
    %pushi/vec4 1, 0, 1;
    %assign/vec4 v0x2830c60_0, 0;
    %pushi/vec4 0, 0, 32;
    %assign/vec4 v0x282eb60_0, 0;
    %pushi/vec4 32, 0, 32;
    %assign/vec4 v0x2830f70_0, 0;
    %pushi/vec4 1, 0, 32;
    %assign/vec4 v0x282ffa0_0, 0;
    %jmp T_7.35;
T_7.3 ;
    %pushi/vec4 0, 0, 32;
    %load/vec4 v0x2830300_0;
    %cmp/u;
    %flag_or 5, 4;
    %jmp/0xz  T_7.36, 5;
    %pushi/vec4 1, 0, 1;
    %assign/vec4 v0x2831250_0, 0;
    %load/vec4 v0x282e730_0;
    %assign/vec4 v0x282ed00_0, 0;
    %load/vec4 v0x2830300_0;
    %assign/vec4 v0x282f780_0, 0;
    %jmp T_7.37;
T_7.36 ;
    %pushi/vec4 1, 0, 1;
    %assign/vec4 v0x2831250_0, 0;
    %load/vec4 v0x282e730_0;
    %assign/vec4 v0x282ed00_0, 0;
    %load/vec4 v0x2830300_0;
    %pushi/vec4 4294967295, 0, 32;
    %xor;
    %addi 1, 0, 32;
    %assign/vec4 v0x282f780_0, 0;
T_7.37 ;
    %pushi/vec4 0, 0, 32;
    %load/vec4 v0x2830220_0;
    %cmp/u;
    %flag_or 5, 4;
    %jmp/0xz  T_7.38, 5;
    %pushi/vec4 1, 0, 1;
    %assign/vec4 v0x2831180_0, 0;
    %load/vec4 v0x282e730_0;
    %assign/vec4 v0x282ec30_0, 0;
    %load/vec4 v0x2830220_0;
    %assign/vec4 v0x282f6b0_0, 0;
    %jmp T_7.39;
T_7.38 ;
    %pushi/vec4 1, 0, 1;
    %assign/vec4 v0x2831180_0, 0;
    %load/vec4 v0x282e730_0;
    %assign/vec4 v0x282ec30_0, 0;
    %load/vec4 v0x2830220_0;
    %pushi/vec4 4294967295, 0, 32;
    %xor;
    %addi 1, 0, 32;
    %assign/vec4 v0x282f6b0_0, 0;
T_7.39 ;
    %pushi/vec4 2, 0, 32;
    %assign/vec4 v0x2830f70_0, 0;
    %jmp T_7.35;
T_7.4 ;
    %pushi/vec4 1, 0, 1;
    %assign/vec4 v0x2830d30_0, 0;
    %pushi/vec4 0, 0, 32;
    %assign/vec4 v0x282ec30_0, 0;
    %pushi/vec4 1, 0, 1;
    %assign/vec4 v0x2830e00_0, 0;
    %pushi/vec4 0, 0, 32;
    %assign/vec4 v0x282ed00_0, 0;
    %pushi/vec4 0, 0, 32;
    %assign/vec4 v0x282fe00_0, 0;
    %pushi/vec4 0, 0, 32;
    %assign/vec4 v0x282fec0_0, 0;
    %pushi/vec4 32, 0, 32;
    %assign/vec4 v0x2830f70_0, 0;
    %pushi/vec4 3, 0, 32;
    %assign/vec4 v0x282ffa0_0, 0;
    %jmp T_7.35;
T_7.5 ;
    %pushi/vec4 1, 0, 1;
    %assign/vec4 v0x28310b0_0, 0;
    %load/vec4 v0x28303e0_0;
    %muli 7, 0, 32;
    %load/vec4 v0x28304c0_0;
    %add;
    %assign/vec4 v0x282e9f0_0, 0;
    %load/vec4 v0x282e730_0;
    %assign/vec4 v0x282f5c0_0, 0;
    %pushi/vec4 4, 0, 32;
    %assign/vec4 v0x2830f70_0, 0;
    %jmp T_7.35;
T_7.6 ;
    %load/vec4 v0x282fe00_0;
    %cmpi/e 43, 0, 32;
    %jmp/0xz  T_7.40, 4;
    %pushi/vec4 0, 0, 32;
    %assign/vec4 v0x282fe00_0, 0;
    %pushi/vec4 23, 0, 32;
    %assign/vec4 v0x2830f70_0, 0;
    %jmp T_7.41;
T_7.40 ;
    %pushi/vec4 1, 0, 1;
    %assign/vec4 v0x2830920_0, 0;
    %load/vec4 v0x282fe00_0;
    %assign/vec4 v0x282e830_0, 0;
    %pushi/vec4 1, 0, 1;
    %assign/vec4 v0x28309f0_0, 0;
    %load/vec4 v0x282fe00_0;
    %assign/vec4 v0x282e8f0_0, 0;
    %pushi/vec4 32, 0, 32;
    %assign/vec4 v0x2830f70_0, 0;
    %pushi/vec4 5, 0, 32;
    %assign/vec4 v0x282ffa0_0, 0;
T_7.41 ;
    %jmp T_7.35;
T_7.7 ;
    %pushi/vec4 1, 0, 1;
    %assign/vec4 v0x2830d30_0, 0;
    %load/vec4 v0x282e730_0;
    %assign/vec4 v0x282ec30_0, 0;
    %pushi/vec4 1, 0, 1;
    %assign/vec4 v0x2830e00_0, 0;
    %load/vec4 v0x282e730_0;
    %assign/vec4 v0x282ed00_0, 0;
    %pushi/vec4 32, 0, 32;
    %assign/vec4 v0x2830f70_0, 0;
    %pushi/vec4 6, 0, 32;
    %assign/vec4 v0x282ffa0_0, 0;
    %jmp T_7.35;
T_7.8 ;
    %load/vec4 v0x28303e0_0;
    %assign/vec4 v0x28305a0_0, 0;
    %load/vec4 v0x28304c0_0;
    %assign/vec4 v0x2830680_0, 0;
    %pushi/vec4 7, 0, 32;
    %assign/vec4 v0x2830f70_0, 0;
    %pushi/vec4 8, 0, 32;
    %assign/vec4 v0x282ffa0_0, 0;
    %jmp T_7.35;
T_7.9 ;
    %pushi/vec4 1, 0, 1;
    %assign/vec4 v0x2830d30_0, 0;
    %load/vec4 v0x282f1a0_0;
    %assign/vec4 v0x282ec30_0, 0;
    %pushi/vec4 1, 0, 1;
    %assign/vec4 v0x2830e00_0, 0;
    %load/vec4 v0x282f1a0_0;
    %assign/vec4 v0x282ed00_0, 0;
    %pushi/vec4 32, 0, 32;
    %assign/vec4 v0x2830f70_0, 0;
    %jmp T_7.35;
T_7.10 ;
    %load/vec4 v0x28303e0_0;
    %assign/vec4 v0x2830760_0, 0;
    %load/vec4 v0x28304c0_0;
    %assign/vec4 v0x2830840_0, 0;
    %load/vec4 v0x282fe00_0;
    %cmpi/e 0, 0, 32;
    %jmp/0xz  T_7.42, 4;
    %pushi/vec4 17, 0, 32;
    %assign/vec4 v0x2830f70_0, 0;
    %jmp T_7.43;
T_7.42 ;
    %pushi/vec4 9, 0, 32;
    %assign/vec4 v0x2830f70_0, 0;
T_7.43 ;
    %jmp T_7.35;
T_7.11 ;
    %load/vec4 v0x28305a0_0;
    %cmpi/ne 4294967295, 0, 32;
    %jmp/0xz  T_7.44, 4;
    %pushi/vec4 17, 0, 32;
    %assign/vec4 v0x2830f70_0, 0;
    %pushi/vec4 0, 0, 32;
    %assign/vec4 v0x282fec0_0, 0;
    %jmp T_7.45;
T_7.44 ;
    %pushi/vec4 1, 0, 1;
    %assign/vec4 v0x2830d30_0, 0;
    %load/vec4 v0x282fe00_0;
    %subi 1, 0, 32;
    %assign/vec4 v0x282ec30_0, 0;
    %pushi/vec4 1, 0, 1;
    %assign/vec4 v0x2830b90_0, 0;
    %load/vec4 v0x282fec0_0;
    %assign/vec4 v0x282eac0_0, 0;
    %pushi/vec4 1, 0, 1;
    %assign/vec4 v0x2830e00_0, 0;
    %load/vec4 v0x282fe00_0;
    %subi 1, 0, 32;
    %assign/vec4 v0x282ed00_0, 0;
    %pushi/vec4 1, 0, 1;
    %assign/vec4 v0x2830c60_0, 0;
    %load/vec4 v0x282fec0_0;
    %assign/vec4 v0x282eb60_0, 0;
    %pushi/vec4 32, 0, 32;
    %assign/vec4 v0x2830f70_0, 0;
    %pushi/vec4 10, 0, 32;
    %assign/vec4 v0x282ffa0_0, 0;
T_7.45 ;
    %jmp T_7.35;
T_7.12 ;
    %load/vec4 v0x28303e0_0;
    %load/vec4 v0x2830220_0;
    %add;
    %assign/vec4 v0x282edd0_0, 0;
    %load/vec4 v0x28304c0_0;
    %load/vec4 v0x2830300_0;
    %add;
    %assign/vec4 v0x282efe0_0, 0;
    %pushi/vec4 11, 0, 32;
    %assign/vec4 v0x2830f70_0, 0;
    %jmp T_7.35;
T_7.13 ;
    %pushi/vec4 1, 0, 1;
    %assign/vec4 v0x2831180_0, 0;
    %load/vec4 v0x282e730_0;
    %assign/vec4 v0x282ec30_0, 0;
    %load/vec4 v0x282edd0_0;
    %assign/vec4 v0x282f6b0_0, 0;
    %pushi/vec4 1, 0, 1;
    %assign/vec4 v0x2831250_0, 0;
    %load/vec4 v0x282e730_0;
    %assign/vec4 v0x282ed00_0, 0;
    %load/vec4 v0x282efe0_0;
    %assign/vec4 v0x282f780_0, 0;
    %pushi/vec4 12, 0, 32;
    %assign/vec4 v0x2830f70_0, 0;
    %jmp T_7.35;
T_7.14 ;
    %pushi/vec4 1, 0, 1;
    %assign/vec4 v0x2830d30_0, 0;
    %load/vec4 v0x282e730_0;
    %assign/vec4 v0x282ec30_0, 0;
    %pushi/vec4 1, 0, 1;
    %assign/vec4 v0x2830e00_0, 0;
    %load/vec4 v0x282e730_0;
    %assign/vec4 v0x282ed00_0, 0;
    %load/vec4 v0x282fec0_0;
    %pushi/vec4 1, 0, 32;
    %add;
    %store/vec4 v0x282fec0_0, 0, 32;
    %pushi/vec4 32, 0, 32;
    %assign/vec4 v0x2830f70_0, 0;
    %pushi/vec4 13, 0, 32;
    %assign/vec4 v0x282ffa0_0, 0;
    %jmp T_7.35;
T_7.15 ;
    %load/vec4 v0x28303e0_0;
    %assign/vec4 v0x2831320_0, 0;
    %load/vec4 v0x28304c0_0;
    %assign/vec4 v0x28313c0_0, 0;
    %load/vec4 v0x28303e0_0;
    %muli 7, 0, 32;
    %load/vec4 v0x28304c0_0;
    %add;
    %assign/vec4 v0x282edd0_0, 0;
    %pushi/vec4 14, 0, 32;
    %assign/vec4 v0x2830f70_0, 0;
    %jmp T_7.35;
T_7.16 ;
    %pushi/vec4 1, 0, 1;
    %assign/vec4 v0x2830ac0_0, 0;
    %load/vec4 v0x282edd0_0;
    %assign/vec4 v0x282e9f0_0, 0;
    %pushi/vec4 32, 0, 32;
    %assign/vec4 v0x2830f70_0, 0;
    %pushi/vec4 15, 0, 32;
    %assign/vec4 v0x282ffa0_0, 0;
    %jmp T_7.35;
T_7.17 ;
    %load/vec4 v0x2830140_0;
    %assign/vec4 v0x282ef00_0, 0;
    %pushi/vec4 16, 0, 32;
    %assign/vec4 v0x2830f70_0, 0;
    %jmp T_7.35;
T_7.18 ;
    %load/vec4 v0x282ef00_0;
    %pushi/vec4 4294967295, 0, 32;
    %cmp/e;
    %flag_get/vec4 4;
    %load/vec4 v0x2831320_0;
    %cmpi/s 7, 0, 32;
    %flag_get/vec4 5;
    %and;
    %pushi/vec4 0, 0, 32;
    %load/vec4 v0x2831320_0;
    %cmp/s;
    %flag_get/vec4 4;
    %flag_get/vec4 5;
    %or;
    %and;
    %load/vec4 v0x28313c0_0;
    %cmpi/s 7, 0, 32;
    %flag_get/vec4 5;
    %and;
    %pushi/vec4 0, 0, 32;
    %load/vec4 v0x28313c0_0;
    %cmp/s;
    %flag_get/vec4 4;
    %flag_get/vec4 5;
    %or;
    %and;
    %flag_set/vec4 8;
    %jmp/0xz  T_7.46, 8;
    %pushi/vec4 1, 0, 1;
    %assign/vec4 v0x28310b0_0, 0;
    %load/vec4 v0x282edd0_0;
    %assign/vec4 v0x282e9f0_0, 0;
    %load/vec4 v0x282e730_0;
    %assign/vec4 v0x282f5c0_0, 0;
    %load/vec4 v0x2831320_0;
    %assign/vec4 v0x28305a0_0, 0;
    %load/vec4 v0x28313c0_0;
    %assign/vec4 v0x2830680_0, 0;
    %pushi/vec4 17, 0, 32;
    %assign/vec4 v0x2830f70_0, 0;
    %pushi/vec4 0, 0, 32;
    %assign/vec4 v0x282fec0_0, 0;
    %jmp T_7.47;
T_7.46 ;
    %load/vec4 v0x28305a0_0;
    %cmpi/e 4294967295, 0, 32;
    %jmp/0xz  T_7.48, 4;
    %pushi/vec4 9, 0, 32;
    %assign/vec4 v0x2830f70_0, 0;
T_7.48 ;
T_7.47 ;
    %pushi/vec4 28, 0, 32;
    %load/vec4 v0x282fec0_0;
    %cmp/u;
    %jmp/0xz  T_7.50, 5;
    %vpi_call 2 209 "$display", "No solution\012" {0 0 0};
    %pushi/vec4 0, 0, 1;
    %assign/vec4 v0x2830080_0, 0;
    %pushi/vec4 31, 0, 32;
    %assign/vec4 v0x2830f70_0, 0;
T_7.50 ;
    %jmp T_7.35;
T_7.19 ;
    %load/vec4 v0x2830760_0;
    %cmpi/ne 4294967295, 0, 32;
    %jmp/0xz  T_7.52, 4;
    %pushi/vec4 4, 0, 32;
    %assign/vec4 v0x2830f70_0, 0;
    %pushi/vec4 0, 0, 32;
    %assign/vec4 v0x282fec0_0, 0;
    %load/vec4 v0x282fe00_0;
    %pushi/vec4 1, 0, 32;
    %add;
    %store/vec4 v0x282fe00_0, 0, 32;
    %jmp T_7.53;
T_7.52 ;
    %pushi/vec4 1, 0, 1;
    %assign/vec4 v0x2830b90_0, 0;
    %load/vec4 v0x282fec0_0;
    %assign/vec4 v0x282eac0_0, 0;
    %pushi/vec4 1, 0, 1;
    %assign/vec4 v0x2830c60_0, 0;
    %load/vec4 v0x282fec0_0;
    %assign/vec4 v0x282eb60_0, 0;
    %pushi/vec4 32, 0, 32;
    %assign/vec4 v0x2830f70_0, 0;
    %pushi/vec4 18, 0, 32;
    %assign/vec4 v0x282ffa0_0, 0;
T_7.53 ;
    %jmp T_7.35;
T_7.20 ;
    %load/vec4 v0x28305a0_0;
    %load/vec4 v0x2830220_0;
    %add;
    %assign/vec4 v0x2831320_0, 0;
    %load/vec4 v0x2830680_0;
    %load/vec4 v0x2830300_0;
    %add;
    %assign/vec4 v0x28313c0_0, 0;
    %pushi/vec4 19, 0, 32;
    %assign/vec4 v0x2830f70_0, 0;
    %jmp T_7.35;
T_7.21 ;
    %load/vec4 v0x2831320_0;
    %muli 7, 0, 32;
    %load/vec4 v0x28313c0_0;
    %add;
    %assign/vec4 v0x282edd0_0, 0;
    %pushi/vec4 20, 0, 32;
    %assign/vec4 v0x2830f70_0, 0;
    %jmp T_7.35;
T_7.22 ;
    %load/vec4 v0x282fec0_0;
    %pushi/vec4 1, 0, 32;
    %add;
    %store/vec4 v0x282fec0_0, 0, 32;
    %pushi/vec4 1, 0, 1;
    %assign/vec4 v0x2830ac0_0, 0;
    %load/vec4 v0x282edd0_0;
    %assign/vec4 v0x282e9f0_0, 0;
    %pushi/vec4 32, 0, 32;
    %assign/vec4 v0x2830f70_0, 0;
    %pushi/vec4 21, 0, 32;
    %assign/vec4 v0x282ffa0_0, 0;
    %jmp T_7.35;
T_7.23 ;
    %load/vec4 v0x2830140_0;
    %assign/vec4 v0x282ef00_0, 0;
    %pushi/vec4 22, 0, 32;
    %assign/vec4 v0x2830f70_0, 0;
    %jmp T_7.35;
T_7.24 ;
    %load/vec4 v0x282ef00_0;
    %pushi/vec4 4294967295, 0, 32;
    %cmp/e;
    %flag_get/vec4 4;
    %load/vec4 v0x2831320_0;
    %cmpi/s 7, 0, 32;
    %flag_get/vec4 5;
    %and;
    %pushi/vec4 0, 0, 32;
    %load/vec4 v0x2831320_0;
    %cmp/s;
    %flag_get/vec4 4;
    %flag_get/vec4 5;
    %or;
    %and;
    %load/vec4 v0x28313c0_0;
    %cmpi/s 7, 0, 32;
    %flag_get/vec4 5;
    %and;
    %pushi/vec4 0, 0, 32;
    %load/vec4 v0x28313c0_0;
    %cmp/s;
    %flag_get/vec4 4;
    %flag_get/vec4 5;
    %or;
    %and;
    %flag_set/vec4 8;
    %jmp/0xz  T_7.54, 8;
    %pushi/vec4 1, 0, 1;
    %assign/vec4 v0x28310b0_0, 0;
    %load/vec4 v0x282edd0_0;
    %assign/vec4 v0x282e9f0_0, 0;
    %load/vec4 v0x282f1a0_0;
    %assign/vec4 v0x282f5c0_0, 0;
    %load/vec4 v0x2831320_0;
    %assign/vec4 v0x2830760_0, 0;
    %load/vec4 v0x28313c0_0;
    %assign/vec4 v0x2830840_0, 0;
    %pushi/vec4 1, 0, 1;
    %assign/vec4 v0x2831180_0, 0;
    %load/vec4 v0x282f1a0_0;
    %assign/vec4 v0x282ec30_0, 0;
    %load/vec4 v0x2831320_0;
    %assign/vec4 v0x282f6b0_0, 0;
    %pushi/vec4 1, 0, 1;
    %assign/vec4 v0x2831250_0, 0;
    %load/vec4 v0x282f1a0_0;
    %assign/vec4 v0x282ed00_0, 0;
    %load/vec4 v0x28313c0_0;
    %assign/vec4 v0x282f780_0, 0;
    %pushi/vec4 0, 0, 32;
    %assign/vec4 v0x282fec0_0, 0;
    %load/vec4 v0x282fe00_0;
    %pushi/vec4 1, 0, 32;
    %add;
    %store/vec4 v0x282fe00_0, 0, 32;
    %pushi/vec4 4, 0, 32;
    %assign/vec4 v0x2830f70_0, 0;
    %jmp T_7.55;
T_7.54 ;
    %load/vec4 v0x2830760_0;
    %cmpi/e 4294967295, 0, 32;
    %jmp/0xz  T_7.56, 4;
    %pushi/vec4 17, 0, 32;
    %assign/vec4 v0x2830f70_0, 0;
T_7.56 ;
T_7.55 ;
    %pushi/vec4 28, 0, 32;
    %load/vec4 v0x282fec0_0;
    %cmp/u;
    %jmp/0xz  T_7.58, 5;
    %vpi_call 2 261 "$display", "No solution\012" {0 0 0};
    %pushi/vec4 0, 0, 1;
    %assign/vec4 v0x2830080_0, 0;
    %pushi/vec4 31, 0, 32;
    %assign/vec4 v0x2830f70_0, 0;
T_7.58 ;
    %jmp T_7.35;
T_7.25 ;
    %load/vec4 v0x282fe00_0;
    %cmpi/e 43, 0, 32;
    %jmp/0xz  T_7.60, 4;
    %pushi/vec4 31, 0, 32;
    %assign/vec4 v0x2830f70_0, 0;
    %jmp T_7.61;
T_7.60 ;
    %pushi/vec4 1, 0, 1;
    %assign/vec4 v0x2830920_0, 0;
    %load/vec4 v0x282fe00_0;
    %assign/vec4 v0x282e830_0, 0;
    %pushi/vec4 1, 0, 1;
    %assign/vec4 v0x28309f0_0, 0;
    %load/vec4 v0x282fe00_0;
    %assign/vec4 v0x282e8f0_0, 0;
    %pushi/vec4 32, 0, 32;
    %assign/vec4 v0x2830f70_0, 0;
    %pushi/vec4 24, 0, 32;
    %assign/vec4 v0x282ffa0_0, 0;
T_7.61 ;
    %jmp T_7.35;
T_7.26 ;
    %pushi/vec4 1, 0, 1;
    %assign/vec4 v0x2830d30_0, 0;
    %load/vec4 v0x282e730_0;
    %assign/vec4 v0x282ec30_0, 0;
    %pushi/vec4 1, 0, 1;
    %assign/vec4 v0x2830e00_0, 0;
    %load/vec4 v0x282e730_0;
    %assign/vec4 v0x282ed00_0, 0;
    %pushi/vec4 32, 0, 32;
    %assign/vec4 v0x2830f70_0, 0;
    %pushi/vec4 25, 0, 32;
    %assign/vec4 v0x282ffa0_0, 0;
    %jmp T_7.35;
T_7.27 ;
    %load/vec4 v0x28303e0_0;
    %assign/vec4 v0x282edd0_0, 0;
    %load/vec4 v0x28304c0_0;
    %assign/vec4 v0x282ef00_0, 0;
    %pushi/vec4 7, 0, 32;
    %assign/vec4 v0x2830f70_0, 0;
    %pushi/vec4 26, 0, 32;
    %assign/vec4 v0x282ffa0_0, 0;
    %jmp T_7.35;
T_7.28 ;
    %load/vec4 v0x28303e0_0;
    %assign/vec4 v0x282efe0_0, 0;
    %load/vec4 v0x28304c0_0;
    %assign/vec4 v0x282f0c0_0, 0;
    %pushi/vec4 27, 0, 32;
    %assign/vec4 v0x2830f70_0, 0;
    %jmp T_7.35;
T_7.29 ;
    %load/vec4 v0x282edd0_0;
    %load/vec4 v0x282efe0_0;
    %sub;
    %assign/vec4 v0x282f400_0, 0;
    %pushi/vec4 28, 0, 32;
    %assign/vec4 v0x2830f70_0, 0;
    %jmp T_7.35;
T_7.30 ;
    %load/vec4 v0x282f400_0;
    %cmpi/s 0, 0, 32;
    %jmp/0xz  T_7.62, 5;
    %load/vec4 v0x282f400_0;
    %pushi/vec4 4294967295, 0, 32;
    %xor;
    %addi 1, 0, 32;
    %assign/vec4 v0x282f400_0, 0;
T_7.62 ;
    %load/vec4 v0x282ef00_0;
    %load/vec4 v0x282f0c0_0;
    %sub;
    %assign/vec4 v0x282f4e0_0, 0;
    %pushi/vec4 29, 0, 32;
    %assign/vec4 v0x2830f70_0, 0;
    %jmp T_7.35;
T_7.31 ;
    %load/vec4 v0x282f4e0_0;
    %cmpi/s 0, 0, 32;
    %jmp/0xz  T_7.64, 5;
    %load/vec4 v0x282f4e0_0;
    %pushi/vec4 4294967295, 0, 32;
    %xor;
    %addi 1, 0, 32;
    %assign/vec4 v0x282f4e0_0, 0;
T_7.64 ;
    %pushi/vec4 30, 0, 32;
    %assign/vec4 v0x2830f70_0, 0;
    %jmp T_7.35;
T_7.32 ;
    %load/vec4 v0x2831010_0;
    %load/vec4 v0x282f400_0;
    %add;
    %load/vec4 v0x282f4e0_0;
    %add;
    %subi 1, 0, 32;
    %assign/vec4 v0x2831010_0, 0;
    %load/vec4 v0x282fe00_0;
    %pushi/vec4 1, 0, 32;
    %add;
    %store/vec4 v0x282fe00_0, 0, 32;
    %pushi/vec4 23, 0, 32;
    %assign/vec4 v0x2830f70_0, 0;
    %jmp T_7.35;
T_7.33 ;
    %pushi/vec4 1, 0, 1;
    %assign/vec4 v0x2830080_0, 0;
    %vpi_call 2 318 "$write", "\012Evaluation = %1d\012", v0x2831010_0 {0 0 0};
    %vpi_call 2 319 "$write", "\012Ciclos = %1d\012", v0x282f280_0 {0 0 0};
    %vpi_call 2 320 "$finish" {0 0 0};
    %jmp T_7.35;
T_7.34 ;
    %load/vec4 v0x282ffa0_0;
    %assign/vec4 v0x2830f70_0, 0;
    %jmp T_7.35;
T_7.35 ;
    %pop/vec4 1;
T_7.1 ;
    %jmp T_7;
    .thread T_7;
    .scope S_0x280aa10;
T_8 ;
    %vpi_call 2 341 "$dumpfile", "placement.vcd" {0 0 0};
    %vpi_call 2 342 "$dumpvars" {0 0 0};
    %pushi/vec4 0, 0, 1;
    %store/vec4 v0x28314a0_0, 0, 1;
    %pushi/vec4 0, 0, 1;
    %store/vec4 v0x2831630_0, 0, 1;
    %delay 1, 0;
    %pushi/vec4 1, 0, 1;
    %store/vec4 v0x2831630_0, 0, 1;
    %delay 2, 0;
    %pushi/vec4 0, 0, 1;
    %store/vec4 v0x2831630_0, 0, 1;
    %end;
    .thread T_8;
    .scope S_0x280aa10;
T_9 ;
    %delay 1, 0;
    %load/vec4 v0x28314a0_0;
    %nor/r;
    %store/vec4 v0x28314a0_0, 0, 1;
    %jmp T_9;
    .thread T_9;
# The file index is used to find the file name in the following table.
:file_names 5;
    "N/A";
    "<interactive>";
    "random_placement.v";
    "./memorias/memoryROM.v";
    "./memorias/memoryRAM.v";
