
5
15 255 3 5 255 7 91310 614 1 255 255 2551617 4 255 25512 21811 815 255 3 5 255 7 91310 614 1 255 255 2551617 4 255 25512 21811 8 
5
15 255 3 5 255 7 91310 614 1 255 255 2551617 4 255 25512 21811 815 255 3 5 255 7 91310 614 1 255 255 2551617 4 255 25512 21811 8 
5
610 3 711 114 255 25515 255 255 2551817 255 255 2551316 8 4 5 912 610 3 711 114 255 25515 255 255 2551817 255 255 2551316 8 4 5 912 
5
4 8 1 3 7 2 6 5 911 25510141315 255 255 2551216 255 255 2551817 4 8 1 3 7 2 6 5 911 25510141315 255 255 2551216 255 255 2551817 
5
4 8 1 3 7 2 6 5 911 25510141315 255 255 2551216 255 255 2551817 4 8 1 3 7 2 6 5 911 25510141315 255 255 2551216 255 255 2551817 
5
4 8 255 255 255 2 6 1 3 7 25510 5 911 25514121315 255 255161718 4 8 255 255 255 2 6 1 3 7 25510 5 911 25514121315 255 255161718 
5
610 1 4 8 25514 255 255 255 255 255 2 3 718 255 5 9111716121315 610 1 4 8 25514 255 255 255 255 255 2 3 718 255 5 9111716121315 
5
610 1 4 8 25514 255 255 255 255 255 2 3 718 255 5 9111716121315 610 1 4 8 25514 255 255 255 255 255 2 3 718 255 5 9111716121315 
5
4 2 61014 3 71115 255 8 255171612 255 2551813 9 255 255 255 1 5 4 2 61014 3 71115 255 8 255171612 255 2551813 9 255 255 255 1 5 
5
4 2 61014 3 71115 255 8 255171612 255 2551813 9 255 255 255 1 5 4 2 61014 3 71115 255 8 255171612 255 2551813 9 255 255 255 1 5 
5
3 7 2 610 5 4111514 1 8 255 255 255 913 255 255 25512161718 255 3 7 2 610 5 4111514 1 8 255 255 255 913 255 255 25512161718 255 
5
3 7 2 610 5 4111514 1 8 255 255 255 913 255 255 25512161718 255 3 7 2 610 5 4111514 1 8 255 255 255 913 255 255 25512161718 255 
5
4 8 1 5 9 3 7111213 255 2 61014 255 255151617 255 255 255 25518 4 8 1 5 9 3 7111213 255 2 61014 255 255151617 255 255 255 25518 
5
4 8 1 5 9 3 7111213 255 2 61014 255 255151617 255 255 255 25518 4 8 1 5 9 3 7111213 255 2 61014 255 255151617 255 255 255 25518 
5
4 8 255 255 255 3 71115 255 255 255 2551817 1 2 61014 5 9131216 4 8 255 255 255 3 71115 255 255 255 2551817 1 2 61014 5 9131216 
5
4 8 255 255 255 3 71115 255 255 255 1 2 618 255 5 9101716121314 4 8 255 255 255 3 71115 255 255 255 1 2 618 255 5 9101716121314 
5
4 8 255 255 255 3 71115 255 255 255 1 2 618 255 5 9101716121314 4 8 255 255 255 3 71115 255 255 255 1 2 618 255 5 9101716121314 
5
4 8 255 255 255 3 71115 255 255 255 25518 2551312161714 9 5 2 610 4 8 255 255 255 3 71115 255 255 255 25518 2551312161714 9 5 2 610 
5
2 6 1 255 25510 3 7111514 255 2551817 255 255 2551316 8 4 5 912 2 6 1 255 25510 3 7111514 255 2551817 255 255 2551316 8 4 5 912 
5
711 3 1 4 25515 5 8 2 255 255 912 6 255 255131610 255 255181714 711 3 1 4 25515 5 8 2 255 255 912 6 255 255131610 255 255181714 
5
610 3 711 114 255 25515 255 255 2551817 255 255 2551316 8 4 5 912 610 3 711 114 255 25515 255 255 2551817 255 255 2551316 8 4 5 912 
5
610 3 711 114 255 25515 255 255 2551817 255 255 2551316 8 4 5 912 610 3 711 114 255 25515 255 255 2551817 255 255 2551316 8 4 5 912 
5
2 6 3 711 4 5101415 1 8 91216 255 25513 25517 255 255 255 25518 2 6 3 711 4 5101415 1 8 91216 255 25513 25517 255 255 255 25518 
5
2 6 3 711 4 5101415 1 8 91216 255 25513 25517 255 255 255 25518 2 6 3 711 4 5101415 1 8 91216 255 25513 25517 255 255 255 25518 
5
4 8 255 255 255 3 71115 25513 255 25518 255 912161714 5 1 2 610 4 8 255 255 255 3 71115 25513 255 25518 255 912161714 5 1 2 610 
5
4 8 255 255 255 3 71115 25513 255 25518 255 912161714 5 1 2 610 4 8 255 255 255 3 71115 25513 255 25518 255 912161714 5 1 2 610 
5
4 8 61014 255 255 255 255 7 255 255181711 255 255121615 25513 9 5 3 4 8 61014 255 255 255 255 7 255 255181711 255 255121615 25513 9 5 3 
5
4 8 61014 255 255 255 255 7 255 255181711 255 255121615 25513 9 5 3 4 8 61014 255 255 255 255 7 255 255181711 255 255121615 25513 9 5 3 
5
4 8 1 5 3 255 61014 7 255 25512 911 255 255161315 255 2551718 255 4 8 1 5 3 255 61014 7 255 25512 911 255 255161315 255 2551718 255 
5
4 8 1 5 3 255 61014 7 255 25512 911 255 255161315 255 2551718 255 4 8 1 5 3 255 61014 7 255 25512 911 255 255161315 255 2551718 255 
5
4 8 61014 255 255 255 255 7 255 255 255 25511 1 5 9131518171216 3 4 8 61014 255 255 255 255 7 255 255 255 25511 1 5 9131518171216 3 
5
4 8 61014 255 255 255 255 7 255 255 255 25511 1 5 9131518171216 3 4 8 61014 255 255 255 255 7 255 255 255 25511 1 5 9131518171216 3 
5
4 8 61014 255 255 255 255 7 255 255 1 511 255 25512 91518171613 3 4 8 61014 255 255 255 255 7 255 255 1 511 255 25512 91518171613 3 
5
4 8 61014 255 255 255 255 7 255 255 1 511 255 25512 91518171613 3 4 8 61014 255 255 255 255 7 255 255 1 511 255 25512 91518171613 3 
5
4 8 61014 255 255 255 255 7 255 255181711 255 255121615 255 5 913 3 4 8 61014 255 255 255 255 7 255 255181711 255 255121615 255 5 913 3 
5
4 8 61014 255 255 255 255 7 255 255181711 255 255121615 255 5 913 3 4 8 61014 255 255 255 255 7 255 255181711 255 255121615 255 5 913 3 
5
1 255 255 255 255 255 255 3 255 2551718 71410161511 8 61312 9 5 4 1 255 255 255 255 255 255 3 255 2551718 71410161511 8 61312 9 5 4 
5
1 255 255 255 255 255 255 3 255 2551718 71410161511 8 61312 9 5 4 1 255 255 255 255 255 255 3 255 2551718 71410161511 8 61312 9 5 4 
5
4 8 61014 255 255 255 255 7 25518171611 255 255131215 255 1 5 9 2 4 8 61014 255 255 255 255 7 25518171611 255 255131215 255 1 5 9 2 
5
4 8 1 5 2 255 61014 7 255 25513 911 255 255 2551215 255 255181617 4 8 1 5 2 255 61014 7 255 25513 911 255 255 2551215 255 255181617 
5
4 8 61014 255 255 255 255 7 255 255 255 25511171813 255151612 9 5 2 4 8 61014 255 255 255 255 7 255 255 255 25511171813 255151612 9 5 2 
5
4 8 61014 255 255 255 255 7 255 255 255 25511171813 255151612 9 5 2 4 8 61014 255 255 255 255 7 255 255 255 25511171813 255151612 9 5 2 
5
4 8 61014 1 5 912 7 255 255131611 255 255 2551715 255 255 25518 2 4 8 61014 1 5 912 7 255 255131611 255 255 2551715 255 255 25518 2 
5
4 8 61014 255 255 255 2 7 255 255 255151118 255 25513 1171612 9 5 4 8 61014 255 255 255 2 7 255 255 255151118 255 25513 1171612 9 5 
5
4 8 61014 255 255 255 2 7 255 255 255151118 255 25513 1171612 9 5 4 8 61014 255 255 255 2 7 255 255 255151118 255 25513 1171612 9 5 
5
4 8 61014 255 255 255 255 7 255 255181711 255 255131615 255 5 912 2 4 8 61014 255 255 255 255 7 255 255181711 255 255131615 255 5 912 2 
5
4 8 61014 255 255 255 255 7 255 255181711 255 255131615 255 5 912 2 4 8 61014 255 255 255 255 7 255 255181711 255 255131615 255 5 912 2 
5
4 8 61014 255 255 25511 7 255 255 25515 1 2551716 5 2 2551813 912 4 8 61014 255 255 25511 7 255 255 25515 1 2551716 5 2 2551813 912 
5
610 2 5 9 314 71115 255 1 4 813 255 255 255 25512 255 255181716 610 2 5 9 314 71115 255 1 4 813 255 255 255 25512 255 255181716 
5
610 2 5 9 314 71115 255 1 4 813 255 255 255 25512 255 255181716 610 2 5 9 314 71115 255 1 4 813 255 255 255 25512 255 255181716 
5
71115 255 255 1 4 8 610 255 255 2 2551418 255 25513 3171612 9 5 71115 255 255 1 4 8 610 255 255 2 2551418 255 25513 3171612 9 5 
5
71115 255 255 1 4 8 610 255 255 2 2551418 255 25513 255171612 9 5 71115 255 255 1 4 8 610 255 255 2 2551418 255 25513 255171612 9 5 
5
71115 255 255 1 4 8 610 255 255 2 2551418 255 25513 255171612 9 5 71115 255 255 1 4 8 610 255 255 2 2551418 255 25513 255171612 9 5 
5
71115 255 255 1 4 8 610 255 255 21614 255 255171312 255 25518 5 9 71115 255 255 1 4 8 610 255 255 21614 255 255171312 255 25518 5 9 
5
71115 5 3 1 4 8 610 255 255 2 914 255 255 2551213 255 255181617 71115 5 3 1 4 8 610 255 255 2 914 255 255 2551213 255 255181617 
5
71115 5 3 1 4 8 610 255 255 2 914 255 255 2551213 255 255181617 71115 5 3 1 4 8 610 255 255 2 914 255 255 2551213 255 255181617 
5
71115 25514 1 4 8 610 255 255 2 255 3 255 255 25513 518171612 9 71115 25514 1 4 8 610 255 255 2 255 3 255 255 25513 518171612 9 
5
71115 25514 1 4 8 610 255 255 2 255 3 255 255 25513 518171612 9 71115 25514 1 4 8 610 255 255 2 255 3 255 255 25513 518171612 9 
5
71115 25514 1 4 8 610 255 255 2 255 3 255 255 25513 518171612 9 71115 25514 1 4 8 610 255 255 2 255 3 255 255 25513 518171612 9 
5
71115 25514 1 4 8 610 255 255 2 255 3 255 255 25513 518171612 9 71115 25514 1 4 8 610 255 255 2 255 3 255 255 25513 518171612 9 
5
4 8 61014 255 3 255 255 7 255 255 255 25511171813 255151612 9 5 2 4 8 61014 255 3 255 255 7 255 255 255 25511171813 255151612 9 5 2 
5
4 8 61014 255 3 255 255 7 255 255 255 25511171813 255151612 9 5 2 4 8 61014 255 3 255 255 7 255 255 255 25511171813 255151612 9 5 2 
5
4 8 61014 255 3 255 255 7 255 255 255 25511171813 255151612 9 5 2 4 8 61014 255 3 255 255 7 255 255 255 25511171813 255151612 9 5 2 
5
4 8 61014 255 3 255 255 7 255 255 255 25511171813 255151612 9 5 2 4 8 61014 255 3 255 255 7 255 255 255 25511171813 255151612 9 5 2 
5
4 8 61014 255 3 1 5 7 255 25513 911 255 255 2551215 255181716 2 4 8 61014 255 3 1 5 7 255 25513 911 255 255 2551215 255181716 2 
5
4 8 61014 255 3 255 255 7 255 255 255 25511171613 51518 112 9 2 4 8 61014 255 3 255 255 7 255 255 255 25511171613 51518 112 9 2 
5
4 8 61014 255 3 255 255 7 255 255 255 25511171613 51518 112 9 2 4 8 61014 255 3 255 255 7 255 255 255 25511171613 51518 112 9 2 
5
4 8 61014 3 255 255 2 7 255 255 255151118 255 25513 1171612 9 5 4 8 61014 3 255 255 2 7 255 255 255151118 255 25513 1171612 9 5 
5
1 255 255 255 2551718 3 255 25516121315 255 0 5 911 7 4 8 61014 1 255 255 255 2551718 3 255 25516121315 255 0 5 911 7 4 8 61014 
5
3 71115 2 5 4 255 255 6 9 8 255 255101312161714 255 255 25518 255 3 71115 2 5 4 255 255 6 9 8 255 255101312161714 255 255 25518 255 
5
3 71115 2 5 4 255 255 6 9 8 255 255101312161714 255 255 25518 255 3 71115 2 5 4 255 255 6 9 8 255 255101312161714 255 255 25518 255 
5
610 2 5 9 314 71115 255 1 4 813 255 255 255 25512 255 255181716 610 2 5 9 314 71115 255 1 4 813 255 255 255 25512 255 255181716 
5
610 2 5 9 314 71115 255 1 4 813 255 255 255 25512 255 255181716 610 2 5 9 314 71115 255 1 4 813 255 255 255 25512 255 255181716 
5
71115 255 255 112 9 5 3 2551613 8 4 2551718 610 255 255 255 25514 71115 255 255 112 9 5 3 2551613 8 4 2551718 610 255 255 255 25514 
5
71115 255 255 112 9 5 3 2551613 8 4 2551718 610 255 255 255 25514 71115 255 255 112 9 5 3 2551613 8 4 2551718 610 255 255 255 25514 
5
4 8 61014 255 255 255 255 7 255 255181711 255 255131615 255 5 912 2 4 8 61014 255 255 255 255 7 255 255181711 255 255131615 255 5 912 2 
5
4 8 61014 255 255 255 255 7 255 255 255 25511171813 255151612 9 5 2 4 8 61014 255 255 255 255 7 255 255 255 25511171813 255151612 9 5 2 
5
4 8 61014 255 255 255 255 7 255 255 255 25511171813 255151612 9 5 2 4 8 61014 255 255 255 255 7 255 255 255 25511171813 255151612 9 5 2 
5
4 8 61014 255 255 255 255 7 255 255 255 25511171813 255151612 9 5 2 4 8 61014 255 255 255 255 7 255 255 255 25511171813 255151612 9 5 2 
5
4 8 61014 255 255 255 255 7 255 255 255 25511171813 255151612 9 5 2 4 8 61014 255 255 255 255 7 255 255 255 25511171813 255151612 9 5 2 
5
4 8 61014 255 255 255 255 7 255 255 255 25511171813 255151612 9 5 2 4 8 61014 255 255 255 255 7 255 255 255 25511171813 255151612 9 5 2 
5
4 8 61014 255 255 255 255 7 255 255 255 25511171813 255151612 9 5 2 4 8 61014 255 255 255 255 7 255 255 255 25511171813 255151612 9 5 2 
5
4 8 61014 255 255 255 255 7 255 255 255 25511171813 255151612 9 5 2 4 8 61014 255 255 255 255 7 255 255 255 25511171813 255151612 9 5 2 
5
4 8 61014 255 255 255 255 7 255 255 255 25511171813 255151612 9 5 2 4 8 61014 255 255 255 255 7 255 255 255 25511171813 255151612 9 5 2 
5
4 8 61014 255 255 255 255 7 255 255 255 25511171813 255151612 9 5 2 4 8 61014 255 255 255 255 7 255 255 255 25511171813 255151612 9 5 2 
5
4 8 61014 255 3 255 255 7 255 255 1 511 255 25513 91518171612 2 4 8 61014 255 3 255 255 7 255 255 1 511 255 25513 91518171612 2 
5
4 8 61014 255 3 255 255 7 255 255 1 511 255 25513 91518171612 2 4 8 61014 255 3 255 255 7 255 255 1 511 255 25513 91518171612 2 
5
4 8 61014 255 1 255 5 7 255 313 911 255 255 2551215 255181716 2 4 8 61014 255 1 255 5 7 255 313 911 255 255 2551215 255181716 2 
5
4 8 61014 255 3 255 255 7 255 255 255 25511171813 255151612 9 5 2 4 8 61014 255 3 255 255 7 255 255 255 25511171813 255151612 9 5 2 
5
4 8 61014 255 3 255 255 7 255 255 255 25511171813 255151612 9 5 2 4 8 61014 255 3 255 255 7 255 255 255 25511171813 255151612 9 5 2 
5
4 8 61014 255 3 255 255 7 255 255181711 255 255131615 255 5 912 2 4 8 61014 255 3 255 255 7 255 255181711 255 255131615 255 5 912 2 
5
4 8 61014 255 3 255 255 7 255 255181711 255 255131615 255 5 912 2 4 8 61014 255 3 255 255 7 255 255181711 255 255131615 255 5 912 2 
5
4 8 61014 255 3 255 5 7 255 113 911 255 255 2551215 255181716 2 4 8 61014 255 3 255 5 7 255 113 911 255 255 2551215 255181716 2 
5
4 8 61014 1 3 255 255 7 5 9121611 25513 2551715 255 255 25518 2 4 8 61014 1 3 255 255 7 5 9121611 25513 2551715 255 255 25518 2 
5
4 8 61014 1 3 255 255 7 5 9121611 25513 2551715 255 255 25518 2 4 8 61014 1 3 255 255 7 5 9121611 25513 2551715 255 255 25518 2 
5
610 2 5 9 114 71115 4 8 2551213 255 255 2551617 255 255 255 25518 610 2 5 9 114 71115 4 8 2551213 255 255 2551617 255 255 255 25518 
5
610 2 5 9 114 71115 4 8 2551213 255 255 2551617 255 255 255 25518 610 2 5 9 114 71115 4 8 2551213 255 255 2551617 255 255 255 25518 
5
4 8 61014 3 255 255 2 7 255 255 255151118 255 25513 1171612 9 5 4 8 61014 3 255 255 2 7 255 255 255151118 255 25513 1171612 9 5 
5
4 8 61014 255 3 255 255 7 255 255 255 25511171813 255151612 9 5 2 4 8 61014 255 3 255 255 7 255 255 255 25511171813 255151612 9 5 2 
5
4 8 61014 255 3 255 255 7 255 255 255 25511171813 255151612 9 5 2 4 8 61014 255 3 255 255 7 255 255 255 25511171813 255151612 9 5 2 
5
4 8 61014 255 3 255 255 7 255 255 255 25511171813 255151612 9 5 2 4 8 61014 255 3 255 255 7 255 255 255 25511171813 255151612 9 5 2 
5
4 8 61014 255 3 255 255 7 255 255 255 25511171813 255151612 9 5 2 4 8 61014 255 3 255 255 7 255 255 255 25511171813 255151612 9 5 2 
5
4 8 61014 255 3 255 255 7 255 255 255 25511171813 255151612 9 5 2 4 8 61014 255 3 255 255 7 255 255 255 25511171813 255151612 9 5 2 
5
4 8 61014 255 3 255 255 7 255 255 255 25511171813 255151612 9 5 2 4 8 61014 255 3 255 255 7 255 255 255 25511171813 255151612 9 5 2 
5
4 8 61014 255 3 255 255 7 255 255 255 25511171813 255151612 9 5 2 4 8 61014 255 3 255 255 7 255 255 255 25511171813 255151612 9 5 2 
5
4 8 61014 255 3 255 5 7 255 113 911 255 255 2551215 255181716 2 4 8 61014 255 3 255 5 7 255 113 911 255 255 2551215 255181716 2 
5
4 8 61014 255 3 255 255 7 255 255181711 255 255131615 255 5 912 2 4 8 61014 255 3 255 255 7 255 255181711 255 255131615 255 5 912 2 
5
4 8 61014 255 255 255 255 7 255 255181711 255 255121615 255 5 913 2 4 8 61014 255 255 255 255 7 255 255181711 255 255121615 255 5 913 2 
5
4 8 61014 1 5 913 7 255 255121611 255 255 2551715 255 255 25518 2 4 8 61014 1 5 913 7 255 255121611 255 255 2551715 255 255 25518 2 
5
4 8 61014 1 5 913 7 255 255121611 255 255 2551715 255 255 25518 2 4 8 61014 1 5 913 7 255 255121611 255 255 2551715 255 255 25518 2 
5
4 8 61014 255 255 255 255 7 255 255181711 255 255121615 25513 9 5 2 4 8 61014 255 255 255 255 7 255 255181711 255 255121615 25513 9 5 2 
5
4 8 61014 255 255 255 255 7 255 255 255 255111718 1 515161213 9 2 4 8 61014 255 255 255 255 7 255 255 255 255111718 1 515161213 9 2 
5
4 8 61014 255 255 255 255 7 255 255 255 255111718 1 515161213 9 2 4 8 61014 255 255 255 255 7 255 255 255 255111718 1 515161213 9 2 
5
4 8 61014 255 255 255 255 7 255 255181711 255 255121615 25513 9 5 2 4 8 61014 255 255 255 255 7 255 255181711 255 255121615 25513 9 5 2 
5
4 8 1 5 2 255 61014 7 255 25512 911 255 255161315 255 2551718 255 4 8 1 5 2 255 61014 7 255 25512 911 255 255161315 255 2551718 255 
5
4 8 61014 255 255 255 255 7 255 255181711 255 255121615 25513 9 5 2 4 8 61014 255 255 255 255 7 255 255181711 255 255121615 25513 9 5 2 
5
4 8 61014 255 255 255 255 7 255 255181711 255 255121615 25513 9 5 2 4 8 61014 255 255 255 255 7 255 255181711 255 255121615 25513 9 5 2 
5
4 8 61014 255 3 255 255 7 255 255 255 25511 1 5 9131518171216 2 4 8 61014 255 3 255 255 7 255 255 255 25511 1 5 9131518171216 2 
5
4 8 61014 255 3 255 5 7 255 112 911 255 255161315 255 2551718 2 4 8 61014 255 3 255 5 7 255 112 911 255 255161315 255 2551718 2 
5
4 8 61014 255 3 255 5 7 255 112 911 255 255161315 255 2551718 2 4 8 61014 255 3 255 5 7 255 112 911 255 255161315 255 2551718 2 
5
4 8 61014 255 3 255 255 7 255 255 255 25511171612131518 1 5 9 2 4 8 61014 255 3 255 255 7 255 255 255 25511171612131518 1 5 9 2 
5
4 8 61014 255 3 255 255 7 255 255181711 255 255121615 25513 9 5 2 4 8 61014 255 3 255 255 7 255 255181711 255 255121615 25513 9 5 2 
5
4 8 61014 255 3 255 255 7 255 255181711 255 255121615 25513 9 5 2 4 8 61014 255 3 255 255 7 255 255181711 255 255121615 25513 9 5 2 
5
4 8 61014 1 3 255 255 7 5 913 25511 25512161715 255 255 25518 2 4 8 61014 1 3 255 255 7 5 913 25511 25512161715 255 255 25518 2 
5
4 8 61014 1 3 255 255 7 5 913 25511 25512161715 255 255 25518 2 4 8 61014 1 3 255 255 7 5 913 25511 25512161715 255 255 25518 2 
5
61014 7 2 3 255 41115 255 25513 9 5 255 255 25512 8 255 255181617 61014 7 2 3 255 41115 255 25513 9 5 255 255 25512 8 255 255181617 
5
61014 7 2 3 255 41115 255 25513 9 5 255 255 25512 8 255 255181617 61014 7 2 3 255 41115 255 25513 9 5 255 255 25512 8 255 255181617 
5
61014 7 2 3 255 41115 255 25513 9 5 255 255 25512 8 255 255181617 61014 7 2 3 255 41115 255 25513 9 5 255 255 25512 8 255 255181617 
5
61014 7 2 3 255 41115 255 25513 9 5 255 255 25512 8 255 255181617 61014 7 2 3 255 41115 255 25513 9 5 255 255 25512 8 255 255181617 
5
2 61014 7 4 5 91211 1 8131615 255 255 2551718 255 255 255 255 255 2 61014 7 4 5 91211 1 8131615 255 255 2551718 255 255 255 255 255 
5
3 255 255 255 2551718 1 255 25516121315 255 0 4 61014 5 8 911 7 3 255 255 255 2551718 1 255 25516121315 255 0 4 61014 5 8 911 7 
5
0 4 255 255 1 5 8 61014 913 255 255 71216171811 3 255 255 25515 0 4 255 255 1 5 8 61014 913 255 255 71216171811 3 255 255 25515 
5
2 255 255 255 255161718 3 2551213 255 255 255 9 8 61014 5 41511 7 2 255 255 255 255161718 3 2551213 255 255 255 9 8 61014 5 41511 7 
5
2 255 255 255 255161718 3 2551213 255 255 255 9 8 61014 5 41511 7 2 255 255 255 255161718 3 2551213 255 255 255 9 8 61014 5 41511 7 
5
4 8 61014 1 5 912 7 255 255131611 255 255 2551715 255 255 25518 3 4 8 61014 1 5 912 7 255 255131611 255 255 2551715 255 255 25518 3 
5
4 8 61014 255 255 255 255 7 255 255 255 25511 1 5 9121518171316 3 4 8 61014 255 255 255 255 7 255 255 255 25511 1 5 9121518171316 3 
5
4 8 61014 255 255 255 255 7 255 255 255 25511 1 5 9121518171316 3 4 8 61014 255 255 255 255 7 255 255 255 25511 1 5 9121518171316 3 
5
4 8 61014 255 255 255 255 7 255 255 255 25511171813 255151612 9 5 3 4 8 61014 255 255 255 255 7 255 255 255 25511171813 255151612 9 5 3 
5
4 8 61014 1 5 912 7 255 255131611 255 255 2551715 255 255 25518 3 4 8 61014 1 5 912 7 255 255131611 255 255 2551715 255 255 25518 3 
5
4 8 61014 1 5 912 7 255 255131611 255 255 2551715 255 255 25518 3 4 8 61014 1 5 912 7 255 255131611 255 255 2551715 255 255 25518 3 
5
4 8 61014 255 255 25511 7 255 255 25515 1 2551716 5 3 2551813 912 4 8 61014 255 255 25511 7 255 255 25515 1 2551716 5 3 2551813 912 
5
4 8 61014 255 255 25511 7 255 255 25515 1 2551716 5 3 2551813 912 4 8 61014 255 255 25511 7 255 255 25515 1 2551716 5 3 2551813 912 
5
4 8 61014 255 255 255 255 7 255 255 255 25511171813 255151612 9 5 3 4 8 61014 255 255 255 255 7 255 255 255 25511171813 255151612 9 5 3 
5
4 8 61014 255 255 255 255 7 255 255 255 25511171813 255151612 9 5 3 4 8 61014 255 255 255 255 7 255 255 255 25511171813 255151612 9 5 3 
5
61014 711 1 255 255 255151718 255 255 2551613 2 4 25512 9 5 8 255 61014 711 1 255 255 255151718 255 255 2551613 2 4 25512 9 5 8 255 
5
71115 255 255 2 255 255 255 2551718 255 255141612 3 41013 9 5 8 6 71115 255 255 2 255 255 255 2551718 255 255141612 3 41013 9 5 8 6 
5
71115 255 255 2 255 255 255 255 2551718 255 255141612 91310 6 8 5 4 71115 255 255 2 255 255 255 255 2551718 255 255141612 91310 6 8 5 4 
5
71115 255 255 2 255 255 255 255 2551718 255 255141612 91310 6 8 5 4 71115 255 255 2 255 255 255 255 2551718 255 255141612 91310 6 8 5 4 
5
4 8 61014 255 255 255 255 7 255 255 255 25511171612131518 1 5 9 2 4 8 61014 255 255 255 255 7 255 255 255 25511171612131518 1 5 9 2 
5
4 8 61014 255 255 255 255 7 255 255181711 255 255121615 25513 9 5 2 4 8 61014 255 255 255 255 7 255 255181711 255 255121615 25513 9 5 2 
5
4 8 61014 255 255 255 255 7 255 255181711 255 255121615 25513 9 5 2 4 8 61014 255 255 255 255 7 255 255181711 255 255121615 25513 9 5 2 
5
4 8 61014 255 255 255 255 7 255 255181711 255 255121615 25513 9 5 2 4 8 61014 255 255 255 255 7 255 255181711 255 255121615 25513 9 5 2 
5
4 8 61014 255 255 255 255 7 255 255181711 255 255121615 25513 9 5 2 4 8 61014 255 255 255 255 7 255 255181711 255 255121615 25513 9 5 2 
5
4 8 610 1 255 255 514 7 255 255 91311 255 255121615 255 2551817 2 4 8 610 1 255 255 514 7 255 255 91311 255 255121615 255 2551817 2 
5
4 8 610 1 255 255 514 7 255 255 91311 255 255121615 255 2551817 2 4 8 610 1 255 255 514 7 255 255 91311 255 255121615 255 2551817 2 
5
4 8 61014 255 255 255 255 7 255 255 1 511 255 25512 91518171613 2 4 8 61014 255 255 255 255 7 255 255 1 511 255 25512 91518171613 2 
5
4 8 61014 255 255 255 255 7 255 255181711 255 255121615 25513 9 5 2 4 8 61014 255 255 255 255 7 255 255181711 255 255121615 25513 9 5 2 
5
4 8 61014 255 255 255 255 7 255 255181711 255 255121615 25513 9 5 2 4 8 61014 255 255 255 255 7 255 255181711 255 255121615 25513 9 5 2 
