
10
23302027392238817976263233435350586368723128404655606569737734454151 255 255 255 255 2558044475461667074 2553724 255 255 255 255 2555749362518 255 255 255 255 255 9 52919 1 255 255 255 255 2551735425221 255 255 255 255 255 25548565964 255 255 255 255 255787562677123302027392238817976263233435350586368723128404655606569737734454151 255 255 255 255 2558044475461667074 2553724 255 255 255 255 2555749362518 255 255 255 255 255 9 52919 1 255 255 255 255 2551735425221 255 255 255 255 255 25548565964 255 255 255 255 2557875626771 
10
33252619 853606569732823301843 73144 2557732201634364957 255 2558046414047 255 255 255 255 255 255455551 255 255 255 255 255 255 255545964 255 255 255 255 255 255 25561667074 255 255 255 2553727797881 255 25515 52921 2757167625617354224227672686358485052383933252619 853606569732823301843 73144 2557732201634364957 255 2558046414047 255 255 255 255 255 255455551 255 255 255 255 255 255 255545964 255 255 255 255 255 255 25561667074 255 255 255 2553727797881 255 25515 52921 27571676256173542242276726863584850523839 
10
2129313744 255 255 255 255 255342819421332455461663020 118364957 255 25570474151525964 255 255 255744353606569737780 255 255 255 255 255 255 255 2552726 25581 255 255 2551517 2 2241079 255 255 25533352522234076 255 255 25546485638395058 2557875557162677268632129313744 255 255 255 255 255342819421332455461663020 118364957 255 25570474151525964 255 255 255744353606569737780 255 255 255 255 255 255 255 2552726 25581 255 255 2551517 2 2241079 255 255 25533352522234076 255 255 25546485638395058 255787555716267726863 
10
21242833414655 255 255 255293430374751 255 255 255 2553119133243536065697320 118455461667074774244364957 255 255 255 25580525964 255 255 255 255 255 255 255 255 255 255 255 255 255 255 255 255 255 255 255 255 255686358503940 2558179767248351723387875716762562527222621242833414655 255 255 255293430374751 255 255 255 2553119133243536065697320 118455461667074774244364957 255 255 255 25580525964 255 255 255 255 255 255 255 255 255 255 255 255 255 255 255 255 255 255 255 255 255686358503940 25581797672483517233878757167625625272226 
10
21242833414655 255 255 255293430374751 255 255 255 2553119133243536065697320 118455461667074774244364957 255 255 255 25580525964 255 255 255 255 255 255 255 255 255 255 255 255 255 255 255 255 255 255 255 255 255686358503940 2558179767248351723387875716762562527222621242833414655 255 255 255293430374751 255 255 255 2553119133243536065697320 118455461667074774244364957 255 255 255 25580525964 255 255 255 255 255 255 255 255 255 255 255 255 255 255 255 255 255 255 255 255 255686358503940 25581797672483517233878757167625625272226 
10
21242833414655 255 255 255293430374751 255 255 255 2553119133243536065697320 118455461667074774244364957 255 255 255 25580525964 255 255 255 255 255 255 255 255 255 255 255 255 255 255 255 255 255717578 25540 25581 255 255 255674835172338797672686256252722263950586321242833414655 255 255 255293430374751 255 255 255 2553119133243536065697320 118455461667074774244364957 255 255 255 25580525964 255 255 255 255 255 255 255 255 255 255 255 255 255 255 255 255 255717578 25540 25581 255 255 2556748351723387976726862562527222639505863 
10
24302920 118364957 2552628191332455461667031224342525964 255 25574344139536065697377804438515058636872767947 255 255 2552137 255 255 25581 25510 923 225 255 255 255 255 2551735402715334655 255 255 25548566267717578 255 255 255 255 255 255 255 255 255 255 25524302920 118364957 2552628191332455461667031224342525964 255 25574344139536065697377804438515058636872767947 255 255 2552137 255 255 25581 25510 923 225 255 255 255 255 2551735402715334655 255 255 25548566267717578 255 255 255 255 255 255 255 255 255 255 255 
10
24302920 11836496157262819133245542137663122434210 923 22570344139531735402715334438515260485662674647 2555059656973777155 255 2555864 255 255 255807574 255 25563687276798178 255 255 255 255 255 255 255 255 255 255 255 255 255 255 255 255 255 255 255 255 25524302920 11836496157262819133245542137663122434210 923 22570344139531735402715334438515260485662674647 2555059656973777155 255 2555864 255 255 255807574 255 25563687276798178 255 255 255 255 255 255 255 255 255 255 255 255 255 255 255 255 255 255 255 255 255 
10
24302920 11836496157262819133245542137663122434210 923 22570344139531735402715334438515260485662674647 2555059656973777155 255 2555864 255 255 255807574 255 25563687276798178 255 255 255 255 255 255 255 255 255 255 255 255 255 255 255 255 255 255 255 255 25524302920 11836496157262819133245542137663122434210 923 22570344139531735402715334438515260485662674647 2555059656973777155 255 2555864 255 255 255807574 255 25563687276798178 255 255 255 255 255 255 255 255 255 255 255 255 255 255 255 255 255 255 255 255 255 
10
19201833 3 428 2252126313436174127242237303244473551 2552338 5434554464948564039295360615557 25562675042 25565667074 255 255715852 25569737780 255 255756359 255 255 255 255 255 255 255786864 255 255 255 255 255 255 255 2557276 255 255 255 255 255 255 255 255817919201833 3 428 2252126313436174127242237303244473551 2552338 5434554464948564039295360615557 25562675042 25565667074 255 255715852 25569737780 255 255756359 255 255 255 255 255 255 255786864 255 255 255 255 255 255 255 2557276 255 255 255 255 255 255 255 2558179 
10
1920183649 630435360263133465557 255 255 255653444 255 255 255 2558077736947 255 255 255 2558179767268 255 255 255 255 255 25574706663 255 255 255 255 255 25564596158 255 255 2557578 25538425254 2556267714023 5293950485651412724221437453517 3 428 2252113321920183649 630435360263133465557 255 255 255653444 255 255 255 2558077736947 255 255 255 2558179767268 255 255 255 255 255 25574706663 255 255 255 255 255 25564596158 255 255 2557578 25538425254 2556267714023 5293950485651412724221437453517 3 428 225211332 
10
21321928163447 255 255 25530183110444151 255 255 255203345364957 255 255 255 2553743465461667074 255 255 25553555964 255 255 255 255 255 255606569737780 255 255 2557981 255 255 255 2552524 255 2557675783517 2 226 255 255716762483822272340 57268635658395052422921321928163447 255 255 25530183110444151 255 255 255203345364957 255 255 255 2553743465461667074 255 255 25553555964 255 255 255 255 255 255606569737780 255 255 2557981 255 255 255 2552524 255 2557675783517 2 226 255 255716762483822272340 572686356583950524229 
10
21321928163447 255 255 25530183110444151 255 255 255203345364957 255 255 255 2553743465461667074 255 255 25553555964 255 255 255 255 255 255606569737780 255 255 2557981 255 255 255 2552524 255 2557675783517 2 226 255 255716762483822272340 57268635658395052422921321928163447 255 255 25530183110444151 255 255 255203345364957 255 255 255 2553743465461667074 255 255 25553555964 255 255 255 255 255 255606569737780 255 255 2557981 255 255 255 2552524 255 2557675783517 2 226 255 255716762483822272340 572686356583950524229 
10
21321928163447 255 255 25530183110444151 255 255 255203345364649576480773743252454555965697317 2 2265361606670743822272340 5294252 2553539505863687276798148566267717578 255 255 255 255 255 255 255 255 255 255 255 255 255 255 255 255 255 255 255 255 255 255 25521321928163447 255 255 25530183110444151 255 255 255203345364649576480773743252454555965697317 2 2265361606670743822272340 5294252 2553539505863687276798148566267717578 255 255 255 255 255 255 255 255 255 255 255 255 255 255 255 255 255 255 255 255 255 255 255 
10
21321928163447 255 255 25530183110444151 255 255 255203337364957 255 255 255 255294546555964 255 255 255 25543425461667074 255 255 25553526569737780 255 255 2555860636872767981 255 255503548566267717578 2553817242725 255 255 255 255 2553922 2 2262340 255 255 25521321928163447 255 255 25530183110444151 255 255 255203337364957 255 255 255 255294546555964 255 255 255 25543425461667074 255 255 25553526569737780 255 255 2555860636872767981 255 255503548566267717578 2553817242725 255 255 255 255 2553922 2 2262340 255 255 255 
10
213219281634474151 25530183110442524 255 255 25520334517 2 226 255 255 2553743363822272340 529534654353950586368426055494856626771725265596157 255 255 2557576796964667074 255 25578 25581737780 255 255 255 255 255 255 255 255 255 255 255 255 255 255 255 255 255213219281634474151 25530183110442524 255 255 25520334517 2 226 255 255 2553743363822272340 529534654353950586368426055494856626771725265596157 255 255 2557576796964667074 255 25578 25581737780 255 255 255 255 255 255 255 255 255 255 255 255 255 255 255 255 255 
10
213219281634471424273018311044413922 2 22033373649503817252629454655575158354823434254615964636856405352 255667074 255726267606569737780 255767971 255 255 255 255 255 255 255 2558175 255 255 255 255 255 255 255 255 25578 255 255 255 255 255 255 255 255 255 255213219281634471424273018311044413922 2 22033373649503817252629454655575158354823434254615964636856405352 255667074 255726267606569737780 255767971 255 255 255 255 255 255 255 2558175 255 255 255 255 255 255 255 255 25578 255 255 255 255 255 255 255 255 255 255 
10
213219281634471424273018311044413922 2 22033373649503817252629454655575158354823434254615964636856405352 255667074 255726267606569737780 255767971 255 255 255 255 255 255 255 2558175 255 255 255 255 255 255 255 255 25578 255 255 255 255 255 255 255 255 255 255213219281634471424273018311044413922 2 22033373649503817252629454655575158354823434254615964636856405352 255667074 255726267606569737780 255767971 255 255 255 255 255 255 255 2558175 255 255 255 255 255 255 255 255 25578 255 255 255 255 255 255 255 255 255 255 
10
212618281941163447 25532303143364951 255 255 25520334544536057 255 255 25537465461666569737780 2555559647074 255 255 255 255 255 255 255 255 255 255 255787571 255 255 255 255 255 255 255566267 255 255 255 255 255 2553548524272767981 2553817234029686358503922242725 5212618281941163447 25532303143364951 255 255 25520334544536057 255 255 25537465461666569737780 2555559647074 255 255 255 255 255 255 255 255 255 255 255787571 255 255 255 255 255 255 255566267 255 255 255 255 255 2553548524272767981 2553817234029686358503922242725 5 
10
20341921262415334655273032232210 255 255 255 255252947433738 255 255 255 255313945405360656973774442505461667074 25580 2555258636872767981 255 2555964 255 255 255 255 255 255 2554957 255 255 255 255 255 255 255 255363548566267717578 2551817 8 4284151 255 255 25520341921262415334655273032232210 255 255 255 255252947433738 255 255 255 255313945405360656973774442505461667074 25580 2555258636872767981 255 2555964 255 255 255 255 255 255 2554957 255 255 255 255 255 255 255 255363548566267717578 2551817 8 4284151 255 255 255 
10
20341921262415334655273032232210 255 255 255 255252947433738 255 255 255 255313945405360656973774442505461667074 25580 2555258636872767981 255 2555964 255 255 255 255 255 255 255 255 8 4284151 255 255 255 255 2551718364957 255 255 255 255 2553548566267717578 25520341921262415334655273032232210 255 255 255 255252947433738 255 255 255 255313945405360656973774442505461667074 25580 2555258636872767981 255 2555964 255 255 255 255 255 255 255 255 8 4284151 255 255 255 255 2551718364957 255 255 255 255 2553548566267717578 255 
10
20341921262415334655273032232210 255 255 255 255252947433738 255 255 255 255313945405360656973774442505461667074 25580 2555258636872767981 255 2555964 255 255 255 255 2557875 255 255 255 255 255 255 255 2556771 255 255 255 255 2553548566251 2555749361817 8 4284120341921262415334655273032232210 255 255 255 255252947433738 255 255 255 255313945405360656973774442505461667074 25580 2555258636872767981 255 2555964 255 255 255 255 2557875 255 255 255 255 255 255 255 2556771 255 255 255 255 2553548566251 2555749361817 8 42841 
10
2032 255 255 255 255 255 255 255 255 255 255 255 255 255 255 255 255 255 255 255 255 255 255 255 255 255 2554431 255 255 255 255 2555749361819 255 2554028415137747066 25530435329425245546181473433465559386569795850392721607571677663252422777378646272682326 280173548562032 255 255 255 255 255 255 255 255 255 255 255 255 255 255 255 255 255 255 255 255 255 255 255 255 255 2554431 255 255 255 255 2555749361819 255 2554028415137747066 25530435329425245546181473433465559386569795850392721607571677663252422777378646272682326 28017354856 
10
2032 255 255 255 255 255 255 255 255 255 255 255 255 255 255 255 255 255 255 255 255 255 255 255 255 255 2554431 255 255 255 255 2555749361819 255 2554028415137747066 25530435329425245546181473433465559386569795850392721607571677663252422777378646272682326 280173548562032 255 255 255 255 255 255 255 255 255 255 255 255 255 255 255 255 255 255 255 255 255 255 255 255 255 2554431 255 255 255 255 2555749361819 255 2554028415137747066 25530435329425245546181473433465559386569795850392721607571677663252422777378646272682326 28017354856 
10
2032 255 255 255 255 255 255 255 255 255 255 255 255 255 255 255 255 255 255 255 255 25516 2556661545141 255 255 255 255747038454028 255 255 255 25552422959554657 255 2553747342524233349365343302122 22617441819 050392765693581316863586075716748797672807773786462562032 255 255 255 255 255 255 255 255 255 255 255 255 255 255 255 255 255 255 255 255 25516 2556661545141 255 255 255 255747038454028 255 255 255 25552422959554657 255 2553747342524233349365343302122 22617441819 05039276569358131686358607571674879767280777378646256 
10
2032 255 255 255 255 255 255 255 255 255 255 255 255 255 255 255 255 255 255 255 255 255 255 255 255 255 255 255 25557 255 255 255193144 255 255 2554936185445384028415174706661534330777378524229555934478065753779814633252369677172765039272260646256686358212426 21735482032 255 255 255 255 255 255 255 255 255 255 255 255 255 255 255 255 255 255 255 255 255 255 255 255 255 255 255 25557 255 255 255193144 255 255 2554936185445384028415174706661534330777378524229555934478065753779814633252369677172765039272260646256686358212426 2173548 
10
20382840342522 2 01732454129472123262435 255545142304633273948 255616652435563585056 255 2557074535968606762 255 255 255 255 2553772657164 255 255 255 255 255 25576697578 255 255 255 255 255 25579811973 255 255 255 255 255 255 255183177 255 255 255 255 255574936448020382840342522 2 01732454129472123262435 255545142304633273948 255616652435563585056 255 2557074535968606762 255 255 255 255 2553772657164 255 255 255 255 255 25576697578 255 255 255 255 255 25579811973 255 255 255 255 255 255 255183177 255 255 255 255 2555749364480 
10
255 2554128405850232739 255 2555142296324 22617 255 255 052346821222535 255 255 25537477276798148 255 255 255 255304355463356 255 255 255 255 2555359606762 255 255 255 255 2553238657164 255 255 25518 12045697578 255 255 25536191654616673 255 2555749314474708077 255 2554128405850232739 255 2555142296324 22617 255 255 052346821222535 255 255 25537477276798148 255 255 255 255304355463356 255 255 255 255 2555359606762 255 255 255 255 2553238657164 255 255 25518 12045697578 255 255 25536191654616673 255 2555749314474708077 
10
255 2554128405850232739 255 2555142296324 22617 255 255 052346821222535 255 255 25537477276798148 255 255 255 255304355463356 255 255 255 255 2555359606762 255 255 255 255 2553238657164 255 255 25518 12045697578 255 255 25536191654616673 255 2555749314474708077 255 2554128405850232739 255 2555142296324 22617 255 255 052346821222535 255 255 25537477276798148 255 255 255 255304355463356 255 255 255 255 2555359606762 255 255 255 255 2553238657164 255 255 25518 12045697578 255 255 25536191654616673 255 2555749314474708077 
