
9
10 30 45 55 61 65 68 70 71 2 20 38 51 57 63 67 24 255 3 21 39 50 58 64 5 29 28 4 11 9 19 22 27 25 26 44 1 31 46 56 62 66 69 43 54 12 15 6 23 40 52 59 42 60 14 16 17 36 32 47 41 53 255 13 18 37 34 48 255 255 255 255 33 35 49 255 255 255 255 255 255 END 10 30 45 55 61 65 68 70 71 2 20 38 51 57 63 67 24 255 3 21 39 50 58 64 5 29 28 4 11 9 19 22 27 25 26 44 1 31 46 56 62 66 69 43 54 12 15 6 23 40 52 59 42 60 14 16 17 36 32 47 41 53 255 13 18 37 34 48 255 255 255 255 33 35 49 255 255 255 255 255 255 END 
9
10 30 45 55 61 65 68 70 71 2 20 38 51 57 63 67 24 255 3 21 39 50 58 64 5 29 28 4 11 9 18 37 27 25 26 44 1 31 46 56 62 66 69 43 54 8 12 6 23 40 52 59 42 60 15 14 13 34 48 255 41 53 255 16 17 36 33 32 47 255 255 255 19 22 35 49 255 255 255 255 255 END 10 30 45 55 61 65 68 70 71 2 20 38 51 57 63 67 24 255 3 21 39 50 58 64 5 29 28 4 11 9 18 37 27 25 26 44 1 31 46 56 62 66 69 43 54 8 12 6 23 40 52 59 42 60 15 14 13 34 48 255 41 53 255 16 17 36 33 32 47 255 255 255 19 22 35 49 255 255 255 255 255 END 
9
10 30 45 55 61 65 68 70 71 2 20 38 51 57 63 67 24 255 3 21 39 50 58 64 5 29 28 4 11 9 19 22 27 25 26 44 1 31 46 56 62 66 69 43 54 12 15 6 23 40 52 59 42 60 14 16 17 36 32 47 41 53 255 13 18 37 34 48 255 255 255 255 33 35 49 255 255 255 255 255 255 END 10 30 45 55 61 65 68 70 71 2 20 38 51 57 63 67 24 255 3 21 39 50 58 64 5 29 28 4 11 9 19 22 27 25 26 44 1 31 46 56 62 66 69 43 54 12 15 6 23 40 52 59 42 60 14 16 17 36 32 47 41 53 255 13 18 37 34 48 255 255 255 255 33 35 49 255 255 255 255 255 255 END 
9
21 39 50 58 64 67 68 70 71 3 18 37 31 41 54 43 27 44 6 23 40 52 59 60 25 24 28 1 11 13 17 36 4 29 5 26 12 19 14 33 46 56 62 66 69 16 15 22 30 45 55 61 65 42 35 49 57 63 255 255 255 2 53 32 34 48 255 255 255 255 255 255 47 255 9 20 38 51 255 255 10 END 21 39 50 58 64 67 68 70 71 3 18 37 31 41 54 43 27 44 6 23 40 52 59 60 25 24 28 1 11 13 17 36 4 29 5 26 12 19 14 33 46 56 62 66 69 16 15 22 30 45 55 61 65 42 35 49 57 63 255 255 255 2 53 32 34 48 255 255 255 255 255 255 47 255 9 20 38 51 255 255 10 END 
9
21 39 50 58 64 67 68 70 71 3 18 37 31 41 54 43 27 44 6 23 40 52 59 60 25 24 28 1 11 13 17 36 4 29 5 26 12 19 14 33 46 56 62 66 69 16 15 22 30 45 55 61 65 42 35 49 57 63 255 255 255 2 53 32 34 48 10 255 255 255 255 255 47 255 9 20 38 51 255 255 255 END 21 39 50 58 64 67 68 70 71 3 18 37 31 41 54 43 27 44 6 23 40 52 59 60 25 24 28 1 11 13 17 36 4 29 5 26 12 19 14 33 46 56 62 66 69 16 15 22 30 45 55 61 65 42 35 49 57 63 255 255 255 2 53 32 34 48 10 255 255 255 255 255 47 255 9 20 38 51 255 255 255 END 
9
21 39 50 58 64 67 68 70 71 9 20 38 51 57 63 17 16 36 25 5 28 29 44 1 15 13 35 24 27 22 18 37 12 14 34 49 43 26 23 40 7 19 33 48 255 54 60 42 53 59 32 47 8 255 41 52 4 11 31 46 56 62 66 255 6 255 255 255 255 255 2 69 255 255 255 10 30 45 55 61 65 END 21 39 50 58 64 67 68 70 71 9 20 38 51 57 63 17 16 36 25 5 28 29 44 1 15 13 35 24 27 22 18 37 12 14 34 49 43 26 23 40 7 19 33 48 255 54 60 42 53 59 32 47 8 255 41 52 4 11 31 46 56 62 66 255 6 255 255 255 255 255 2 69 255 255 255 10 30 45 55 61 65 END 
9
21 39 50 58 64 67 68 70 71 6 23 40 52 59 255 255 255 255 2 20 38 51 57 63 255 255 255 3 10 30 45 55 61 65 47 255 5 26 22 18 37 48 32 36 33 27 25 29 42 53 34 12 17 14 24 28 44 41 4 11 31 46 56 43 54 60 255 9 13 15 1 62 255 8 255 49 35 19 16 69 66 END 21 39 50 58 64 67 68 70 71 6 23 40 52 59 255 255 255 255 2 20 38 51 57 63 255 255 255 3 10 30 45 55 61 65 47 255 5 26 22 18 37 48 32 36 33 27 25 29 42 53 34 12 17 14 24 28 44 41 4 11 31 46 56 43 54 60 255 9 13 15 1 62 255 8 255 49 35 19 16 69 66 END 
9
10 30 45 55 61 65 68 70 71 4 11 31 46 56 62 66 69 8 3 21 39 50 58 64 67 16 36 7 23 28 44 40 1 14 17 19 5 24 26 42 53 59 13 15 35 27 18 29 38 51 57 63 12 49 25 22 41 52 9 20 33 34 48 43 54 60 6 255 255 255 32 47 255 37 255 255 255 255 255 255 255 END 10 30 45 55 61 65 68 70 71 4 11 31 46 56 62 66 69 8 3 21 39 50 58 64 67 16 36 7 23 28 44 40 1 14 17 19 5 24 26 42 53 59 13 15 35 27 18 29 38 51 57 63 12 49 25 22 41 52 9 20 33 34 48 43 54 60 6 255 255 255 32 47 255 37 255 255 255 255 255 255 255 END 
9
10 30 45 55 61 65 68 70 71 4 11 31 46 56 62 66 69 35 3 21 39 50 58 64 67 16 36 7 23 28 44 40 1 14 17 19 5 24 26 42 53 59 13 15 49 27 18 29 38 51 57 63 12 34 25 22 41 52 9 20 33 32 48 43 54 60 6 8 255 255 47 255 255 37 255 255 255 255 255 255 255 END 10 30 45 55 61 65 68 70 71 4 11 31 46 56 62 66 69 35 3 21 39 50 58 64 67 16 36 7 23 28 44 40 1 14 17 19 5 24 26 42 53 59 13 15 49 27 18 29 38 51 57 63 12 34 25 22 41 52 9 20 33 32 48 43 54 60 6 8 255 255 47 255 255 37 255 255 255 255 255 255 255 END 
9
10 30 45 55 61 65 68 70 71 4 11 31 46 56 62 66 69 35 3 21 39 50 58 64 67 16 36 7 23 28 44 40 1 14 17 19 5 24 26 42 53 59 13 15 49 27 18 29 38 51 57 63 12 34 25 22 41 52 9 20 33 32 48 43 54 60 6 255 255 255 47 255 255 37 255 255 255 255 255 255 255 END 10 30 45 55 61 65 68 70 71 4 11 31 46 56 62 66 69 35 3 21 39 50 58 64 67 16 36 7 23 28 44 40 1 14 17 19 5 24 26 42 53 59 13 15 49 27 18 29 38 51 57 63 12 34 25 22 41 52 9 20 33 32 48 43 54 60 6 255 255 255 47 255 255 37 255 255 255 255 255 255 255 END 
9
10 30 45 55 61 65 68 70 71 4 11 31 46 56 62 66 69 48 3 21 39 50 58 64 67 15 34 7 23 28 44 40 1 14 17 36 5 24 26 42 53 59 13 19 33 27 18 29 38 8 16 12 32 47 25 22 41 51 57 63 35 49 255 43 54 60 52 9 20 255 255 255 255 37 255 6 255 255 255 255 255 END 10 30 45 55 61 65 68 70 71 4 11 31 46 56 62 66 69 48 3 21 39 50 58 64 67 15 34 7 23 28 44 40 1 14 17 36 5 24 26 42 53 59 13 19 33 27 18 29 38 8 16 12 32 47 25 22 41 51 57 63 35 49 255 43 54 60 52 9 20 255 255 255 255 37 255 6 255 255 255 255 255 END 
9
10 30 45 55 61 65 68 70 71 4 11 31 46 56 62 66 69 35 3 21 39 50 58 64 67 16 36 7 23 28 44 40 1 14 17 19 5 24 26 42 53 59 13 15 49 27 18 29 38 51 57 63 12 34 25 22 41 52 9 20 33 32 48 43 54 60 6 255 255 255 47 255 255 37 255 255 255 255 255 255 255 END 10 30 45 55 61 65 68 70 71 4 11 31 46 56 62 66 69 35 3 21 39 50 58 64 67 16 36 7 23 28 44 40 1 14 17 19 5 24 26 42 53 59 13 15 49 27 18 29 38 51 57 63 12 34 25 22 41 52 9 20 33 32 48 43 54 60 6 255 255 255 47 255 255 37 255 255 255 255 255 255 255 END 
9
10 30 45 55 61 65 68 70 71 4 11 31 46 56 62 66 69 35 3 21 39 50 58 64 67 16 36 7 23 28 44 40 1 14 17 8 5 24 26 42 53 59 13 15 12 27 18 29 38 51 57 63 19 49 25 22 41 52 9 20 33 34 48 43 54 60 6 255 255 255 255 32 255 37 255 255 255 255 255 255 47 END 10 30 45 55 61 65 68 70 71 4 11 31 46 56 62 66 69 35 3 21 39 50 58 64 67 16 36 7 23 28 44 40 1 14 17 8 5 24 26 42 53 59 13 15 12 27 18 29 38 51 57 63 19 49 25 22 41 52 9 20 33 34 48 43 54 60 6 255 255 255 255 32 255 37 255 255 255 255 255 255 47 END 
9
10 30 45 55 61 65 68 70 71 3 21 39 8 6 23 40 52 59 2 20 50 58 64 67 255 255 255 1 38 51 57 63 4 255 255 255 13 12 9 18 37 32 47 25 41 11 19 15 34 48 5 27 29 255 14 17 22 31 28 26 24 43 54 16 36 33 46 56 62 66 69 60 35 49 255 255 44 42 53 255 255 END 10 30 45 55 61 65 68 70 71 3 21 39 8 6 23 40 52 59 2 20 50 58 64 67 255 255 255 1 38 51 57 63 4 255 255 255 13 12 9 18 37 32 47 25 41 11 19 15 34 48 5 27 29 255 14 17 22 31 28 26 24 43 54 16 36 33 46 56 62 66 69 60 35 49 255 255 44 42 53 255 255 END 
9
20 38 51 57 63 67 68 70 71 7 21 39 50 58 64 2 255 255 6 23 40 52 59 32 47 255 8 1 14 13 12 33 46 56 62 66 19 16 17 36 31 4 255 41 69 11 15 22 35 49 255 53 42 24 18 37 34 48 255 44 28 29 25 255 255 255 60 54 43 27 3 26 255 255 10 30 45 55 61 65 5 END 20 38 51 57 63 67 68 70 71 7 21 39 50 58 64 2 255 255 6 23 40 52 59 32 47 255 8 1 14 13 12 33 46 56 62 66 19 16 17 36 31 4 255 41 69 11 15 22 35 49 255 53 42 24 18 37 34 48 255 44 28 29 25 255 255 255 60 54 43 27 3 26 255 255 10 30 45 55 61 65 5 END 
9
10 30 45 55 61 65 68 70 71 6 23 40 52 59 64 67 255 255 3 21 39 50 58 4 255 255 255 1 14 13 17 36 31 255 255 255 11 12 19 22 33 46 56 62 66 18 15 34 48 255 2 20 38 69 16 37 32 47 7 42 53 51 255 8 35 49 57 63 26 24 41 60 255 44 29 28 5 25 27 43 54 END 10 30 45 55 61 65 68 70 71 6 23 40 52 59 64 67 255 255 3 21 39 50 58 4 255 255 255 1 14 13 17 36 31 255 255 255 11 12 19 22 33 46 56 62 66 18 15 34 48 255 2 20 38 69 16 37 32 47 7 42 53 51 255 8 35 49 57 63 26 24 41 60 255 44 29 28 5 25 27 43 54 END 
9
23 40 52 59 64 67 68 70 71 9 20 38 51 57 63 7 255 255 8 10 30 45 55 61 65 255 255 4 11 31 46 56 62 66 69 255 2 26 29 5 28 18 44 34 48 255 42 27 24 25 6 37 19 13 255 53 43 22 41 14 1 16 17 255 255 54 60 39 50 58 15 36 255 47 32 33 3 21 12 35 49 END 23 40 52 59 64 67 68 70 71 9 20 38 51 57 63 7 255 255 8 10 30 45 55 61 65 255 255 4 11 31 46 56 62 66 69 255 2 26 29 5 28 18 44 34 48 255 42 27 24 25 6 37 19 13 255 53 43 22 41 14 1 16 17 255 255 54 60 39 50 58 15 36 255 47 32 33 3 21 12 35 49 END 
9
23 40 52 59 64 67 68 70 71 9 20 38 51 57 63 1 16 19 8 10 30 45 55 61 65 14 17 4 11 31 6 3 21 15 12 13 2 255 46 56 62 66 69 35 36 255 26 29 5 28 18 37 49 33 255 42 27 24 25 44 34 48 32 255 53 43 22 41 7 255 255 47 255 255 54 60 39 50 58 255 255 END 23 40 52 59 64 67 68 70 71 9 20 38 51 57 63 1 16 19 8 10 30 45 55 61 65 14 17 4 11 31 6 3 21 15 12 13 2 255 46 56 62 66 69 35 36 255 26 29 5 28 18 37 49 33 255 42 27 24 25 44 34 48 32 255 53 43 22 41 7 255 255 47 255 255 54 60 39 50 58 255 255 END 
9
23 40 52 59 64 67 68 70 71 9 20 38 51 57 63 1 16 19 8 10 30 45 55 61 65 14 17 4 11 31 6 3 21 15 12 13 2 255 46 56 62 66 69 35 36 255 26 29 5 28 18 37 49 33 255 42 27 24 25 44 34 48 32 255 53 43 22 41 7 255 255 47 255 255 54 60 39 50 58 255 255 END 23 40 52 59 64 67 68 70 71 9 20 38 51 57 63 1 16 19 8 10 30 45 55 61 65 14 17 4 11 31 6 3 21 15 12 13 2 255 46 56 62 66 69 35 36 255 26 29 5 28 18 37 49 33 255 42 27 24 25 44 34 48 32 255 53 43 22 41 7 255 255 47 255 255 54 60 39 50 58 255 255 END 
9
21 39 50 58 64 67 68 70 71 6 23 40 52 59 255 255 255 255 9 20 38 51 57 63 255 255 255 2 18 8 10 30 45 55 61 65 5 28 25 44 41 33 48 36 34 24 22 27 43 54 60 14 17 15 26 29 37 47 32 4 11 31 46 42 53 255 255 13 16 12 1 56 255 255 255 49 35 19 69 66 62 END 21 39 50 58 64 67 68 70 71 6 23 40 52 59 255 255 255 255 9 20 38 51 57 63 255 255 255 2 18 8 10 30 45 55 61 65 5 28 25 44 41 33 48 36 34 24 22 27 43 54 60 14 17 15 26 29 37 47 32 4 11 31 46 42 53 255 255 13 16 12 1 56 255 255 255 49 35 19 69 66 62 END 
9
21 39 50 58 64 67 68 70 71 6 23 40 52 59 255 255 255 255 9 20 38 51 57 63 255 255 255 2 18 8 10 30 45 55 61 65 5 28 25 44 41 33 48 36 34 24 22 27 43 54 60 14 17 15 26 29 37 47 32 4 11 31 46 42 53 255 255 13 16 12 1 56 255 255 255 49 35 19 69 66 62 END 21 39 50 58 64 67 68 70 71 6 23 40 52 59 255 255 255 255 9 20 38 51 57 63 255 255 255 2 18 8 10 30 45 55 61 65 5 28 25 44 41 33 48 36 34 24 22 27 43 54 60 14 17 15 26 29 37 47 32 4 11 31 46 42 53 255 255 13 16 12 1 56 255 255 255 49 35 19 69 66 62 END 
9
21 39 50 58 64 67 68 70 71 6 23 40 52 59 255 255 255 255 9 20 38 51 57 63 48 255 255 2 18 8 10 30 45 55 61 65 5 28 25 44 41 34 49 13 35 24 22 27 43 54 60 15 16 19 26 29 37 47 32 4 11 31 46 42 53 255 33 14 7 12 1 56 255 255 255 255 36 17 69 66 62 END 21 39 50 58 64 67 68 70 71 6 23 40 52 59 255 255 255 255 9 20 38 51 57 63 48 255 255 2 18 8 10 30 45 55 61 65 5 28 25 44 41 34 49 13 35 24 22 27 43 54 60 15 16 19 26 29 37 47 32 4 11 31 46 42 53 255 33 14 7 12 1 56 255 255 255 255 36 17 69 66 62 END 
9
21 39 50 58 64 67 68 70 71 6 23 40 52 59 255 255 255 255 9 20 38 51 57 63 255 255 255 2 18 8 10 30 45 55 61 65 5 28 25 44 41 33 48 36 34 24 22 27 43 54 60 14 17 15 26 29 37 49 35 4 11 31 46 42 53 255 32 13 16 12 1 56 255 255 255 47 7 19 69 66 62 END 21 39 50 58 64 67 68 70 71 6 23 40 52 59 255 255 255 255 9 20 38 51 57 63 255 255 255 2 18 8 10 30 45 55 61 65 5 28 25 44 41 33 48 36 34 24 22 27 43 54 60 14 17 15 26 29 37 49 35 4 11 31 46 42 53 255 32 13 16 12 1 56 255 255 255 47 7 19 69 66 62 END 
9
20 38 51 57 63 67 68 70 71 9 8 10 30 45 55 61 65 255 3 21 39 50 58 64 255 255 255 5 25 29 22 255 255 255 255 255 27 18 23 41 52 47 32 36 255 26 24 43 54 60 4 11 31 46 28 44 40 37 33 14 19 17 56 42 2 255 48 34 13 12 1 62 53 59 6 49 35 16 15 69 66 END 20 38 51 57 63 67 68 70 71 9 8 10 30 45 55 61 65 255 3 21 39 50 58 64 255 255 255 5 25 29 22 255 255 255 255 255 27 18 23 41 52 47 32 36 255 26 24 43 54 60 4 11 31 46 28 44 40 37 33 14 19 17 56 42 2 255 48 34 13 12 1 62 53 59 6 49 35 16 15 69 66 END 
9
20 38 51 57 63 67 68 70 71 9 8 10 30 45 55 61 65 255 3 21 39 50 58 64 255 255 255 5 25 29 22 255 255 47 255 255 27 18 23 41 52 33 32 36 255 26 24 43 54 60 4 11 31 46 28 44 40 37 48 14 19 17 56 42 53 59 6 34 13 12 1 62 255 255 255 49 35 16 15 69 66 END 20 38 51 57 63 67 68 70 71 9 8 10 30 45 55 61 65 255 3 21 39 50 58 64 255 255 255 5 25 29 22 255 255 47 255 255 27 18 23 41 52 33 32 36 255 26 24 43 54 60 4 11 31 46 28 44 40 37 48 14 19 17 56 42 53 59 6 34 13 12 1 62 255 255 255 49 35 16 15 69 66 END 
9
20 38 51 57 63 67 68 70 71 2 255 255 255 255 255 255 255 255 9 8 10 30 45 55 61 65 255 3 21 39 50 58 64 47 255 255 5 25 29 22 33 49 32 34 48 27 18 23 41 52 35 16 15 13 26 24 43 54 60 4 11 31 46 28 44 40 37 14 17 12 1 56 42 53 59 6 36 19 69 66 62 END 20 38 51 57 63 67 68 70 71 2 255 255 255 255 255 255 255 255 9 8 10 30 45 55 61 65 255 3 21 39 50 58 64 47 255 255 5 25 29 22 33 49 32 34 48 27 18 23 41 52 35 16 15 13 26 24 43 54 60 4 11 31 46 28 44 40 37 14 17 12 1 56 42 53 59 6 36 19 69 66 62 END 
9
20 38 51 57 63 67 68 70 71 9 8 10 30 45 55 61 65 255 3 21 39 50 58 64 255 255 255 5 25 29 22 255 255 47 255 255 27 18 23 41 52 33 32 36 255 26 24 43 54 60 4 11 31 46 28 44 40 37 48 14 19 17 56 42 53 59 6 34 13 12 1 62 255 255 255 49 35 16 15 69 66 END 20 38 51 57 63 67 68 70 71 9 8 10 30 45 55 61 65 255 3 21 39 50 58 64 255 255 255 5 25 29 22 255 255 47 255 255 27 18 23 41 52 33 32 36 255 26 24 43 54 60 4 11 31 46 28 44 40 37 48 14 19 17 56 42 53 59 6 34 13 12 1 62 255 255 255 49 35 16 15 69 66 END 
9
20 38 51 57 63 67 68 70 71 9 8 10 30 45 55 61 65 255 3 21 39 50 58 64 255 255 255 5 25 29 22 255 255 47 255 255 27 18 23 41 52 33 32 36 255 26 24 43 54 60 4 11 31 46 28 44 40 37 48 14 19 17 56 42 53 59 6 34 13 12 1 62 255 255 255 49 35 16 15 69 66 END 20 38 51 57 63 67 68 70 71 9 8 10 30 45 55 61 65 255 3 21 39 50 58 64 255 255 255 5 25 29 22 255 255 47 255 255 27 18 23 41 52 33 32 36 255 26 24 43 54 60 4 11 31 46 28 44 40 37 48 14 19 17 56 42 53 59 6 34 13 12 1 62 255 255 255 49 35 16 15 69 66 END 
