
9
321395058 255666967 8 411314656625964 920 7 255 255 255495237 2553851576347333536 255 25560544327324018 255 255 255412522141217 25570442428 51316 165685342 22615 623615548453429301019 321395058 255666967 8 411314656625964 920 7 255 255 255495237 2553851576347333536 255 25560544327324018 255 255 255412522141217 25570442428 51316 165685342 22615 623615548453429301019 
9
321 5282739434454232425182640425053 61422293741335251 411 8103038575859 11317 2204555646016191531366561676312 7 934465662666832354948 255 255 255697047 255 255 255 255 255 255 255 255 321 5282739434454232425182640425053 61422293741335251 411 8103038575859 11317 2204555646016191531366561676312 7 934465662666832354948 255 255 255697047 255 255 255 255 255 255 255 255 
9
321 5282739434454232425182640425053 61422293741335251 411 8103038575859 11317 2204555646016191531366561676312 7 934465662666832354948 255 255 255697047 255 255 255 255 255 255 255 255 321 5282739434454232425182640425053 61422293741335251 411 8103038575859 11317 2204555646016191531366561676312 7 934465662666832354948 255 255 255697047 255 255 255 255 255 255 255 255 
9
11 72131 220 255 25570 8101534465662666916 1171948 25568676312141336 2556561646032 333 25557515559583547 255 255 64445535449 255 255392830 94252 255 25541242223264050 255382925 52718374311 72131 220 255 25570 8101534465662666916 1171948 25568676312141336 2556561646032 333 25557515559583547 255 255 64445535449 255 255392830 94252 255 25541242223264050 255382925 527183743 
9
2029 8103851576367 32122 73045556165 5232839405058646825182637445259 255702724 24253 255 255 255 2554143 6 255 25536 255 255 255 255546048341733494769 25546311519141335666256 411 11612322029 8103851576367 32122 73045556165 5232839405058646825182637445259 255702724 24253 255 255 255 2554143 6 255 25536 255 255 255 255546048341733494769 25546311519141335666256 411 1161232 
9
2126 2203942505367 3 525233840515864222729183743525763 62824 941 4545968 1141216324760 25570171511443549 255 255 2551319313448 7 8103036334656626669 25545 255 255 255 255 255 2556561552126 2203942505367 3 525233840515864222729183743525763 62824 941 4545968 1141216324760 25570171511443549 255 255 2551319313448 7 8103036334656626669 25545 255 255 255 255 255 255656155 
9
18 321 220 7 255 255 255 5242629394253 255 255232228 81038 255 255 2552725 44131111319 63730 94446 1 11512404354515616141732505259606235333436586470696649574847 255 2556867656361554518 321 220 7 255 255 255 5242629394253 255 255232228 81038 255 255 2552725 44131111319 63730 94446 1 11512404354515616141732505259606235333436586470696649574847 255 25568676563615545 
9
21 339505864676870 41131464856626669 62340345259 255 255 255 9201538515763 255 255 1 2131837 255 255 255 25519141736222844 255 25512163325 527435460323541262429554530474965425361 7 81021 339505864676870 41131464856626669 62340345259 255 255 255 9201538515763 255 255 1 2131837 255 255 255 25519141736222844 255 25512163325 527435460323541262429554530474965425361 7 810 
9
21 1171314333645 255 2201819 62337405215121639 81030 2555927 5242638425157632925283235505370683422 34447495864674341 255 255 255 255 2556966485460 255 255 255 2555662556165 255 4113146 921 1171314333645 255 2201819 62337405215121639 81030 2555927 5242638425157632925283235505370683422 34447495864674341 255 255 255 255 2556966485460 255 255 255 2555662556165 255 4113146 9 
9
23 240525964626766 61030455556616568 411 8314650587069 3211239323747 255 25514 11718283644 255 255151916 5262541 255 25533132224274253 255 25534 92029435460 255 25548 7353849515763 25523 240525964626766 61030455556616568 411 8314650587069 3211239323747 255 25514 11718283644 255 255151916 5262541 255 25533132224274253 255 25534 92029435460 255 25548 7353849515763 255 
9
234032524647596467 41131393650565862 3211213 8 920385114 117182829376866151916 5262244706933 61024274253 255 25534 7302541435460 25548 23545556165 255 255 255 255495763 255 255 255 255234032524647596467 41131393650565862 3211213 8 920385114 117182829376866151916 5262244706933 61024274253 255 25534 7302541435460 25548 23545556165 255 255 255 255495763 255 255 255 255 
9
23 740524647596467 411 8313250566266 3211229393758696814 11718283644 25570151916 526 610304533132224274253 2555534 92025414354606148 2353851 255 255 25565 255 255495763 255 255 255 25523 740524647596467 411 8313250566266 3211229393758696814 11718283644 25570151916 526 610304533132224274253 2555534 92025414354606148 2353851 255 255 25565 255 255495763 255 255 255 255 
9
234052596467687071 411314656626669 255 321395058 2 7 255 255 528 920385157634929252644425335161922242743546014 112184137 255 255331713153045556165 255363234 255 255 610 255 255 2554748234052596467687071 411314656626669 255 321395058 2 7 255 255 528 920385157634929252644425335161922242743546014 112184137 255 255331713153045556165 255363234 255 255 610 255 255 2554748 
9
234052596467687071 411314656626669 255 321395058 2 7 255 255 528 920385157634929252644425335161922242743546014 112184137 255 255331713153045556165 255363234 255 25510 255 255 255 2554748234052596467687071 411314656626669 255 321395058 2 7 255 255 528 920385157634929252644425335161922242743546014 112184137 255 255331713153045556165 255363234 255 25510 255 255 255 2554748 
9
234052596467687071 411314656626669 255 321395058 2 7 255 255 528 920385157634929252644425335161922242743546014 112184137 255 255331713153045556165 255363234 255 25510 255 255 255 2554748234052596467687071 411314656626669 255 321395058 2 7 255 255 528 920385157634929252644425335161922242743546014 112184137 255 255331713153045556165 255363234 255 25510 255 255 255 2554748 
9
234052596467687071 411314656626669 255 321395058 2 7 255 255 528 920385157634929252644425335161922242743546014 112184137 255 255331713153045556165 255363234 255 255 255 255 25510 64748234052596467687071 411314656626669 255 321395058 2 7 255 255 528 920385157634929252644425335161922242743546014 112184137 255 255331713153045556165 255363234 255 255 255 255 25510 64748 
9
213950586467687071 411314656626669 255 8103045556165 255 255 72528 526242340 255 22038515763425359414427291837 9324752 25543224819 61233 255 25554603415 11349 255 255 255 2553617161435213950586467687071 411314656626669 255 8103045556165 255 255 72528 526242340 255 22038515763425359414427291837 9324752 25543224819 61233 255 25554603415 11349 255 255 255 2553617161435 
9
213950586467687071 411314656626669 255 8103045556165 255 255 72528 526242340 255 22038515763425359414427291837 9324752 25543224819 61233 255 25554603415 11349 255 255 255 2553617161435213950586467687071 411314656626669 255 8103045556165 255 255 72528 526242340 255 22038515763425359414427291837 9324752 25543224819 61233 255 25554603415 11349 255 255 255 2553617161435 
9
213950586467687071 411314656626669 3 8103045556165 255 255 72528 526242340 255 22038515763425359414427291837 9324752 25543224819 61233 255 25554603415 11349 255 255 255 2553617161435213950586467687071 411314656626669 3 8103045556165 255 255 72528 526242340 255 22038515763425359414427291837 9324752 25543224819 61233 255 25554603415 11349 255 255 255 2553617161435 
9
213950586467687071 411314656626669 255 8103045556165 255 3 72528 526242340 255 22038515763425359414427291837 9324752 25543224819 61233 255 25554603415 11349 255 255 255 2553617161435213950586467687071 411314656626669 255 8103045556165 255 3 72528 526242340 255 22038515763425359414427291837 9324752 25543224819 61233 255 25554603415 11349 255 255 255 2553617161435 
9
213950586467687071 411314656626669 255 8103045556165 255 255 72528 526242340 255 22038515763425359414427291837 9324752 25543224819 61233 255 25554603415 11349 255 255 255 2553617161435213950586467687071 411314656626669 255 8103045556165 255 255 72528 526242340 255 22038515763425359414427291837 9324752 25543224819 61233 255 25554603415 11349 255 255 255 2553617161435 
9
213950586467687071 411314656626669 255 8103045556165 255 255 72528 526242340 255 22038515763425359414427291837 9324752 25543224819 61233 255 25554603415 11349 255 255 255 2553617161435213950586467687071 411314656626669 255 8103045556165 255 255 72528 526242340 255 22038515763425359414427291837 9324752 25543224819 61233 255 25554603415 11349 255 255 255 2553617161435 
9
213950586467687071 411314656626669 255 8103045556165 255 255 72528 526242340 255 22038515763425359414427291837 9324752 25543224819 61233 255 25554603415 11349 255 255 255 2553617161435213950586467687071 411314656626669 255 8103045556165 255 255 72528 526242340 255 22038515763425359414427291837 9324752 25543224819 61233 255 25554603415 11349 255 255 255 2553617161435 
9
213950586467687071 411314656626669 255 8103045556165 255 255 72528 526242340 255 22038515763425359414427291837 9324752 25543224819 61233 255 25554603415 11349 255 255 255 2553617161435213950586467687071 411314656626669 255 8103045556165 255 255 72528 526242340 255 22038515763425359414427291837 9324752 25543224819 61233 255 25554603415 11349 255 255 255 2553617161435 
9
203851576367687071 72139505864244253 116191736 623405215141822 4 5262559131137334656626669123549 255 828 3294134483247 2552744 255 25531 255 255 255 255435460 255 255 255 255656155453010203851576367687071 72139505864244253 116191736 623405215141822 4 5262559131137334656626669123549 255 828 3294134483247 2552744 255 25531 255 255 255 255435460 255 255 255 255656155453010 
