
7
14 5 7203037 2551124173438 255 255 821253126 25543 61915 922323910 4 313 1182823162927354136 212334045444214 5 7203037 2551124173438 255 255 821253126 25543 61915 922323910 4 313 1182823162927354136 2123340454442 
7
14 5 7203037 25511241734424445 82125382818 1 619312936 922102315 4 3133233 2121627353940 25526 255 255414314 5 7203037 25511241734424445 82125382818 1 619312936 922102315 4 3133233 2121627353940 25526 255 2554143 
7
14 5 7203037 25511241725264339 8211534 92232 619 4 313 1181023163138 2552829 21227354136 2553340 25545444214 5 7203037 25511241725264339 8211534 92232 619 4 313 1181023163138 2552829 21227354136 2553340 255454442 
7
12112416 2 7201023 9221415 8 517333426 421 6192527323130 3132940353937 255 11828363843 255 255 2554541424412112416 2 7201023 9221415 8 517333426 421 6192527323130 3132940353937 255 11828363843 255 255 25545414244 
7
10233340 255 255 255 4 5 234454443 31124 6192942 8211727313541 113162532383914 012 72030371815 92226283610233340 255 255 255 4 5 234454443 31124 6192942 8211727313541 113162532383914 012 72030371815 922262836 
7
14 7203037 255 255 9222510233340112432394143 25534 5172735 2 25545 1181613 338442815 4 6192942362612 8213114 7203037 255 255 9222510233340112432394143 25534 5172735 2 25545 1181613 338442815 4 6192942362612 82131 
7
14 7203037 255 255 9222510233340112432394143 25534 5172735 2 25545 1181613 338442815 4 6192942362612 8213114 7203037 255 255 9222510233340112432394143 25534 5172735 2 25545 1181613 338442815 4 6192942362612 82131 
7
13 21211242734 8211615312638 414 310233340 922 720303735 1 5173239434118252836424445 61929 255 255 255 25513 21211242734 8211615312638 414 310233340 922 720303735 1 5173239434118252836424445 61929 255 255 255 255 
7
13 5173138 255 255 821 7203037 255 414 22526 25545 9221511243444 1 3102333404118161232273542 619282939364313 5173138 255 255 821 7203037 255 414 22526 25545 9221511243444 1 3102333404118161232273542 6192829393643 
7
133115122638 255 821 310233340 4141611242735 922 720303441 1 517323937 2551825 23643 255 255 6192829424445133115122638 255 821 310233340 4141611242735 922 720303441 1 517323937 2551825 23643 255 255 6192829424445 
7
21313823334024 4202512 81434 5 2551916131526 7 255 327303729 9 11735413239 255182810112243 255 25536424445 221313823334024 4202512 81434 5 2551916131526 7 255 327303729 9 11735413239 255182810112243 255 25536424445 2 
